Log file open, 03/22/20 15:16:24
LogWindows: Failed to load 'aqProf.dll' (GetLastError=126)
LogWindows: File 'aqProf.dll' does not exist
LogWindows: Failed to load 'VtuneApi.dll' (GetLastError=126)
LogWindows: File 'VtuneApi.dll' does not exist
LogWindows: Failed to load 'VtuneApi32e.dll' (GetLastError=126)
LogWindows: File 'VtuneApi32e.dll' does not exist
LogConsoleResponse: Display: Failed to find resolution value strings in scalability ini. Falling back to default.
LogInit: Display: Running engine for game: Lolilandia02
LogPlatformFile: Not using cached read wrapper
LogTaskGraph: Started task graph with 5 named threads and 35 total threads with 3 sets of task threads.
LogStats: Stats thread started at 0.062464
LogD3D11RHI: Loaded GFSDK_Aftermath_Lib.x64.dll
LogICUInternationalization: ICU TimeZone Detection - Raw Offset: -5:00, Platform Override: ''
LogPluginManager: Mounting plugin Paper2D
LogPluginManager: Mounting plugin AISupport
LogPluginManager: Mounting plugin LightPropagationVolume
LogPluginManager: Mounting plugin ActorLayerUtilities
LogPluginManager: Mounting plugin AnimationSharing
LogPluginManager: Mounting plugin CLionSourceCodeAccess
LogPluginManager: Mounting plugin CodeLiteSourceCodeAccess
LogPluginManager: Mounting plugin GitSourceControl
LogPluginManager: Mounting plugin KDevelopSourceCodeAccess
LogPluginManager: Mounting plugin NullSourceCodeAccess
LogPluginManager: Mounting plugin PerforceSourceControl
LogPluginManager: Mounting plugin PlasticSourceControl
LogPluginManager: Mounting plugin SubversionSourceControl
LogPluginManager: Mounting plugin UObjectPlugin
LogPluginManager: Mounting plugin VisualStudioCodeSourceCodeAccess
LogPluginManager: Mounting plugin VisualStudioSourceCodeAccess
LogPluginManager: Mounting plugin XCodeSourceCodeAccess
LogPluginManager: Mounting plugin AssetManagerEditor
LogPluginManager: Mounting plugin CryptoKeys
LogPluginManager: Mounting plugin CurveEditorTools
LogPluginManager: Mounting plugin DataValidation
LogPluginManager: Mounting plugin FacialAnimation
LogPluginManager: Mounting plugin GameplayTagsEditor
LogPluginManager: Mounting plugin MacGraphicsSwitching
LogPluginManager: Mounting plugin MaterialAnalyzer
LogPluginManager: Mounting plugin MobileLauncherProfileWizard
LogPluginManager: Mounting plugin PluginBrowser
LogPluginManager: Mounting plugin SpeedTreeImporter
LogPluginManager: Mounting plugin DatasmithContent
LogPluginManager: Mounting plugin VariantManagerContent
LogPluginManager: Mounting plugin AlembicImporter
LogPluginManager: Mounting plugin AutomationUtils
LogPluginManager: Mounting plugin BackChannel
LogPluginManager: Mounting plugin CharacterAI
LogPluginManager: Mounting plugin GeometryCache
LogPluginManager: Mounting plugin PlatformCrypto
LogPluginManager: Mounting plugin ProxyLODPlugin
LogPluginManager: Mounting plugin SkeletalReduction
LogPluginManager: Mounting plugin MagicLeap
LogPluginManager: Mounting plugin MagicLeapMedia
LogPluginManager: Mounting plugin MLSDK
LogPluginManager: Mounting plugin AndroidMedia
LogPluginManager: Mounting plugin AvfMedia
LogPluginManager: Mounting plugin ImgMedia
LogPluginManager: Mounting plugin MediaCompositing
LogPluginManager: Mounting plugin MediaPlayerEditor
LogPluginManager: Mounting plugin WebMMedia
LogPluginManager: Mounting plugin WmfMedia
LogPluginManager: Mounting plugin TcpMessaging
LogPluginManager: Mounting plugin UdpMessaging
LogPluginManager: Mounting plugin ActorSequence
LogPluginManager: Mounting plugin LevelSequenceEditor
LogPluginManager: Mounting plugin MatineeToLevelSequence
LogPluginManager: Mounting plugin NetcodeUnitTest
LogPluginManager: Mounting plugin NUTUnrealEngine4
LogPluginManager: Mounting plugin OnlineSubsystemGooglePlay
LogPluginManager: Mounting plugin OnlineSubsystemIOS
LogPluginManager: Mounting plugin OnlineSubsystem
LogPluginManager: Mounting plugin OnlineSubsystemNull
LogPluginManager: Mounting plugin OnlineSubsystemUtils
LogPluginManager: Mounting plugin LauncherChunkInstaller
LogPluginManager: Mounting plugin AndroidDeviceProfileSelector
LogPluginManager: Mounting plugin AndroidMoviePlayer
LogPluginManager: Mounting plugin AndroidPermission
LogPluginManager: Mounting plugin AppleImageUtils
LogPluginManager: Mounting plugin AppleMoviePlayer
LogPluginManager: Mounting plugin ArchVisCharacter
LogPluginManager: Mounting plugin AssetTags
LogPluginManager: Mounting plugin AudioCapture
LogPluginManager: Mounting plugin CableComponent
LogPluginManager: Mounting plugin CustomMeshComponent
LogPluginManager: Mounting plugin EditableMesh
LogPluginManager: Mounting plugin ExampleDeviceProfileSelector
LogPluginManager: Mounting plugin GoogleCloudMessaging
LogPluginManager: Mounting plugin IOSDeviceProfileSelector
LogPluginManager: Mounting plugin LinuxDeviceProfileSelector
LogPluginManager: Mounting plugin LocationServicesBPLibrary
LogPluginManager: Mounting plugin MobilePatchingUtils
LogPluginManager: Mounting plugin OculusVR
LogPluginManager: Mounting plugin PhysXVehicles
LogPluginManager: Mounting plugin PostSplashScreen
LogPluginManager: Mounting plugin ProceduralMeshComponent
LogPluginManager: Mounting plugin RuntimePhysXCooking
LogPluginManager: Mounting plugin SignificanceManager
LogPluginManager: Mounting plugin SteamVR
LogPluginManager: Mounting plugin WebMMoviePlayer
LogPluginManager: Mounting plugin WindowsMoviePlayer
LogPluginManager: Mounting plugin ScreenshotTools
LogInit: Using libcurl 7.55.1-DEV
LogInit:  - built for x86_64-pc-win32
LogInit:  - supports SSL with OpenSSL/1.1.1
LogInit:  - supports HTTP deflate (compression) using libz 1.2.8
LogInit:  - other features:
LogInit:      CURL_VERSION_SSL
LogInit:      CURL_VERSION_LIBZ
LogInit:      CURL_VERSION_IPV6
LogInit:      CURL_VERSION_ASYNCHDNS
LogInit:      CURL_VERSION_LARGEFILE
LogInit:      CURL_VERSION_IDN
LogInit:  CurlRequestOptions (configurable via config and command line):
LogInit:  - bVerifyPeer = true  - Libcurl will verify peer certificate
LogInit:  - bUseHttpProxy = false  - Libcurl will NOT use HTTP proxy
LogInit:  - bDontReuseConnections = false  - Libcurl will reuse connections
LogInit:  - MaxHostConnections = 16  - Libcurl will limit the number of connections to a host
LogInit:  - LocalHostAddr = Default
LogInit:  - BufferSize = 65536
LogOnline: OSS: Creating online subsystem instance for: NULL
LogInit: WinSock: version 1.1 (2.2), MaxSocks=32767, MaxUdp=65467
LogOnline: OSS: TryLoadSubsystemAndSetDefault: Loaded subsystem for module [NULL]
LogInit: Build: ++UE4+Release-4.24-CL-10757647
LogInit: Engine Version: 4.24.1-10757647+++UE4+Release-4.24
LogInit: Compatible Engine Version: 4.24.0-10570792+++UE4+Release-4.24
LogInit: Net CL: 10570792
LogInit: OS: Windows 10 (Release 1903) (), CPU: Intel(R) Core(TM) i7-8750H CPU @ 2.20GHz, GPU: Intel(R) UHD Graphics 630
LogInit: Compiled (64-bit): Dec 17 2019 02:08:03
LogInit: Compiled with Visual C++: 19.16.27032.01
LogInit: Build Configuration: Development
LogInit: Branch Name: ++UE4+Release-4.24
LogInit: Command Line: 
LogInit: Base Directory: D:/Epic Games/UE_4.24/Engine/Binaries/Win64/
LogInit: Installed Engine Build: 1
LogDevObjectVersion: Number of dev versions registered: 25
LogDevObjectVersion:   Dev-Blueprints (B0D832E4-1F89-4F0D-ACCF-7EB736FD4AA2): 10
LogDevObjectVersion:   Dev-Build (E1C64328-A22C-4D53-A36C-8E866417BD8C): 0
LogDevObjectVersion:   Dev-Core (375EC13C-06E4-48FB-B500-84F0262A717E): 3
LogDevObjectVersion:   Dev-Editor (E4B068ED-F494-42E9-A231-DA0B2E46BB41): 37
LogDevObjectVersion:   Dev-Framework (CFFC743F-43B0-4480-9391-14DF171D2073): 36
LogDevObjectVersion:   Dev-Mobile (B02B49B5-BB20-44E9-A304-32B752E40360): 2
LogDevObjectVersion:   Dev-Networking (A4E4105C-59A1-49B5-A7C5-40C4547EDFEE): 0
LogDevObjectVersion:   Dev-Online (39C831C9-5AE6-47DC-9A44-9C173E1C8E7C): 0
LogDevObjectVersion:   Dev-Physics (78F01B33-EBEA-4F98-B9B4-84EACCB95AA2): 2
LogDevObjectVersion:   Dev-Platform (6631380F-2D4D-43E0-8009-CF276956A95A): 0
LogDevObjectVersion:   Dev-Rendering (12F88B9F-8875-4AFC-A67C-D90C383ABD29): 36
LogDevObjectVersion:   Dev-Sequencer (7B5AE74C-D270-4C10-A958-57980B212A5A): 11
LogDevObjectVersion:   Dev-VR (D7296918-1DD6-4BDD-9DE2-64A83CC13884): 2
LogDevObjectVersion:   Dev-LoadTimes (C2A15278-BFE7-4AFE-6C17-90FF531DF755): 1
LogDevObjectVersion:   Private-Geometry (6EACA3D4-40EC-4CC1-B786-8BED09428FC5): 3
LogDevObjectVersion:   Dev-AnimPhys (29E575DD-E0A3-4627-9D10-D276232CDCEA): 17
LogDevObjectVersion:   Dev-Anim (AF43A65D-7FD3-4947-9873-3E8ED9C1BB05): 2
LogDevObjectVersion:   Dev-ReflectionCapture (6B266CEC-1EC7-4B8F-A30B-E4D90942FC07): 1
LogDevObjectVersion:   Dev-Automation (0DF73D61-A23F-47EA-B727-89E90C41499A): 1
LogDevObjectVersion:   FortniteMain (601D1886-AC64-4F84-AA16-D3DE0DEAC7D6): 31
LogDevObjectVersion:   Dev-Enterprise (9DFFBCD6-494F-0158-E221-12823C92A888): 8
LogDevObjectVersion:   Dev-Niagara (F2AED0AC-9AFE-416F-8664-AA7FFA26D6FC): 1
LogDevObjectVersion:   Dev-Destruction (174F1F0B-B4C6-45A5-B13F-2EE8D0FB917D): 9
LogDevObjectVersion:   Dev-Physics-Ext (35F94A83-E258-406C-A318-09F59610247C): 8
LogDevObjectVersion:   Dev-CineCamera (B2E18506-4273-CFC2-A54E-F4BB758BBA07): 1
LogInit: Presizing for max 25165824 objects, including 0 objects not considered by GC, pre-allocating 0 bytes for permanent pool.
LogInit: Object subsystem initialized
LogConfig: Setting CVar [[con.DebugEarlyDefault:1]]
LogConfig: Setting CVar [[r.setres:1280x720]]
[2020.03.22-20.16.25:079][  0]LogConfig: Setting CVar [[r.VSync:0]]
[2020.03.22-20.16.25:079][  0]LogConfig: Setting CVar [[r.RHICmdBypass:0]]
[2020.03.22-20.16.25:079][  0]LogConfig: Applying CVar settings from Section [/Script/Engine.RendererSettings] File [D:/Epic Games/mis proyectos/Lolis4ever/Saved/Config/Windows/Engine.ini]
[2020.03.22-20.16.25:079][  0]LogConfig: Setting CVar [[r.GPUCrashDebugging:0]]
[2020.03.22-20.16.25:079][  0]LogConfig: Applying CVar settings from Section [/Script/Engine.RendererOverrideSettings] File [D:/Epic Games/mis proyectos/Lolis4ever/Saved/Config/Windows/Engine.ini]
[2020.03.22-20.16.25:079][  0]LogConfig: Applying CVar settings from Section [/Script/Engine.StreamingSettings] File [D:/Epic Games/mis proyectos/Lolis4ever/Saved/Config/Windows/Engine.ini]
[2020.03.22-20.16.25:079][  0]LogConfig: Setting CVar [[s.MinBulkDataSizeForAsyncLoading:131072]]
[2020.03.22-20.16.25:079][  0]LogConfig: Setting CVar [[s.AsyncLoadingThreadEnabled:0]]
[2020.03.22-20.16.25:079][  0]LogConfig: Setting CVar [[s.EventDrivenLoaderEnabled:1]]
[2020.03.22-20.16.25:079][  0]LogConfig: Setting CVar [[s.WarnIfTimeLimitExceeded:0]]
[2020.03.22-20.16.25:079][  0]LogConfig: Setting CVar [[s.TimeLimitExceededMultiplier:1.5]]
[2020.03.22-20.16.25:079][  0]LogConfig: Setting CVar [[s.TimeLimitExceededMinTime:0.005]]
[2020.03.22-20.16.25:079][  0]LogConfig: Setting CVar [[s.UseBackgroundLevelStreaming:1]]
[2020.03.22-20.16.25:079][  0]LogConfig: Setting CVar [[s.PriorityAsyncLoadingExtraTime:15.0]]
[2020.03.22-20.16.25:079][  0]LogConfig: Setting CVar [[s.LevelStreamingActorsUpdateTimeLimit:5.0]]
[2020.03.22-20.16.25:079][  0]LogConfig: Setting CVar [[s.PriorityLevelStreamingActorsUpdateExtraTime:5.0]]
[2020.03.22-20.16.25:079][  0]LogConfig: Setting CVar [[s.LevelStreamingComponentsRegistrationGranularity:10]]
[2020.03.22-20.16.25:079][  0]LogConfig: Setting CVar [[s.UnregisterComponentsTimeLimit:1.0]]
[2020.03.22-20.16.25:079][  0]LogConfig: Setting CVar [[s.LevelStreamingComponentsUnregistrationGranularity:5]]
[2020.03.22-20.16.25:079][  0]LogConfig: Setting CVar [[s.FlushStreamingOnExit:1]]
[2020.03.22-20.16.25:079][  0]LogConfig: Applying CVar settings from Section [/Script/Engine.GarbageCollectionSettings] File [D:/Epic Games/mis proyectos/Lolis4ever/Saved/Config/Windows/Engine.ini]
[2020.03.22-20.16.25:079][  0]LogConfig: Setting CVar [[gc.MaxObjectsNotConsideredByGC:1]]
[2020.03.22-20.16.25:079][  0]LogConfig: Setting CVar [[gc.SizeOfPermanentObjectPool:0]]
[2020.03.22-20.16.25:079][  0]LogConfig: Setting CVar [[gc.FlushStreamingOnGC:0]]
[2020.03.22-20.16.25:079][  0]LogConfig: Setting CVar [[gc.NumRetriesBeforeForcingGC:10]]
[2020.03.22-20.16.25:079][  0]LogConfig: Setting CVar [[gc.AllowParallelGC:1]]
[2020.03.22-20.16.25:079][  0]LogConfig: Setting CVar [[gc.TimeBetweenPurgingPendingKillObjects:61.1]]
[2020.03.22-20.16.25:079][  0]LogConfig: Setting CVar [[gc.MaxObjectsInEditor:25165824]]
[2020.03.22-20.16.25:079][  0]LogConfig: Setting CVar [[gc.IncrementalBeginDestroyEnabled:1]]
[2020.03.22-20.16.25:079][  0]LogConfig: Setting CVar [[gc.CreateGCClusters:1]]
[2020.03.22-20.16.25:079][  0]LogConfig: Setting CVar [[gc.MinGCClusterSize:5]]
[2020.03.22-20.16.25:079][  0]LogConfig: Setting CVar [[gc.ActorClusteringEnabled:0]]
[2020.03.22-20.16.25:079][  0]LogConfig: Setting CVar [[gc.BlueprintClusteringEnabled:0]]
[2020.03.22-20.16.25:079][  0]LogConfig: Setting CVar [[gc.UseDisregardForGCOnDedicatedServers:0]]
[2020.03.22-20.16.25:079][  0]LogConfig: Applying CVar settings from Section [/Script/Engine.NetworkSettings] File [D:/Epic Games/mis proyectos/Lolis4ever/Saved/Config/Windows/Engine.ini]
[2020.03.22-20.16.25:079][  0]LogConfig: Applying CVar settings from Section [/Script/UnrealEd.CookerSettings] File [D:/Epic Games/mis proyectos/Lolis4ever/Saved/Config/Windows/Engine.ini]
[2020.03.22-20.16.25:082][  0]LogConfig: Applying CVar settings from Section [ViewDistanceQuality@3] File [D:/Epic Games/mis proyectos/Lolis4ever/Saved/Config/Windows/Scalability.ini]
[2020.03.22-20.16.25:082][  0]LogConfig: Setting CVar [[r.SkeletalMeshLODBias:0]]
[2020.03.22-20.16.25:082][  0]LogConfig: Setting CVar [[r.ViewDistanceScale:1.0]]
[2020.03.22-20.16.25:082][  0]LogConfig: Applying CVar settings from Section [AntiAliasingQuality@3] File [D:/Epic Games/mis proyectos/Lolis4ever/Saved/Config/Windows/Scalability.ini]
[2020.03.22-20.16.25:082][  0]LogConfig: Setting CVar [[r.PostProcessAAQuality:4]]
[2020.03.22-20.16.25:082][  0]LogConfig: Applying CVar settings from Section [ShadowQuality@3] File [D:/Epic Games/mis proyectos/Lolis4ever/Saved/Config/Windows/Scalability.ini]
[2020.03.22-20.16.25:082][  0]LogConfig: Setting CVar [[r.LightFunctionQuality:1]]
[2020.03.22-20.16.25:082][  0]LogConfig: Setting CVar [[r.ShadowQuality:5]]
[2020.03.22-20.16.25:082][  0]LogConfig: Setting CVar [[r.Shadow.CSM.MaxCascades:10]]
[2020.03.22-20.16.25:082][  0]LogConfig: Setting CVar [[r.Shadow.MaxResolution:2048]]
[2020.03.22-20.16.25:082][  0]LogConfig: Setting CVar [[r.Shadow.MaxCSMResolution:2048]]
[2020.03.22-20.16.25:082][  0]LogConfig: Setting CVar [[r.Shadow.RadiusThreshold:0.01]]
[2020.03.22-20.16.25:082][  0]LogConfig: Setting CVar [[r.Shadow.DistanceScale:1.0]]
[2020.03.22-20.16.25:082][  0]LogConfig: Setting CVar [[r.Shadow.CSM.TransitionScale:1.0]]
[2020.03.22-20.16.25:082][  0]LogConfig: Setting CVar [[r.Shadow.PreShadowResolutionFactor:1.0]]
[2020.03.22-20.16.25:082][  0]LogConfig: Setting CVar [[r.DistanceFieldShadowing:1]]
[2020.03.22-20.16.25:082][  0]LogConfig: Setting CVar [[r.DistanceFieldAO:1]]
[2020.03.22-20.16.25:082][  0]LogConfig: Setting CVar [[r.AOQuality:2]]
[2020.03.22-20.16.25:082][  0]LogConfig: Setting CVar [[r.VolumetricFog:1]]
[2020.03.22-20.16.25:082][  0]LogConfig: Setting CVar [[r.VolumetricFog.GridPixelSize:8]]
[2020.03.22-20.16.25:082][  0]LogConfig: Setting CVar [[r.VolumetricFog.GridSizeZ:128]]
[2020.03.22-20.16.25:082][  0]LogConfig: Setting CVar [[r.VolumetricFog.HistoryMissSupersampleCount:4]]
[2020.03.22-20.16.25:082][  0]LogConfig: Setting CVar [[r.LightMaxDrawDistanceScale:1]]
[2020.03.22-20.16.25:082][  0]LogConfig: Setting CVar [[r.CapsuleShadows:1]]
[2020.03.22-20.16.25:082][  0]LogConfig: Applying CVar settings from Section [PostProcessQuality@3] File [D:/Epic Games/mis proyectos/Lolis4ever/Saved/Config/Windows/Scalability.ini]
[2020.03.22-20.16.25:082][  0]LogConfig: Setting CVar [[r.MotionBlurQuality:4]]
[2020.03.22-20.16.25:083][  0]LogConfig: Setting CVar [[r.AmbientOcclusionMipLevelFactor:0.4]]
[2020.03.22-20.16.25:083][  0]LogConfig: Setting CVar [[r.AmbientOcclusionMaxQuality:100]]
[2020.03.22-20.16.25:083][  0]LogConfig: Setting CVar [[r.AmbientOcclusionLevels:-1]]
[2020.03.22-20.16.25:083][  0]LogConfig: Setting CVar [[r.AmbientOcclusionRadiusScale:1.0]]
[2020.03.22-20.16.25:083][  0]LogConfig: Setting CVar [[r.DepthOfFieldQuality:2]]
[2020.03.22-20.16.25:083][  0]LogConfig: Setting CVar [[r.RenderTargetPoolMin:400]]
[2020.03.22-20.16.25:083][  0]LogConfig: Setting CVar [[r.LensFlareQuality:2]]
[2020.03.22-20.16.25:083][  0]LogConfig: Setting CVar [[r.SceneColorFringeQuality:1]]
[2020.03.22-20.16.25:083][  0]LogConfig: Setting CVar [[r.EyeAdaptationQuality:2]]
[2020.03.22-20.16.25:083][  0]LogConfig: Setting CVar [[r.BloomQuality:5]]
[2020.03.22-20.16.25:083][  0]LogConfig: Setting CVar [[r.FastBlurThreshold:100]]
[2020.03.22-20.16.25:083][  0]LogConfig: Setting CVar [[r.Upscale.Quality:3]]
[2020.03.22-20.16.25:083][  0]LogConfig: Setting CVar [[r.Tonemapper.GrainQuantization:1]]
[2020.03.22-20.16.25:083][  0]LogConfig: Setting CVar [[r.LightShaftQuality:1]]
[2020.03.22-20.16.25:083][  0]LogConfig: Setting CVar [[r.Filter.SizeScale:1]]
[2020.03.22-20.16.25:083][  0]LogConfig: Setting CVar [[r.Tonemapper.Quality:5]]
[2020.03.22-20.16.25:083][  0]LogConfig: Setting CVar [[r.DOF.Gather.AccumulatorQuality:1        ; higher gathering accumulator quality]]
[2020.03.22-20.16.25:083][  0]LogConfig: Setting CVar [[r.DOF.Gather.PostfilterMethod:1          ; Median3x3 postfilering method]]
[2020.03.22-20.16.25:083][  0]LogConfig: Setting CVar [[r.DOF.Gather.EnableBokehSettings:0       ; no bokeh simulation when gathering]]
[2020.03.22-20.16.25:083][  0]LogConfig: Setting CVar [[r.DOF.Gather.RingCount:4                 ; medium number of samples when gathering]]
[2020.03.22-20.16.25:083][  0]LogConfig: Setting CVar [[r.DOF.Scatter.ForegroundCompositing:1    ; additive foreground scattering]]
[2020.03.22-20.16.25:083][  0]LogConfig: Setting CVar [[r.DOF.Scatter.BackgroundCompositing:2    ; additive background scattering]]
[2020.03.22-20.16.25:083][  0]LogConfig: Setting CVar [[r.DOF.Scatter.EnableBokehSettings:1      ; bokeh simulation when scattering]]
[2020.03.22-20.16.25:083][  0]LogConfig: Setting CVar [[r.DOF.Scatter.MaxSpriteRatio:0.1         ; only a maximum of 10% of scattered bokeh]]
[2020.03.22-20.16.25:083][  0]LogConfig: Setting CVar [[r.DOF.Recombine.Quality:1                ; cheap slight out of focus]]
[2020.03.22-20.16.25:083][  0]LogConfig: Setting CVar [[r.DOF.Recombine.EnableBokehSettings:0    ; no bokeh simulation on slight out of focus]]
[2020.03.22-20.16.25:083][  0]LogConfig: Setting CVar [[r.DOF.TemporalAAQuality:1                ; more stable temporal accumulation]]
[2020.03.22-20.16.25:083][  0]LogConfig: Setting CVar [[r.DOF.Kernel.MaxForegroundRadius:0.025]]
[2020.03.22-20.16.25:083][  0]LogConfig: Setting CVar [[r.DOF.Kernel.MaxBackgroundRadius:0.025]]
[2020.03.22-20.16.25:083][  0]LogConfig: Applying CVar settings from Section [TextureQuality@3] File [D:/Epic Games/mis proyectos/Lolis4ever/Saved/Config/Windows/Scalability.ini]
[2020.03.22-20.16.25:083][  0]LogConfig: Setting CVar [[r.Streaming.MipBias:0]]
[2020.03.22-20.16.25:083][  0]LogConfig: Setting CVar [[r.Streaming.AmortizeCPUToGPUCopy:0]]
[2020.03.22-20.16.25:083][  0]LogConfig: Setting CVar [[r.Streaming.MaxNumTexturesToStreamPerFrame:0]]
[2020.03.22-20.16.25:083][  0]LogConfig: Setting CVar [[r.Streaming.Boost:1]]
[2020.03.22-20.16.25:083][  0]LogConfig: Setting CVar [[r.MaxAnisotropy:8]]
[2020.03.22-20.16.25:083][  0]LogConfig: Setting CVar [[r.VT.MaxAnisotropy:8]]
[2020.03.22-20.16.25:083][  0]LogConfig: Setting CVar [[r.Streaming.LimitPoolSizeToVRAM:0]]
[2020.03.22-20.16.25:083][  0]LogConfig: Setting CVar [[r.Streaming.PoolSize:1000]]
[2020.03.22-20.16.25:083][  0]LogConfig: Setting CVar [[r.Streaming.MaxEffectiveScreenSize:0]]
[2020.03.22-20.16.25:083][  0]LogConfig: Applying CVar settings from Section [EffectsQuality@3] File [D:/Epic Games/mis proyectos/Lolis4ever/Saved/Config/Windows/Scalability.ini]
[2020.03.22-20.16.25:083][  0]LogConfig: Setting CVar [[r.TranslucencyLightingVolumeDim:64]]
[2020.03.22-20.16.25:083][  0]LogConfig: Setting CVar [[r.RefractionQuality:2]]
[2020.03.22-20.16.25:083][  0]LogConfig: Setting CVar [[r.SSR.Quality:3]]
[2020.03.22-20.16.25:083][  0]LogConfig: Setting CVar [[r.SSR.HalfResSceneColor:0]]
[2020.03.22-20.16.25:083][  0]LogConfig: Setting CVar [[r.SceneColorFormat:4]]
[2020.03.22-20.16.25:083][  0]LogConfig: Setting CVar [[r.DetailMode:2]]
[2020.03.22-20.16.25:083][  0]LogConfig: Setting CVar [[r.TranslucencyVolumeBlur:1]]
[2020.03.22-20.16.25:083][  0]LogConfig: Setting CVar [[r.MaterialQualityLevel:1 ; High quality]]
[2020.03.22-20.16.25:083][  0]LogConfig: Setting CVar [[r.SSS.Scale:1]]
[2020.03.22-20.16.25:083][  0]LogConfig: Setting CVar [[r.SSS.SampleSet:2]]
[2020.03.22-20.16.25:083][  0]LogConfig: Setting CVar [[r.SSS.Quality:1]]
[2020.03.22-20.16.25:083][  0]LogConfig: Setting CVar [[r.SSS.HalfRes:1]]
[2020.03.22-20.16.25:083][  0]LogConfig: Setting CVar [[r.SSGI.Quality:3]]
[2020.03.22-20.16.25:083][  0]LogConfig: Setting CVar [[r.EmitterSpawnRateScale:1.0]]
[2020.03.22-20.16.25:083][  0]LogConfig: Setting CVar [[r.ParticleLightQuality:2]]
[2020.03.22-20.16.25:083][  0]LogConfig: Setting CVar [[r.SkyAtmosphere.AerialPerspectiveLUT.FastApplyOnOpaque:1 ; Always have FastSkyLUT 1 in this case to avoid wrong sky]]
[2020.03.22-20.16.25:083][  0]LogConfig: Setting CVar [[r.SkyAtmosphere.AerialPerspectiveLUT.SampleCountPerSlice:1]]
[2020.03.22-20.16.25:083][  0]LogConfig: Setting CVar [[r.SkyAtmosphere.AerialPerspectiveLUT.DepthResolution:16.0]]
[2020.03.22-20.16.25:083][  0]LogConfig: Setting CVar [[r.SkyAtmosphere.FastSkyLUT:1]]
[2020.03.22-20.16.25:083][  0]LogConfig: Setting CVar [[r.SkyAtmosphere.FastSkyLUT.SampleCountMin:4.0]]
[2020.03.22-20.16.25:083][  0]LogConfig: Setting CVar [[r.SkyAtmosphere.FastSkyLUT.SampleCountMax:32.0]]
[2020.03.22-20.16.25:083][  0]LogConfig: Setting CVar [[r.SkyAtmosphere.SampleCountMin:4.0]]
[2020.03.22-20.16.25:083][  0]LogConfig: Setting CVar [[r.SkyAtmosphere.SampleCountMax:32.0]]
[2020.03.22-20.16.25:083][  0]LogConfig: Setting CVar [[r.SkyAtmosphere.TransmittanceLUT.UseSmallFormat:0]]
[2020.03.22-20.16.25:083][  0]LogConfig: Setting CVar [[r.SkyAtmosphere.TransmittanceLUT.SampleCount:10.0]]
[2020.03.22-20.16.25:083][  0]LogConfig: Setting CVar [[r.SkyAtmosphere.MultiScatteringLUT.SampleCount:15.0]]
[2020.03.22-20.16.25:083][  0]LogConfig: Applying CVar settings from Section [FoliageQuality@3] File [D:/Epic Games/mis proyectos/Lolis4ever/Saved/Config/Windows/Scalability.ini]
[2020.03.22-20.16.25:083][  0]LogConfig: Setting CVar [[foliage.DensityScale:1.0]]
[2020.03.22-20.16.25:083][  0]LogConfig: Setting CVar [[grass.DensityScale:1.0]]
[2020.03.22-20.16.25:083][  0]LogConfig: Applying CVar settings from Section [ShadingQuality@3] File [D:/Epic Games/mis proyectos/Lolis4ever/Saved/Config/Windows/Scalability.ini]
[2020.03.22-20.16.25:083][  0]LogConfig: Setting CVar [[r.HairStrands.SkyLighting.SampleCount:16]]
[2020.03.22-20.16.25:083][  0]LogConfig: Setting CVar [[r.HairStrands.SkyLighting.JitterIntegration:0]]
[2020.03.22-20.16.25:084][  0]LogConfig: Setting CVar [[r.HairStrands.SkyAO.SampleCount:16]]
[2020.03.22-20.16.25:084][  0]LogInit: Selected Device Profile: [Windows]
[2020.03.22-20.16.25:084][  0]LogInit: Applying CVar settings loaded from the selected device profile: [Windows]
[2020.03.22-20.16.25:086][  0]LogHAL: Display: Platform has ~ 16 GB [17014509568 / 17179869184 / 16], which maps to Larger [LargestMinGB=32, LargerMinGB=12, DefaultMinGB=8, SmallerMinGB=6, SmallestMinGB=0)
[2020.03.22-20.16.25:086][  0]LogInit: Going up to parent DeviceProfile []
[2020.03.22-20.16.25:086][  0]LogConfig: Applying CVar settings from Section [ViewDistanceQuality@2] File [D:/Epic Games/mis proyectos/Lolis4ever/Saved/Config/Windows/Scalability.ini]
[2020.03.22-20.16.25:086][  0]LogConfig: Setting CVar [[r.SkeletalMeshLODBias:0]]
[2020.03.22-20.16.25:086][  0]LogConfig: Setting CVar [[r.ViewDistanceScale:0.8]]
[2020.03.22-20.16.25:086][  0]LogConfig: Applying CVar settings from Section [AntiAliasingQuality@2] File [D:/Epic Games/mis proyectos/Lolis4ever/Saved/Config/Windows/Scalability.ini]
[2020.03.22-20.16.25:086][  0]LogConfig: Setting CVar [[r.PostProcessAAQuality:3]]
[2020.03.22-20.16.25:086][  0]LogConfig: Applying CVar settings from Section [ShadowQuality@2] File [D:/Epic Games/mis proyectos/Lolis4ever/Saved/Config/Windows/Scalability.ini]
[2020.03.22-20.16.25:086][  0]LogConfig: Setting CVar [[r.LightFunctionQuality:1]]
[2020.03.22-20.16.25:086][  0]LogConfig: Setting CVar [[r.ShadowQuality:5]]
[2020.03.22-20.16.25:086][  0]LogConfig: Setting CVar [[r.Shadow.CSM.MaxCascades:4]]
[2020.03.22-20.16.25:086][  0]LogConfig: Setting CVar [[r.Shadow.MaxResolution:1024]]
[2020.03.22-20.16.25:086][  0]LogConfig: Setting CVar [[r.Shadow.MaxCSMResolution:2048]]
[2020.03.22-20.16.25:086][  0]LogConfig: Setting CVar [[r.Shadow.RadiusThreshold:0.04]]
[2020.03.22-20.16.25:086][  0]LogConfig: Setting CVar [[r.Shadow.DistanceScale:0.85]]
[2020.03.22-20.16.25:086][  0]LogConfig: Setting CVar [[r.Shadow.CSM.TransitionScale:0.8]]
[2020.03.22-20.16.25:086][  0]LogConfig: Setting CVar [[r.Shadow.PreShadowResolutionFactor:0.5]]
[2020.03.22-20.16.25:086][  0]LogConfig: Setting CVar [[r.DistanceFieldShadowing:1]]
[2020.03.22-20.16.25:086][  0]LogConfig: Setting CVar [[r.DistanceFieldAO:1]]
[2020.03.22-20.16.25:086][  0]LogConfig: Setting CVar [[r.AOQuality:1]]
[2020.03.22-20.16.25:086][  0]LogConfig: Setting CVar [[r.VolumetricFog:1]]
[2020.03.22-20.16.25:086][  0]LogConfig: Setting CVar [[r.VolumetricFog.GridPixelSize:16]]
[2020.03.22-20.16.25:086][  0]LogConfig: Setting CVar [[r.VolumetricFog.GridSizeZ:64]]
[2020.03.22-20.16.25:086][  0]LogConfig: Setting CVar [[r.VolumetricFog.HistoryMissSupersampleCount:4]]
[2020.03.22-20.16.25:086][  0]LogConfig: Setting CVar [[r.LightMaxDrawDistanceScale:1]]
[2020.03.22-20.16.25:086][  0]LogConfig: Setting CVar [[r.CapsuleShadows:1]]
[2020.03.22-20.16.25:086][  0]LogConfig: Applying CVar settings from Section [PostProcessQuality@2] File [D:/Epic Games/mis proyectos/Lolis4ever/Saved/Config/Windows/Scalability.ini]
[2020.03.22-20.16.25:086][  0]LogConfig: Setting CVar [[r.MotionBlurQuality:3]]
[2020.03.22-20.16.25:086][  0]LogConfig: Setting CVar [[r.AmbientOcclusionMipLevelFactor:0.6]]
[2020.03.22-20.16.25:086][  0]LogConfig: Setting CVar [[r.AmbientOcclusionMaxQuality:100]]
[2020.03.22-20.16.25:086][  0]LogConfig: Setting CVar [[r.AmbientOcclusionLevels:-1]]
[2020.03.22-20.16.25:086][  0]LogConfig: Setting CVar [[r.AmbientOcclusionRadiusScale:1.5]]
[2020.03.22-20.16.25:086][  0]LogConfig: Setting CVar [[r.DepthOfFieldQuality:2]]
[2020.03.22-20.16.25:086][  0]LogConfig: Setting CVar [[r.RenderTargetPoolMin:400]]
[2020.03.22-20.16.25:086][  0]LogConfig: Setting CVar [[r.LensFlareQuality:2]]
[2020.03.22-20.16.25:086][  0]LogConfig: Setting CVar [[r.SceneColorFringeQuality:1]]
[2020.03.22-20.16.25:086][  0]LogConfig: Setting CVar [[r.EyeAdaptationQuality:2]]
[2020.03.22-20.16.25:086][  0]LogConfig: Setting CVar [[r.BloomQuality:5]]
[2020.03.22-20.16.25:086][  0]LogConfig: Setting CVar [[r.FastBlurThreshold:3]]
[2020.03.22-20.16.25:086][  0]LogConfig: Setting CVar [[r.Upscale.Quality:2]]
[2020.03.22-20.16.25:086][  0]LogConfig: Setting CVar [[r.Tonemapper.GrainQuantization:1]]
[2020.03.22-20.16.25:086][  0]LogConfig: Setting CVar [[r.LightShaftQuality:1]]
[2020.03.22-20.16.25:086][  0]LogConfig: Setting CVar [[r.Filter.SizeScale:0.8]]
[2020.03.22-20.16.25:086][  0]LogConfig: Setting CVar [[r.Tonemapper.Quality:5]]
[2020.03.22-20.16.25:086][  0]LogConfig: Setting CVar [[r.DOF.Gather.AccumulatorQuality:0        ; lower gathering accumulator quality]]
[2020.03.22-20.16.25:086][  0]LogConfig: Setting CVar [[r.DOF.Gather.PostfilterMethod:2          ; Max3x3 postfilering method]]
[2020.03.22-20.16.25:086][  0]LogConfig: Setting CVar [[r.DOF.Gather.EnableBokehSettings:0       ; no bokeh simulation when gathering]]
[2020.03.22-20.16.25:086][  0]LogConfig: Setting CVar [[r.DOF.Gather.RingCount:4                 ; medium number of samples when gathering]]
[2020.03.22-20.16.25:086][  0]LogConfig: Setting CVar [[r.DOF.Scatter.ForegroundCompositing:1    ; additive foreground scattering]]
[2020.03.22-20.16.25:086][  0]LogConfig: Setting CVar [[r.DOF.Scatter.BackgroundCompositing:1    ; no background occlusion]]
[2020.03.22-20.16.25:086][  0]LogConfig: Setting CVar [[r.DOF.Scatter.EnableBokehSettings:0      ; no bokeh simulation when scattering]]
[2020.03.22-20.16.25:086][  0]LogConfig: Setting CVar [[r.DOF.Scatter.MaxSpriteRatio:0.04        ; only a maximum of 4% of scattered bokeh]]
[2020.03.22-20.16.25:086][  0]LogConfig: Setting CVar [[r.DOF.Recombine.Quality:0                ; no slight out of focus]]
[2020.03.22-20.16.25:086][  0]LogConfig: Setting CVar [[r.DOF.TemporalAAQuality:0                ; faster temporal accumulation]]
[2020.03.22-20.16.25:086][  0]LogConfig: Setting CVar [[r.DOF.Kernel.MaxForegroundRadius:0.012   ; required because of AccumulatorQuality=0]]
[2020.03.22-20.16.25:086][  0]LogConfig: Setting CVar [[r.DOF.Kernel.MaxBackgroundRadius:0.012   ; required because of AccumulatorQuality=0]]
[2020.03.22-20.16.25:086][  0]LogConfig: Applying CVar settings from Section [TextureQuality@2] File [D:/Epic Games/mis proyectos/Lolis4ever/Saved/Config/Windows/Scalability.ini]
[2020.03.22-20.16.25:086][  0]LogConfig: Setting CVar [[r.Streaming.MipBias:0]]
[2020.03.22-20.16.25:086][  0]LogConfig: Setting CVar [[r.Streaming.AmortizeCPUToGPUCopy:0]]
[2020.03.22-20.16.25:087][  0]LogConfig: Setting CVar [[r.Streaming.MaxNumTexturesToStreamPerFrame:0]]
[2020.03.22-20.16.25:087][  0]LogConfig: Setting CVar [[r.Streaming.Boost:1]]
[2020.03.22-20.16.25:087][  0]LogConfig: Setting CVar [[r.MaxAnisotropy:4]]
[2020.03.22-20.16.25:087][  0]LogConfig: Setting CVar [[r.VT.MaxAnisotropy:8]]
[2020.03.22-20.16.25:087][  0]LogConfig: Setting CVar [[r.Streaming.LimitPoolSizeToVRAM:1]]
[2020.03.22-20.16.25:087][  0]LogConfig: Setting CVar [[r.Streaming.PoolSize:800]]
[2020.03.22-20.16.25:087][  0]LogConfig: Setting CVar [[r.Streaming.MaxEffectiveScreenSize:0]]
[2020.03.22-20.16.25:087][  0]LogConfig: Applying CVar settings from Section [EffectsQuality@2] File [D:/Epic Games/mis proyectos/Lolis4ever/Saved/Config/Windows/Scalability.ini]
[2020.03.22-20.16.25:087][  0]LogConfig: Setting CVar [[r.TranslucencyLightingVolumeDim:48]]
[2020.03.22-20.16.25:087][  0]LogConfig: Setting CVar [[r.RefractionQuality:2]]
[2020.03.22-20.16.25:087][  0]LogConfig: Setting CVar [[r.SSR.Quality:2]]
[2020.03.22-20.16.25:087][  0]LogConfig: Setting CVar [[r.SSR.HalfResSceneColor:1]]
[2020.03.22-20.16.25:087][  0]LogConfig: Setting CVar [[r.SceneColorFormat:3]]
[2020.03.22-20.16.25:087][  0]LogConfig: Setting CVar [[r.DetailMode:1]]
[2020.03.22-20.16.25:087][  0]LogConfig: Setting CVar [[r.TranslucencyVolumeBlur:1]]
[2020.03.22-20.16.25:087][  0]LogConfig: Setting CVar [[r.MaterialQualityLevel:1 ; High quality]]
[2020.03.22-20.16.25:087][  0]LogConfig: Setting CVar [[r.SSS.Scale:1]]
[2020.03.22-20.16.25:087][  0]LogConfig: Setting CVar [[r.SSS.SampleSet:1]]
[2020.03.22-20.16.25:087][  0]LogConfig: Setting CVar [[r.SSS.Quality:-1]]
[2020.03.22-20.16.25:087][  0]LogConfig: Setting CVar [[r.SSS.HalfRes:1]]
[2020.03.22-20.16.25:087][  0]LogConfig: Setting CVar [[r.SSGI.Quality:2]]
[2020.03.22-20.16.25:087][  0]LogConfig: Setting CVar [[r.EmitterSpawnRateScale:0.5]]
[2020.03.22-20.16.25:087][  0]LogConfig: Setting CVar [[r.ParticleLightQuality:1]]
[2020.03.22-20.16.25:087][  0]LogConfig: Setting CVar [[r.SkyAtmosphere.AerialPerspectiveLUT.FastApplyOnOpaque:1 ; Always have FastSkyLUT 1 in this case to avoid wrong sky]]
[2020.03.22-20.16.25:087][  0]LogConfig: Setting CVar [[r.SkyAtmosphere.AerialPerspectiveLUT.SampleCountPerSlice:1]]
[2020.03.22-20.16.25:087][  0]LogConfig: Setting CVar [[r.SkyAtmosphere.AerialPerspectiveLUT.DepthResolution:16.0]]
[2020.03.22-20.16.25:087][  0]LogConfig: Setting CVar [[r.SkyAtmosphere.FastSkyLUT:1]]
[2020.03.22-20.16.25:087][  0]LogConfig: Setting CVar [[r.SkyAtmosphere.FastSkyLUT.SampleCountMin:4.0]]
[2020.03.22-20.16.25:087][  0]LogConfig: Setting CVar [[r.SkyAtmosphere.FastSkyLUT.SampleCountMax:32.0]]
[2020.03.22-20.16.25:087][  0]LogConfig: Setting CVar [[r.SkyAtmosphere.SampleCountMin:4.0]]
[2020.03.22-20.16.25:087][  0]LogConfig: Setting CVar [[r.SkyAtmosphere.SampleCountMax:32.0]]
[2020.03.22-20.16.25:087][  0]LogConfig: Setting CVar [[r.SkyAtmosphere.TransmittanceLUT.UseSmallFormat:0]]
[2020.03.22-20.16.25:087][  0]LogConfig: Setting CVar [[r.SkyAtmosphere.TransmittanceLUT.SampleCount:10.0]]
[2020.03.22-20.16.25:087][  0]LogConfig: Setting CVar [[r.SkyAtmosphere.MultiScatteringLUT.SampleCount:15.0]]
[2020.03.22-20.16.25:087][  0]LogConfig: Applying CVar settings from Section [FoliageQuality@2] File [D:/Epic Games/mis proyectos/Lolis4ever/Saved/Config/Windows/Scalability.ini]
[2020.03.22-20.16.25:087][  0]LogConfig: Setting CVar [[foliage.DensityScale:0.8]]
[2020.03.22-20.16.25:087][  0]LogConfig: Setting CVar [[grass.DensityScale:0.8]]
[2020.03.22-20.16.25:087][  0]LogConfig: Applying CVar settings from Section [ShadingQuality@2] File [D:/Epic Games/mis proyectos/Lolis4ever/Saved/Config/Windows/Scalability.ini]
[2020.03.22-20.16.25:087][  0]LogConfig: Setting CVar [[r.HairStrands.SkyLighting.SampleCount:16]]
[2020.03.22-20.16.25:087][  0]LogConfig: Setting CVar [[r.HairStrands.SkyLighting.JitterIntegration:0]]
[2020.03.22-20.16.25:087][  0]LogConfig: Setting CVar [[r.HairStrands.SkyAO.SampleCount:16]]
[2020.03.22-20.16.25:087][  0]LogConfig: Applying CVar settings from Section [Startup] File [../../../Engine/Config/ConsoleVariables.ini]
[2020.03.22-20.16.25:087][  0]LogConfig: Setting CVar [[net.UseAdaptiveNetUpdateFrequency:0]]
[2020.03.22-20.16.25:087][  0]LogConfig: Setting CVar [[p.chaos.AllowCreatePhysxBodies:1]]
[2020.03.22-20.16.25:087][  0]LogConfig: Applying CVar settings from Section [ConsoleVariables] File [D:/Epic Games/mis proyectos/Lolis4ever/Saved/Config/Windows/Engine.ini]
[2020.03.22-20.16.25:087][  0]LogInit: Computer: SKDIY-PREDATOR
[2020.03.22-20.16.25:087][  0]LogInit: User: SKDI
[2020.03.22-20.16.25:087][  0]LogInit: CPU Page size=4096, Cores=6
[2020.03.22-20.16.25:087][  0]LogInit: High frequency timer resolution =10.000000 MHz
[2020.03.22-20.16.25:088][  0]LogMemory: Memory total: Physical=15.8GB (16GB approx)
[2020.03.22-20.16.25:088][  0]LogMemory: Platform Memory Stats for Windows
[2020.03.22-20.16.25:088][  0]LogMemory: Process Physical Memory: 106.70 MB used, 106.71 MB peak
[2020.03.22-20.16.25:088][  0]LogMemory: Process Virtual Memory: 101.87 MB used, 101.87 MB peak
[2020.03.22-20.16.25:088][  0]LogMemory: Physical Memory: 6819.13 MB used,  9407.17 MB free, 16226.30 MB total
[2020.03.22-20.16.25:088][  0]LogMemory: Virtual Memory: 5124.86 MB used,  134212600.00 MB free, 134217728.00 MB total
[2020.03.22-20.16.25:091][  0]LogWindows: WindowsPlatformFeatures enabled
[2020.03.22-20.16.25:110][  0]LogInit: Using OS detected language (es-ES).
[2020.03.22-20.16.25:110][  0]LogInit: Using OS detected locale (es-PE).
[2020.03.22-20.16.25:111][  0]LogTextLocalizationManager: No specific localization for 'es-ES' exists, so the 'es' localization will be used.
[2020.03.22-20.16.25:141][  0]LogInit: Setting process to per monitor DPI aware
[2020.03.22-20.16.25:184][  0]LogSlate: New Slate User Created.  User Index 0, Is Virtual User: 0
[2020.03.22-20.16.25:184][  0]LogSlate: Slate User Registered.  User Index 0, Is Virtual User: 0
[2020.03.22-20.16.25:350][  0]LogHMD: Failed to initialize OpenVR with code 110
[2020.03.22-20.16.25:350][  0]LogD3D11RHI: D3D11 min allowed feature level: 11_0
[2020.03.22-20.16.25:350][  0]LogD3D11RHI: D3D11 max allowed feature level: 11_0
[2020.03.22-20.16.25:350][  0]LogD3D11RHI: D3D11 adapters:
[2020.03.22-20.16.25:411][  0]LogD3D11RHI:    0. 'NVIDIA GeForce GTX 1060' (Feature Level 11_0)
[2020.03.22-20.16.25:411][  0]LogD3D11RHI:       6061/0/8113 MB DedicatedVideo/DedicatedSystem/SharedSystem, Outputs:1, VendorId:0x10de
[2020.03.22-20.16.25:423][  0]LogD3D11RHI:    1. 'Intel(R) UHD Graphics 630' (Feature Level 11_0)
[2020.03.22-20.16.25:423][  0]LogD3D11RHI:       128/0/8113 MB DedicatedVideo/DedicatedSystem/SharedSystem, Outputs:0, VendorId:0x8086
[2020.03.22-20.16.25:427][  0]LogD3D11RHI:    2. 'Microsoft Basic Render Driver' (Feature Level 11_0)
[2020.03.22-20.16.25:427][  0]LogD3D11RHI:       0/0/8113 MB DedicatedVideo/DedicatedSystem/SharedSystem, Outputs:0, VendorId:0x1414
[2020.03.22-20.16.25:427][  0]LogD3D11RHI: Chosen D3D11 Adapter: 0
[2020.03.22-20.16.25:473][  0]LogD3D11RHI: Creating new Direct3DDevice
[2020.03.22-20.16.25:473][  0]LogD3D11RHI:     GPU DeviceId: 0x1c20 (for the marketing name, search the web for "GPU Device Id")
[2020.03.22-20.16.25:473][  0]LogWindows: EnumDisplayDevices:
[2020.03.22-20.16.25:473][  0]LogWindows:    0. 'Intel(R) UHD Graphics 630' (P:1 D:1)
[2020.03.22-20.16.25:474][  0]LogWindows:    1. 'Intel(R) UHD Graphics 630' (P:0 D:0)
[2020.03.22-20.16.25:474][  0]LogWindows:    2. 'Intel(R) UHD Graphics 630' (P:0 D:0)
[2020.03.22-20.16.25:474][  0]LogWindows:    3. 'NVIDIA GeForce GTX 1060' (P:0 D:0)
[2020.03.22-20.16.25:475][  0]LogWindows: DebugString: PrimaryIsNotTheChoosenAdapter PrimaryIsNotTheChoosenAdapter PrimaryIsNotTheChoosenAdapter 
[2020.03.22-20.16.25:475][  0]LogD3D11RHI:     Adapter Name: NVIDIA GeForce GTX 1060
[2020.03.22-20.16.25:475][  0]LogD3D11RHI:   Driver Version: 388.73 (internal:23.21.13.8873, unified:388.73)
[2020.03.22-20.16.25:475][  0]LogD3D11RHI:      Driver Date: 12-18-2017
[2020.03.22-20.16.25:475][  0]LogRHI: Texture pool is 4242 MB (70% of 6061 MB)
[2020.03.22-20.16.25:499][  0]LogD3D11RHI: RHI has support for 64 bit atomics
[2020.03.22-20.16.25:499][  0]LogD3D11RHI: Async texture creation enabled
[2020.03.22-20.16.25:510][  0]LogD3D11RHI: GPU Timing Frequency: 1000.000000 (Debug: 2 1)
[2020.03.22-20.16.25:826][  0]LogTargetPlatformManager: Display: Loaded TargetPlatform 'AllDesktop'
[2020.03.22-20.16.25:851][  0]LogTargetPlatformManager: Display: Loaded TargetPlatform 'Android'
[2020.03.22-20.16.25:851][  0]LogTargetPlatformManager: Display: Loaded TargetPlatform 'Android_ASTC'
[2020.03.22-20.16.25:851][  0]LogTargetPlatformManager: Display: Loaded TargetPlatform 'Android_ATC'
[2020.03.22-20.16.25:851][  0]LogTargetPlatformManager: Display: Loaded TargetPlatform 'Android_DXT'
[2020.03.22-20.16.25:851][  0]LogTargetPlatformManager: Display: Loaded TargetPlatform 'Android_ETC1'
[2020.03.22-20.16.25:851][  0]LogTargetPlatformManager: Display: Loaded TargetPlatform 'Android_ETC1a'
[2020.03.22-20.16.25:851][  0]LogTargetPlatformManager: Display: Loaded TargetPlatform 'Android_ETC2'
[2020.03.22-20.16.25:851][  0]LogTargetPlatformManager: Display: Loaded TargetPlatform 'Android_PVRTC'
[2020.03.22-20.16.25:851][  0]LogTargetPlatformManager: Display: Loaded TargetPlatform 'AndroidClient'
[2020.03.22-20.16.25:851][  0]LogTargetPlatformManager: Display: Loaded TargetPlatform 'Android_ASTCClient'
[2020.03.22-20.16.25:851][  0]LogTargetPlatformManager: Display: Loaded TargetPlatform 'Android_ATCClient'
[2020.03.22-20.16.25:851][  0]LogTargetPlatformManager: Display: Loaded TargetPlatform 'Android_DXTClient'
[2020.03.22-20.16.25:851][  0]LogTargetPlatformManager: Display: Loaded TargetPlatform 'Android_ETC1Client'
[2020.03.22-20.16.25:851][  0]LogTargetPlatformManager: Display: Loaded TargetPlatform 'Android_ETC1aClient'
[2020.03.22-20.16.25:851][  0]LogTargetPlatformManager: Display: Loaded TargetPlatform 'Android_ETC2Client'
[2020.03.22-20.16.25:851][  0]LogTargetPlatformManager: Display: Loaded TargetPlatform 'Android_PVRTCClient'
[2020.03.22-20.16.25:851][  0]LogTargetPlatformManager: Display: Loaded TargetPlatform 'Android_Multi'
[2020.03.22-20.16.25:851][  0]LogTargetPlatformManager: Display: Loaded TargetPlatform 'Android_MultiClient'
[2020.03.22-20.16.25:866][  0]LogTargetPlatformManager: Display: Loaded TargetPlatform 'IOSClient'
[2020.03.22-20.16.25:866][  0]LogTargetPlatformManager: Display: Loaded TargetPlatform 'IOS'
[2020.03.22-20.16.25:872][  0]LogTargetPlatformManager: Display: Loaded TargetPlatform 'LinuxNoEditor'
[2020.03.22-20.16.25:878][  0]LogTargetPlatformManager: Display: Loaded TargetPlatform 'LinuxClient'
[2020.03.22-20.16.25:883][  0]LogTargetPlatformManager: Display: Loaded TargetPlatform 'LinuxServer'
[2020.03.22-20.16.25:890][  0]LogTargetPlatformManager: Display: Loaded TargetPlatform 'LinuxAArch64NoEditor'
[2020.03.22-20.16.25:895][  0]LogTargetPlatformManager: Display: Loaded TargetPlatform 'LinuxAArch64Client'
[2020.03.22-20.16.25:901][  0]LogTargetPlatformManager: Display: Loaded TargetPlatform 'LinuxAArch64Server'
[2020.03.22-20.16.25:920][  0]LogTargetPlatformManager: Display: Loaded TargetPlatform 'Lumin'
[2020.03.22-20.16.25:920][  0]LogTargetPlatformManager: Display: Loaded TargetPlatform 'LuminClient'
[2020.03.22-20.16.25:931][  0]LogTargetPlatformManager: Display: Loaded TargetPlatform 'TVOSClient'
[2020.03.22-20.16.25:931][  0]LogTargetPlatformManager: Display: Loaded TargetPlatform 'TVOS'
[2020.03.22-20.16.25:937][  0]LogTargetPlatformManager: Display: Loaded TargetPlatform 'WindowsNoEditor'
[2020.03.22-20.16.25:943][  0]LogTargetPlatformManager: Display: Loaded TargetPlatform 'Windows'
[2020.03.22-20.16.25:948][  0]LogTargetPlatformManager: Display: Loaded TargetPlatform 'WindowsClient'
[2020.03.22-20.16.25:954][  0]LogTargetPlatformManager: Display: Loaded TargetPlatform 'WindowsServer'
[2020.03.22-20.16.25:954][  0]LogTargetPlatformManager: Display: Building Assets For Windows
[2020.03.22-20.16.25:956][  0]LogAudioDebug: Display: Lib vorbis DLL was dynamically loaded.
[2020.03.22-20.16.25:973][  0]LogShaderCompilers: Guid format shader working directory is 8 characters bigger than the processId version (../../../../mis proyectos/Lolis4ever/Intermediate/Shaders/WorkingDirectory/16804/).
[2020.03.22-20.16.25:973][  0]LogShaderCompilers: Cleaned the shader compiler working directory 'C:/Users/SKDI/AppData/Local/Temp/UnrealShaderWorkingDir/72DD76AD40B148C75E37718F399FF323/'.
[2020.03.22-20.16.25:973][  0]LogXGEController: Cannot use XGE Controller as Incredibuild is not installed on this machine.
[2020.03.22-20.16.25:973][  0]LogShaderCompilers: Cannot use XGE Shader Compiler as Incredibuild is not installed on this machine.
[2020.03.22-20.16.25:973][  0]LogShaderCompilers: Display: Using Local Shader Compiler.
[2020.03.22-20.16.26:588][  0]LogDerivedDataCache: Display: Max Cache Size: 512 MB
[2020.03.22-20.16.26:632][  0]LogDerivedDataCache: Loaded boot cache 0.04s 78MB C:/Users/SKDI/AppData/Local/UnrealEngine/4.24/DerivedDataCache/Boot.ddc.
[2020.03.22-20.16.26:633][  0]LogDerivedDataCache: Display: Loaded Boot cache: C:/Users/SKDI/AppData/Local/UnrealEngine/4.24/DerivedDataCache/Boot.ddc
[2020.03.22-20.16.26:633][  0]LogDerivedDataCache: FDerivedDataBackendGraph:  Pak pak cache file ../../../../mis proyectos/Lolis4ever/DerivedDataCache/DDC.ddp not found, will not use a pak cache.
[2020.03.22-20.16.26:633][  0]LogDerivedDataCache: Unable to find inner node Pak for hierarchical cache Hierarchy.
[2020.03.22-20.16.26:633][  0]LogDerivedDataCache: FDerivedDataBackendGraph:  CompressedPak pak cache file ../../../../mis proyectos/Lolis4ever/DerivedDataCache/Compressed.ddp not found, will not use a pak cache.
[2020.03.22-20.16.26:633][  0]LogDerivedDataCache: Unable to find inner node CompressedPak for hierarchical cache Hierarchy.
[2020.03.22-20.16.26:641][  0]LogDerivedDataCache: Display: Pak cache opened for reading ../../../Engine/DerivedDataCache/Compressed.ddp.
[2020.03.22-20.16.26:641][  0]LogDerivedDataCache: FDerivedDataBackendGraph:  EnterprisePak pak cache file ../../../Enterprise/DerivedDataCache/Compressed.ddp not found, will not use a pak cache.
[2020.03.22-20.16.26:641][  0]LogDerivedDataCache: Unable to find inner node EnterprisePak for hierarchical cache Hierarchy.
[2020.03.22-20.16.26:642][  0]LogDerivedDataCache: Using Local data cache path C:/Users/SKDI/AppData/Local/UnrealEngine/Common/DerivedDataCache: Writable
[2020.03.22-20.16.26:643][  0]LogDerivedDataCache: Shared data cache path not found in *engine.ini, will not use an Shared cache.
[2020.03.22-20.16.26:643][  0]LogDerivedDataCache: Unable to find inner node Shared for hierarchical cache Hierarchy.
[2020.03.22-20.16.26:664][  0]LogMaterial: Verifying Global Shaders for PCD3D_SM5
[2020.03.22-20.16.26:666][  0]LogSlate: Using FreeType 2.10.0
[2020.03.22-20.16.26:667][  0]LogSlate: SlateFontServices - WITH_FREETYPE: 1, WITH_HARFBUZZ: 1
[2020.03.22-20.16.26:713][  0]LogAssetRegistry: FAssetRegistry took 0.0022 seconds to start up
[2020.03.22-20.16.26:955][  0]LogInit: Selected Device Profile: [Windows]
[2020.03.22-20.16.27:083][  0]LogMeshReduction: Using QuadricMeshReduction for automatic static mesh reduction
[2020.03.22-20.16.27:083][  0]LogMeshReduction: Using SimplygonMeshReduction for automatic skeletal mesh reduction
[2020.03.22-20.16.27:083][  0]LogMeshReduction: Using ProxyLODMeshReduction for automatic mesh merging
[2020.03.22-20.16.27:083][  0]LogMeshReduction: No distributed automatic mesh merging module available
[2020.03.22-20.16.27:083][  0]LogMeshMerging: No distributed automatic mesh merging module available
[2020.03.22-20.16.27:092][  0]LogNetVersion: Lolilandia02 1.0.0, NetCL: 10570792, EngineNetVer: 13, GameNetVer: 0 (Checksum: 3460009224)
[2020.03.22-20.16.28:123][  0]LogPackageLocalizationCache: Processed 10 localized package path(s) for 1 prioritized culture(s) in 0.109665 seconds
[2020.03.22-20.16.28:129][  0]LogUObjectArray: 46750 objects as part of root set at end of initial load.
[2020.03.22-20.16.28:129][  0]LogUObjectAllocator: 8137160 out of 0 bytes used by permanent object pool.
[2020.03.22-20.16.28:129][  0]LogUObjectArray: CloseDisregardForGC: 0/0 objects in disregard for GC pool
[2020.03.22-20.16.28:545][  0]LogTcpMessaging: Initializing TcpMessaging bridge
[2020.03.22-20.16.28:547][  0]LogUdpMessaging: Initializing bridge on interface 0.0.0.0:0 to multicast group 230.0.0.1:6666.
[2020.03.22-20.16.28:599][  0]SourceControl: El control de código fuente está desactivado
[2020.03.22-20.16.29:408][  0]LogVSAccessor: Display: Unable to create Visual Studio setup instance: 80040154
[2020.03.22-20.16.29:408][  0]LogVSAccessor: Display: Unable to create Visual Studio setup instance: 80040154
[2020.03.22-20.16.29:464][  0]LogAndroidPermission: UAndroidPermissionCallbackProxy::GetInstance
[2020.03.22-20.16.29:473][  0]LogAudioCaptureCore: Display: No Audio Capture implementations found. Audio input will be silent.
[2020.03.22-20.16.29:473][  0]LogAudioCaptureCore: Display: No Audio Capture implementations found. Audio input will be silent.
[2020.03.22-20.16.29:541][  0]LogOcInput: OculusInput pre-init called
[2020.03.22-20.16.29:546][  0]LogWindows: Failed to load 'OVRPlugin.dll' (GetLastError=126)
[2020.03.22-20.16.29:546][  0]LogWindows: File 'OVRPlugin.dll' does not exist
[2020.03.22-20.16.29:602][  0]LogEngine: Initializing Engine...
[2020.03.22-20.16.29:602][  0]LogHMD: Failed to initialize OpenVR with code 110
[2020.03.22-20.16.29:603][  0]LogStats: UGameplayTagsManager::InitializeManager -  0.000 s
[2020.03.22-20.16.29:876][  0]LogInit: Initializing FReadOnlyCVARCache
[2020.03.22-20.16.29:881][  0]LogAIModule: Creating AISystem for world Untitled
[2020.03.22-20.16.29:886][  0]LogAudioMixer: Display: Audio Mixer Platform Settings:
[2020.03.22-20.16.29:886][  0]LogAudioMixer: Display: 	Sample Rate:						  48000
[2020.03.22-20.16.29:886][  0]LogAudioMixer: Display: 	Callback Buffer Frame Size Requested: 1024
[2020.03.22-20.16.29:886][  0]LogAudioMixer: Display: 	Callback Buffer Frame Size To Use:	  1024
[2020.03.22-20.16.29:886][  0]LogAudioMixer: Display: 	Number of buffers to queue:			  2
[2020.03.22-20.16.29:886][  0]LogAudioMixer: Display: 	Max Channels (voices):				  32
[2020.03.22-20.16.29:886][  0]LogAudioMixer: Display: 	Number of Async Source Workers:		  0
[2020.03.22-20.16.29:886][  0]LogAudio: Display: AudioDevice MaxSources: 32
[2020.03.22-20.16.29:886][  0]LogAudio: Display: Using built-in audio occlusion.
[2020.03.22-20.16.29:886][  0]LogAudioMixer: Display: Initializing audio mixer.
[2020.03.22-20.16.29:900][  0]LogAudioMixer: Display: Audio Device Output Speaker Info:
[2020.03.22-20.16.29:900][  0]LogAudioMixer: Display: Name: Altavoces (Realtek High Definition Audio)
[2020.03.22-20.16.29:900][  0]LogAudioMixer: Display: Is Default: Yes
[2020.03.22-20.16.29:900][  0]LogAudioMixer: Display: Sample Rate: 48000
[2020.03.22-20.16.29:900][  0]LogAudioMixer: Display: Channel Count Used: 2
[2020.03.22-20.16.29:900][  0]LogAudioMixer: Display: Device Channel Count: 2
[2020.03.22-20.16.29:900][  0]LogAudioMixer: Display: Channel Order:
[2020.03.22-20.16.29:900][  0]LogAudioMixer: Display: 0: FrontLeft
[2020.03.22-20.16.29:900][  0]LogAudioMixer: Display: 1: FrontRight
[2020.03.22-20.16.29:928][  0]LogAudioMixer: Display: Using Audio Device Altavoces (Realtek High Definition Audio)
[2020.03.22-20.16.29:932][  0]LogInit: FAudioDevice initialized.
[2020.03.22-20.16.29:932][  0]LogNetVersion: Set ProjectVersion to 1.0.0.0. Version Checksum will be recalculated on next use.
[2020.03.22-20.16.30:004][  0]LogDerivedDataCache: Saved boot cache 0.07s 78MB C:/Users/SKDI/AppData/Local/UnrealEngine/4.24/DerivedDataCache/Boot.ddc.
[2020.03.22-20.16.30:005][  0]LogInit: Texture streaming: Enabled
[2020.03.22-20.16.30:015][  0]LogEngineSessionManager: EngineSessionManager initialized
[2020.03.22-20.16.30:015][  0]LogEditorSessionSummary: Verbose: Initializing EditorSessionSummaryWriter for editor session tracking
[2020.03.22-20.16.30:024][  0]LogEditorSessionSummary: EditorSessionSummaryWriter initialized
[2020.03.22-20.16.30:079][  0]LogInit: Transaction tracking system initialized
[2020.03.22-20.16.30:086][  0]BlueprintLog: New page: Cargar el editor
[2020.03.22-20.16.30:108][  0]LocalizationService: Localization service is disabled
[2020.03.22-20.16.31:041][  0]LogVSAccessor: Display: Unable to create Visual Studio setup instance: 80040154
[2020.03.22-20.16.31:042][  0]LogVSAccessor: Display: Unable to create Visual Studio setup instance: 80040154
[2020.03.22-20.16.31:393][  0]LogCook: Display: Max memory allowance for cook 16384mb min free memory 0mb
[2020.03.22-20.16.31:393][  0]LogCook: Display: Mobile HDR setting 1
[2020.03.22-20.16.31:976][  0]LogFileCache: Scanning file cache for directory 'D:/Epic Games/mis proyectos/Lolis4ever/Content/' took 0.18s
[2020.03.22-20.16.32:004][  0]Cmd: MAP LOAD FILE="../../../../mis proyectos/Lolis4ever/Content/ThirdPersonBP/Maps/ThirdPersonExampleMap.umap" TEMPLATE=0 SHOWPROGRESS=1 FEATURELEVEL=3
[2020.03.22-20.16.32:004][  0]LightingResults: New page: Diseñar la iluminación
[2020.03.22-20.16.32:005][  0]LogWorld: UWorld::CleanupWorld for Untitled, bSessionEnded=true, bCleanupResources=true
[2020.03.22-20.16.32:005][  0]LogSlate: InvalidateAllWidgets triggered.  All widgets were invalidated
[2020.03.22-20.16.32:005][  0]MapCheck: New page: Revisión del mapa
[2020.03.22-20.16.32:005][  0]LightingResults: New page: Diseñar la iluminación
[2020.03.22-20.16.32:035][  0]LogUObjectHash: Compacting FUObjectHashTables data took   1.69ms
[2020.03.22-20.16.41:019][  0]LogAIModule: Creating AISystem for world ThirdPersonExampleMap
[2020.03.22-20.16.41:880][  0]LogEditorServer: Finished looking for orphan Actors (0.000 secs)
[2020.03.22-20.16.41:913][  0]LogUObjectHash: Compacting FUObjectHashTables data took   2.25ms
[2020.03.22-20.16.41:914][  0]Cmd: MAP CHECKDEP NOCLEARLOG
[2020.03.22-20.16.41:914][  0]MapCheck: Map check complete: 0 Error(s), 0 Warning(s), took 0.1ms to complete.
[2020.03.22-20.16.41:914][  0]LogFileHelpers: Loading map 'ThirdPersonExampleMap' took 9.911
[2020.03.22-20.16.42:653][  0]LogSlate: Updating window title bar state: overlay mode, drag disabled, window buttons hidden, title bar hidden
[2020.03.22-20.16.42:659][  0]LogSlate: Updating window title bar state: overlay mode, drag disabled, window buttons hidden, title bar hidden
[2020.03.22-20.16.42:665][  0]LogSlate: Updating window title bar state: overlay mode, drag disabled, window buttons hidden, title bar hidden
[2020.03.22-20.16.42:670][  0]LogSlate: Updating window title bar state: overlay mode, drag disabled, window buttons hidden, title bar hidden
[2020.03.22-20.16.42:870][  0]LogCollectionManager: Loaded 0 collections in 0.001453 seconds
[2020.03.22-20.16.43:141][  0]LogFileCache: Scanning file cache for directory 'D:/Epic Games/mis proyectos/Lolis4ever/Saved/Collections/' took 0.00s
[2020.03.22-20.16.43:141][  0]LogFileCache: Scanning file cache for directory 'D:/Epic Games/mis proyectos/Lolis4ever/Content/Developers/SKDI/Collections/' took 0.00s
[2020.03.22-20.16.43:141][  0]LogFileCache: Scanning file cache for directory 'D:/Epic Games/mis proyectos/Lolis4ever/Content/Collections/' took 0.00s
[2020.03.22-20.16.43:141][  0]LogContentBrowser: Native class hierarchy populated in 0.0071 seconds. Added 3015 classes and 717 folders.
[2020.03.22-20.16.43:265][  0]LogContentBrowser: Native class hierarchy updated for 'WidgetCarousel' in 0.0002 seconds. Added 0 classes and 0 folders.
[2020.03.22-20.16.44:028][  0]LogContentBrowser: Native class hierarchy updated for 'AddContentDialog' in 0.0002 seconds. Added 0 classes and 0 folders.
[2020.03.22-20.16.44:635][  0]LogContentBrowser: Native class hierarchy updated for 'SceneOutliner' in 0.0003 seconds. Added 2 classes and 3 folders.
[2020.03.22-20.16.44:852][  0]LogSlate: Took 0.000203 seconds to synchronously load lazily loaded font '../../../Engine/Content/Slate/Fonts/Roboto-Regular.ttf' (155K)
[2020.03.22-20.16.44:862][  0]LogSlate: Took 0.000166 seconds to synchronously load lazily loaded font '../../../Engine/Content/Slate/Fonts/Roboto-Bold.ttf' (160K)
[2020.03.22-20.16.44:882][  0]LogSlate: Took 0.017399 seconds to synchronously load lazily loaded font '../../../Engine/Content/Editor/Slate/Fonts/FontAwesome.ttf' (139K)
[2020.03.22-20.16.45:152][  0]LogRenderer: Reallocating scene render targets to support 1236x424 Format 9 NumSamples 1 (Frame:1).
[2020.03.22-20.16.45:538][  0]LogContentBrowser: Native class hierarchy updated for 'HierarchicalLODOutliner' in 0.0002 seconds. Added 0 classes and 0 folders.
[2020.03.22-20.16.45:538][  0]LogLoad: (Engine Initialization) Total time: 23.21 seconds
[2020.03.22-20.16.45:538][  0]LogLoad: (Engine Initialization) Total Blueprint compile time: 0.00 seconds
[2020.03.22-20.16.45:768][  0]LogContentStreaming: Texture pool size now 800 MB
[2020.03.22-20.16.46:154][  0]LogSlate: Took 0.012757 seconds to synchronously load lazily loaded font '../../../Engine/Content/Slate/Fonts/Roboto-Light.ttf' (167K)
[2020.03.22-20.16.46:648][  7]LogAssetRegistry: Asset discovery search completed in 19.9354 seconds
[2020.03.22-20.16.46:652][  7]LogCollectionManager: Fixed up redirectors for 0 collections in 0.000010 seconds (updated 0 objects)
[2020.03.22-20.17.08:562][269]LogSlate: Window 'Registro del mensaje' being destroyed
[2020.03.22-20.17.08:566][269]LogSlate: Window 'Registro del mensaje' being destroyed
[2020.03.22-20.17.18:914][494]LogEditorViewport: Clicking on Actor (LMB): ThirdPersonCharacter_C (ThirdPersonCharacter)
[2020.03.22-20.17.39:302][506]LogTemp: Repeating last play command: Selected Viewport
[2020.03.22-20.17.39:311][506]LogBlueprintUserMessages: Early PlayInEditor Detection: Level '/Game/ThirdPersonBP/Maps/ThirdPersonExampleMap.ThirdPersonExampleMap:PersistentLevel' has LevelScriptBlueprint '/Game/ThirdPersonBP/Maps/ThirdPersonExampleMap.ThirdPersonExampleMap:PersistentLevel.ThirdPersonExampleMap' with GeneratedClass '/Game/ThirdPersonBP/Maps/ThirdPersonExampleMap.ThirdPersonExampleMap_C' with ClassGeneratedBy '/Game/ThirdPersonBP/Maps/ThirdPersonExampleMap.ThirdPersonExampleMap:PersistentLevel.ThirdPersonExampleMap'
[2020.03.22-20.17.39:311][506]LogPlayLevel: PlayLevel: No blueprints needed recompiling
[2020.03.22-20.17.39:375][506]PIE: New page: Sesión PIE (reproducción en el editor): ThirdPersonExampleMap (22 mar. 2020 10:17:39)
[2020.03.22-20.17.39:392][506]LogOnline: OSS: Creating online subsystem instance for: NULL
[2020.03.22-20.17.39:403][506]LogOnline: OSS: TryLoadSubsystemAndSetDefault: Loaded subsystem for module [NULL]
[2020.03.22-20.17.39:403][506]LogPlayLevel: Creating play world package: /Game/ThirdPersonBP/Maps/UEDPIE_0_ThirdPersonExampleMap
[2020.03.22-20.17.41:519][506]LogPlayLevel: PIE: StaticDuplicateObject took: (2.116056s)
[2020.03.22-20.17.41:520][506]LogAIModule: Creating AISystem for world ThirdPersonExampleMap
[2020.03.22-20.17.41:520][506]LogPlayLevel: PIE: World Init took: (0.001348s)
[2020.03.22-20.17.41:520][506]LogPlayLevel: PIE: Created PIE world by copying editor world from /Game/ThirdPersonBP/Maps/ThirdPersonExampleMap.ThirdPersonExampleMap to /Game/ThirdPersonBP/Maps/UEDPIE_0_ThirdPersonExampleMap.ThirdPersonExampleMap (2.117653s)
[2020.03.22-20.17.41:548][506]LogUObjectHash: Compacting FUObjectHashTables data took   1.43ms
[2020.03.22-20.17.41:550][506]LogAudioMixer: Display: Audio Mixer Platform Settings:
[2020.03.22-20.17.41:550][506]LogAudioMixer: Display: 	Sample Rate:						  48000
[2020.03.22-20.17.41:550][506]LogAudioMixer: Display: 	Callback Buffer Frame Size Requested: 1024
[2020.03.22-20.17.41:550][506]LogAudioMixer: Display: 	Callback Buffer Frame Size To Use:	  1024
[2020.03.22-20.17.41:550][506]LogAudioMixer: Display: 	Number of buffers to queue:			  2
[2020.03.22-20.17.41:550][506]LogAudioMixer: Display: 	Max Channels (voices):				  32
[2020.03.22-20.17.41:550][506]LogAudioMixer: Display: 	Number of Async Source Workers:		  0
[2020.03.22-20.17.41:550][506]LogAudio: Display: AudioDevice MaxSources: 32
[2020.03.22-20.17.41:551][506]LogAudio: Display: Using built-in audio occlusion.
[2020.03.22-20.17.41:551][506]LogAudioMixer: Display: Initializing audio mixer.
[2020.03.22-20.17.41:559][506]LogAudioMixer: Display: Audio Device Output Speaker Info:
[2020.03.22-20.17.41:559][506]LogAudioMixer: Display: Name: Altavoces (Realtek High Definition Audio)
[2020.03.22-20.17.41:559][506]LogAudioMixer: Display: Is Default: Yes
[2020.03.22-20.17.41:559][506]LogAudioMixer: Display: Sample Rate: 48000
[2020.03.22-20.17.41:559][506]LogAudioMixer: Display: Channel Count Used: 2
[2020.03.22-20.17.41:559][506]LogAudioMixer: Display: Device Channel Count: 2
[2020.03.22-20.17.41:559][506]LogAudioMixer: Display: Channel Order:
[2020.03.22-20.17.41:559][506]LogAudioMixer: Display: 0: FrontLeft
[2020.03.22-20.17.41:559][506]LogAudioMixer: Display: 1: FrontRight
[2020.03.22-20.17.41:580][506]LogAudioMixer: Display: Using Audio Device Altavoces (Realtek High Definition Audio)
[2020.03.22-20.17.41:581][506]LogInit: FAudioDevice initialized.
[2020.03.22-20.17.41:596][506]LogLoad: Game class is 'ThirdPersonGameMode_C'
[2020.03.22-20.17.41:651][506]LogWorld: Bringing World /Game/ThirdPersonBP/Maps/UEDPIE_0_ThirdPersonExampleMap.ThirdPersonExampleMap up for play (max tick rate 0) at 2020.03.22-15.17.41
[2020.03.22-20.17.41:651][506]LogWorld: Bringing up level for play took: 0.044609
[2020.03.22-20.17.41:651][506]LogOnline: OSS: Creating online subsystem instance for: :Context_3
[2020.03.22-20.17.41:751][506]LogContentBrowser: Native class hierarchy updated for 'MovieSceneCapture' in 0.0003 seconds. Added 20 classes and 0 folders.
[2020.03.22-20.17.41:811][506]PIE: Tiempo de inicio de la reproducción en el editor para  /Game/ThirdPersonBP/Maps/UEDPIE_0_ThirdPersonExampleMap 3.08
[2020.03.22-20.17.41:811][506]LogBlueprintUserMessages: Late PlayInEditor Detection: Level '/Game/ThirdPersonBP/Maps/ThirdPersonExampleMap.ThirdPersonExampleMap:PersistentLevel' has LevelScriptBlueprint '/Game/ThirdPersonBP/Maps/ThirdPersonExampleMap.ThirdPersonExampleMap:PersistentLevel.ThirdPersonExampleMap' with GeneratedClass '/Game/ThirdPersonBP/Maps/ThirdPersonExampleMap.ThirdPersonExampleMap_C' with ClassGeneratedBy '/Game/ThirdPersonBP/Maps/ThirdPersonExampleMap.ThirdPersonExampleMap:PersistentLevel.ThirdPersonExampleMap'
[2020.03.22-20.17.44:018][740]Cmd: LevelEditor.ToggleImmersive
[2020.03.22-20.17.44:072][740]LogSlate: Took 0.000199 seconds to synchronously load lazily loaded font '../../../Engine/Content/Slate/Fonts/Roboto-Light.ttf' (167K)
[2020.03.22-20.17.44:128][741]LogRenderer: Reallocating scene render targets to support 1264x644 Format 9 NumSamples 1 (Frame:236).
[2020.03.22-20.17.44:155][742]LogRenderer: Reallocating scene render targets to support 1340x752 Format 9 NumSamples 1 (Frame:238).
[2020.03.22-20.17.44:190][743]LogRenderer: Reallocating scene render targets to support 1340x756 Format 9 NumSamples 1 (Frame:240).
[2020.03.22-20.18.00:398][678]LogAudioMixer: Display: No commands were queued while flushing the source manager.
[2020.03.22-20.18.00:417][678]LogAudioMixer: Display: Flush succeeded in the source manager command queue (1).
[2020.03.22-20.18.00:437][678]LogAudioMixer: Display: Flush succeeded the source manager command queue (2).
[2020.03.22-20.18.00:438][678]LogBlueprintUserMessages: Early EndPlayMap Detection: Level '/Game/ThirdPersonBP/Maps/ThirdPersonExampleMap.ThirdPersonExampleMap:PersistentLevel' has LevelScriptBlueprint '/Game/ThirdPersonBP/Maps/ThirdPersonExampleMap.ThirdPersonExampleMap:PersistentLevel.ThirdPersonExampleMap' with GeneratedClass '/Game/ThirdPersonBP/Maps/ThirdPersonExampleMap.ThirdPersonExampleMap_C' with ClassGeneratedBy '/Game/ThirdPersonBP/Maps/ThirdPersonExampleMap.ThirdPersonExampleMap:PersistentLevel.ThirdPersonExampleMap'
[2020.03.22-20.18.00:458][678]LogSlate: Updating window title bar state: overlay mode, drag disabled, window buttons hidden, title bar hidden
[2020.03.22-20.18.00:458][678]LogWorld: BeginTearingDown for /Game/ThirdPersonBP/Maps/UEDPIE_0_ThirdPersonExampleMap
[2020.03.22-20.18.00:458][678]LogAudioMixer: Display: No commands were queued while flushing the source manager.
[2020.03.22-20.18.00:458][678]LogWorld: UWorld::CleanupWorld for ThirdPersonExampleMap, bSessionEnded=true, bCleanupResources=true
[2020.03.22-20.18.00:469][678]LogSlate: InvalidateAllWidgets triggered.  All widgets were invalidated
[2020.03.22-20.18.00:484][678]LogPlayLevel: Display: Shutting down PIE online subsystems
[2020.03.22-20.18.00:485][678]LogBlueprintUserMessages: Late EndPlayMap Detection: Level '/Game/ThirdPersonBP/Maps/ThirdPersonExampleMap.ThirdPersonExampleMap:PersistentLevel' has LevelScriptBlueprint '/Game/ThirdPersonBP/Maps/ThirdPersonExampleMap.ThirdPersonExampleMap:PersistentLevel.ThirdPersonExampleMap' with GeneratedClass '/Game/ThirdPersonBP/Maps/ThirdPersonExampleMap.ThirdPersonExampleMap_C' with ClassGeneratedBy '/Game/ThirdPersonBP/Maps/ThirdPersonExampleMap.ThirdPersonExampleMap:PersistentLevel.ThirdPersonExampleMap'
[2020.03.22-20.18.00:488][678]LogSlate: InvalidateAllWidgets triggered.  All widgets were invalidated
[2020.03.22-20.18.00:516][678]LogAudioMixer: Display: No commands were queued while flushing the source manager.
[2020.03.22-20.18.00:519][678]LogSlate: Updating window title bar state: overlay mode, drag disabled, window buttons hidden, title bar hidden
[2020.03.22-20.18.00:537][678]LogUObjectHash: Compacting FUObjectHashTables data took   1.92ms
[2020.03.22-20.18.00:566][678]LogRenderer: Reallocating scene render targets to support 1540x868 Format 9 NumSamples 1 (Frame:5143).
[2020.03.22-20.18.00:604][679]LogPlayLevel: Display: Destroying online subsystem :Context_3
[2020.03.22-20.18.04:748][140]Cmd: TRANSACTION UNDO
[2020.03.22-20.18.04:748][140]LogEditorTransaction: Undo Move Actors
[2020.03.22-20.18.05:104][160]Cmd: TRANSACTION UNDO
[2020.03.22-20.18.05:105][160]LogEditorTransaction: Undo Set Scale
[2020.03.22-20.18.05:481][194]Cmd: TRANSACTION UNDO
[2020.03.22-20.18.05:481][194]LogEditorTransaction: Undo Set Scale
[2020.03.22-20.18.06:826][355]Cmd: TRANSACTION UNDO
[2020.03.22-20.18.06:826][355]LogEditorTransaction: Undo Set Scale
[2020.03.22-20.18.11:499][914]LogEditorViewport: Clicking on Actor (LMB): ThirdPersonCharacter_C (ThirdPersonCharacter)
[2020.03.22-20.18.12:043][962]LogSlate: Took 0.022362 seconds to synchronously load lazily loaded font '../../../Engine/Content/Slate/Fonts/Roboto-Italic.ttf' (157K)
[2020.03.22-20.18.13:706][138]LogEditorViewport: Clicking on Actor (LMB): Landscape (Landscape2)
[2020.03.22-20.18.20:812][948]LogEditorViewport: Clicking on Actor (LMB): StaticMeshActor (SM_Plains_CastleArch_Ruin_2)
[2020.03.22-20.19.56:634][951]Cmd: TRANSACTION UNDO
[2020.03.22-20.19.56:634][951]LogEditorTransaction: Undo Crear actores
[2020.03.22-20.20.02:208][562]Cmd: TRANSACTION UNDO
[2020.03.22-20.20.02:209][562]LogEditorTransaction: Undo Crear actores
[2020.03.22-20.20.32:498][ 20]LogEditorViewport: Clicking on Actor (LMB): StaticMeshActor (SM_Plains_CastleArch_Ruin_2)
[2020.03.22-20.20.46:305][663]Cmd: TRANSACTION UNDO
[2020.03.22-20.20.46:305][663]LogEditorTransaction: Undo Move Actors
[2020.03.22-20.20.46:703][684]Cmd: TRANSACTION UNDO
[2020.03.22-20.20.46:703][684]LogEditorTransaction: Undo Move Actors
[2020.03.22-20.23.22:189][643]LogDirectoryWatcher: A directory notification failed for 'D:/Epic Games/mis proyectos/Lolis4ever/Content/Collections/' because it could not be accessed. Aborting watch request...
[2020.03.22-20.23.22:189][643]LogDirectoryWatcher: A directory notification failed for 'D:/Epic Games/mis proyectos/Lolis4ever/Content/Developers/SKDI/Collections/' because it could not be accessed. Aborting watch request...
[2020.03.22-20.23.22:522][644]LogDirectoryWatcher: A directory notification failed for 'D:/Epic Games/mis proyectos/Lolis4ever/Saved/Collections/' because it could not be accessed. Aborting watch request...
[2020.03.22-20.23.50:294][265]LogSlate: Prevented a slow task dialog from being summoned while a context menu was open
[2020.03.22-20.23.52:764][265]LogTexture: Display: Building textures: T_Pond_Foam (AutoDXT, 1024X1024)
[2020.03.22-20.23.52:765][265]LogTexture: Display: Building textures: T_Pond_Scum (AutoDXT, 1024X1024)
[2020.03.22-20.23.52:765][265]LogTexture: Display: Building textures: T_Noise_Progressive (AutoDXT, 1024X1024)
[2020.03.22-20.23.52:765][265]LogTexture: Display: Building textures: T_Pond_Moss (AutoDXT, 1024X1024)
[2020.03.22-20.23.52:765][265]LogTexture: Display: Building textures: T_Noise_Curves (AutoDXT, 1024X1024)
[2020.03.22-20.23.52:765][265]LogTexture: Display: Building textures: T_Pond_Plants (AutoDXT, 1024X1024)
[2020.03.22-20.23.52:765][265]LogTexture: Display: Building textures: T_Pond_SurfacePlants (AutoDXT, 1024X1024)
[2020.03.22-20.23.52:765][265]LogTexture: Display: Building textures: T_Pond_SurfacePlants_N (BC5, 1024X1024)
[2020.03.22-20.23.52:765][265]LogMaterial: Display: Missing cached shader map for material M_Ocean_Distance, compiling. 
[2020.03.22-20.23.53:081][265]LogShaderCompilers: Display: Worker (1/9): shaders left to compile 58
[2020.03.22-20.23.53:081][265]LogShaderCompilers: Display: Worker (2/9): shaders left to compile 50
[2020.03.22-20.23.53:081][265]LogShaderCompilers: Display: Worker (3/9): shaders left to compile 42
[2020.03.22-20.23.53:081][265]LogShaderCompilers: Display: Worker (4/9): shaders left to compile 34
[2020.03.22-20.23.53:081][265]LogShaderCompilers: Display: Worker (5/9): shaders left to compile 26
[2020.03.22-20.23.53:081][265]LogShaderCompilers: Display: Worker (6/9): shaders left to compile 18
[2020.03.22-20.23.53:081][265]LogShaderCompilers: Display: Worker (7/9): shaders left to compile 10
[2020.03.22-20.23.53:081][265]LogShaderCompilers: Display: Worker (8/9): shaders left to compile 2
[2020.03.22-20.23.53:082][265]LogStaticMesh: Generando la malla estática SM_Waterfall_Base...
[2020.03.22-20.23.53:140][265]LogStaticMesh: Built static mesh [0.06s] /Game/WaterMaterials/Meshes/SM_Waterfall_Base.SM_Waterfall_Base
[2020.03.22-20.23.53:389][265]LogStaticMesh: Generando la malla estática SM_LakeBank...
[2020.03.22-20.23.53:538][265]LogStaticMesh: Built static mesh [0.15s] /Game/WaterMaterials/Meshes/SM_LakeBank.SM_LakeBank
[2020.03.22-20.23.53:601][265]LogMaterial: Display: Missing cached shader map for material M_Waterfall_Cheaper, compiling. 
[2020.03.22-20.23.53:907][265]LogMaterial: Display: Missing cached shader map for material M_PondScum_Cheaper, compiling. 
[2020.03.22-20.23.53:935][265]LogMaterial: Display: Missing cached shader map for material M_PondScum, compiling. 
[2020.03.22-20.23.54:025][265]LogMaterial: Display: Missing cached shader map for material M_Ocean_Cheaper, compiling. 
[2020.03.22-20.23.54:126][265]LogMaterial: Display: Missing cached shader map for material M_Water_Clean_Cheaper, compiling. 
[2020.03.22-20.23.54:167][265]LogMaterial: Display: Missing cached shader map for material M_Water_Clean, compiling. 
[2020.03.22-20.23.54:198][265]LogMaterial: Display: Missing cached shader map for material M_River_Cheaper, compiling. 
[2020.03.22-20.23.54:250][265]LogMaterial: Display: Missing cached shader map for material M_Rapids_Cheaper, compiling. 
[2020.03.22-20.23.54:312][265]LogMaterial: Display: Missing cached shader map for material M_Ocean_Radial_Cheaper, compiling. 
[2020.03.22-20.23.54:402][265]LogMaterial: Display: Missing cached shader map for material M_Caustics, compiling. 
[2020.03.22-20.23.54:442][265]LogMaterial: Display: Missing cached shader map for material BasicShapeMaterial, compiling. 
[2020.03.22-20.23.54:879][265]LogMaterial: Display: Missing cached shader map for material M_Ocean_Radial, compiling. 
[2020.03.22-20.23.54:997][265]LogAIModule: Creating AISystem for world Overview
[2020.03.22-20.23.55:146][265]LogObjectTools: Deleting 1 worlds: /Game/WaterMaterials/Maps/Overview.Overview
[2020.03.22-20.23.55:146][265]LogObjectTools: Currently 4 active worlds: /Game/ThirdPersonBP/Maps/ThirdPersonExampleMap.ThirdPersonExampleMap, /Engine/Transient.World_0, /Engine/Transient.World_1, /Engine/Transient.World_2
[2020.03.22-20.23.55:184][265]LogShaderCompilers: Display: Worker (8/9): shaders left to compile 648
[2020.03.22-20.23.55:191][265]LogUObjectHash: Compacting FUObjectHashTables data took   5.41ms
[2020.03.22-20.23.57:812][265]LogShaderCompilers: Display: Worker (2/9): shaders left to compile 638
[2020.03.22-20.23.58:512][265]LogShaderCompilers: Display: Worker (1/9): shaders left to compile 628
[2020.03.22-20.23.58:844][265]LogShaderCompilers: Display: Worker (8/9): shaders left to compile 618
[2020.03.22-20.24.01:036][265]LogShaderCompilers: Display: Worker (3/9): shaders left to compile 608
[2020.03.22-20.24.01:465][265]LogShaderCompilers: Display: Worker (2/9): shaders left to compile 598
[2020.03.22-20.24.02:142][265]LogShaderCompilers: Display: Worker (6/9): shaders left to compile 588
[2020.03.22-20.24.02:500][265]LogShaderCompilers: Display: Worker (5/9): shaders left to compile 578
[2020.03.22-20.24.02:859][265]LogShaderCompilers: Display: Worker (4/9): shaders left to compile 568
[2020.03.22-20.24.03:223][265]LogShaderCompilers: Display: Worker (7/9): shaders left to compile 558
[2020.03.22-20.24.06:775][265]LogShaderCompilers: Display: Worker (8/9): shaders left to compile 548
[2020.03.22-20.24.07:141][265]LogShaderCompilers: Display: Worker (2/9): shaders left to compile 538
[2020.03.22-20.24.07:499][265]LogShaderCompilers: Display: Worker (1/9): shaders left to compile 528
[2020.03.22-20.24.08:552][265]LogShaderCompilers: Display: Worker (6/9): shaders left to compile 518
[2020.03.22-20.24.09:282][265]LogShaderCompilers: Display: Worker (3/9): shaders left to compile 508
[2020.03.22-20.24.10:725][265]LogShaderCompilers: Display: Worker (5/9): shaders left to compile 498
[2020.03.22-20.24.11:087][265]LogShaderCompilers: Display: Worker (4/9): shaders left to compile 488
[2020.03.22-20.24.11:087][265]LogShaderCompilers: Display: Worker (7/9): shaders left to compile 478
[2020.03.22-20.24.15:174][265]LogShaderCompilers: Display: Worker (5/9): shaders left to compile 468
[2020.03.22-20.24.19:473][265]LogShaderCompilers: Display: Worker (3/9): shaders left to compile 458
[2020.03.22-20.24.19:835][265]LogShaderCompilers: Display: Worker (4/9): shaders left to compile 448
[2020.03.22-20.24.20:890][265]LogShaderCompilers: Display: Worker (8/9): shaders left to compile 438
[2020.03.22-20.24.21:267][265]LogShaderCompilers: Display: Worker (7/9): shaders left to compile 428
[2020.03.22-20.24.23:144][265]LogShaderCompilers: Display: Worker (4/9): shaders left to compile 418
[2020.03.22-20.24.23:487][265]LogShaderCompilers: Display: Worker (8/9): shaders left to compile 408
[2020.03.22-20.24.26:159][265]LogShaderCompilers: Display: Worker (5/9): shaders left to compile 398
[2020.03.22-20.24.27:991][265]LogShaderCompilers: Display: Worker (7/9): shaders left to compile 388
[2020.03.22-20.24.30:424][265]LogShaderCompilers: Display: Worker (3/9): shaders left to compile 378
[2020.03.22-20.24.30:424][265]LogShaderCompilers: Display: Worker (4/9): shaders left to compile 368
[2020.03.22-20.24.30:424][265]LogShaderCompilers: Display: Worker (7/9): shaders left to compile 358
[2020.03.22-20.24.31:164][265]LogShaderCompilers: Display: Worker (8/9): shaders left to compile 348
[2020.03.22-20.24.32:965][265]LogShaderCompilers: Display: Worker (3/9): shaders left to compile 338
[2020.03.22-20.24.33:319][265]LogShaderCompilers: Display: Worker (5/9): shaders left to compile 328
[2020.03.22-20.24.36:540][265]LogShaderCompilers: Display: Worker (5/9): shaders left to compile 318
[2020.03.22-20.24.37:532][265]LogShaderCompilers: Display: Worker (1/9): shaders left to compile 308
[2020.03.22-20.24.37:550][265]LogShaderCompilers: Display: Worker (2/9): shaders left to compile 298
[2020.03.22-20.24.39:354][265]LogShaderCompilers: Display: Worker (6/9): shaders left to compile 288
[2020.03.22-20.24.40:322][265]LogShaderCompilers: Display: Worker (5/9): shaders left to compile 278
[2020.03.22-20.24.41:082][265]LogSlate: Window 'Delete Assets' being destroyed
