Log file open, 03/14/20 11:24:24
LogWindows: Failed to load 'aqProf.dll' (GetLastError=126)
LogWindows: File 'aqProf.dll' does not exist
LogWindows: Failed to load 'VtuneApi.dll' (GetLastError=126)
LogWindows: File 'VtuneApi.dll' does not exist
LogWindows: Failed to load 'VtuneApi32e.dll' (GetLastError=126)
LogWindows: File 'VtuneApi32e.dll' does not exist
LogConsoleResponse: Display: Failed to find resolution value strings in scalability ini. Falling back to default.
LogInit: Display: Running engine for game: Lolilandia02
LogPlatformFile: Not using cached read wrapper
LogTaskGraph: Started task graph with 5 named threads and 35 total threads with 3 sets of task threads.
LogStats: Stats thread started at 0.064145
LogD3D11RHI: Loaded GFSDK_Aftermath_Lib.x64.dll
LogICUInternationalization: ICU TimeZone Detection - Raw Offset: -5:00, Platform Override: ''
LogPluginManager: Mounting plugin Paper2D
LogPluginManager: Mounting plugin AISupport
LogPluginManager: Mounting plugin LightPropagationVolume
LogPluginManager: Mounting plugin ActorLayerUtilities
LogPluginManager: Mounting plugin AnimationSharing
LogPluginManager: Mounting plugin CLionSourceCodeAccess
LogPluginManager: Mounting plugin CodeLiteSourceCodeAccess
LogPluginManager: Mounting plugin GitSourceControl
LogPluginManager: Mounting plugin KDevelopSourceCodeAccess
LogPluginManager: Mounting plugin NullSourceCodeAccess
LogPluginManager: Mounting plugin PerforceSourceControl
LogPluginManager: Mounting plugin PlasticSourceControl
LogPluginManager: Mounting plugin SubversionSourceControl
LogPluginManager: Mounting plugin UObjectPlugin
LogPluginManager: Mounting plugin VisualStudioCodeSourceCodeAccess
LogPluginManager: Mounting plugin VisualStudioSourceCodeAccess
LogPluginManager: Mounting plugin XCodeSourceCodeAccess
LogPluginManager: Mounting plugin AssetManagerEditor
LogPluginManager: Mounting plugin CryptoKeys
LogPluginManager: Mounting plugin CurveEditorTools
LogPluginManager: Mounting plugin DataValidation
LogPluginManager: Mounting plugin FacialAnimation
LogPluginManager: Mounting plugin GameplayTagsEditor
LogPluginManager: Mounting plugin MacGraphicsSwitching
LogPluginManager: Mounting plugin MaterialAnalyzer
LogPluginManager: Mounting plugin MobileLauncherProfileWizard
LogPluginManager: Mounting plugin PluginBrowser
LogPluginManager: Mounting plugin SpeedTreeImporter
LogPluginManager: Mounting plugin DatasmithContent
LogPluginManager: Mounting plugin VariantManagerContent
LogPluginManager: Mounting plugin AlembicImporter
LogPluginManager: Mounting plugin AutomationUtils
LogPluginManager: Mounting plugin BackChannel
LogPluginManager: Mounting plugin CharacterAI
LogPluginManager: Mounting plugin GeometryCache
LogPluginManager: Mounting plugin PlatformCrypto
LogPluginManager: Mounting plugin ProxyLODPlugin
LogPluginManager: Mounting plugin SkeletalReduction
LogPluginManager: Mounting plugin MagicLeap
LogPluginManager: Mounting plugin MagicLeapMedia
LogPluginManager: Mounting plugin MLSDK
LogPluginManager: Mounting plugin AndroidMedia
LogPluginManager: Mounting plugin AvfMedia
LogPluginManager: Mounting plugin ImgMedia
LogPluginManager: Mounting plugin MediaCompositing
LogPluginManager: Mounting plugin MediaPlayerEditor
LogPluginManager: Mounting plugin WebMMedia
LogPluginManager: Mounting plugin WmfMedia
LogPluginManager: Mounting plugin TcpMessaging
LogPluginManager: Mounting plugin UdpMessaging
LogPluginManager: Mounting plugin ActorSequence
LogPluginManager: Mounting plugin LevelSequenceEditor
LogPluginManager: Mounting plugin MatineeToLevelSequence
LogPluginManager: Mounting plugin NetcodeUnitTest
LogPluginManager: Mounting plugin NUTUnrealEngine4
LogPluginManager: Mounting plugin OnlineSubsystemGooglePlay
LogPluginManager: Mounting plugin OnlineSubsystemIOS
LogPluginManager: Mounting plugin OnlineSubsystem
LogPluginManager: Mounting plugin OnlineSubsystemNull
LogPluginManager: Mounting plugin OnlineSubsystemUtils
LogPluginManager: Mounting plugin LauncherChunkInstaller
LogPluginManager: Mounting plugin AndroidDeviceProfileSelector
LogPluginManager: Mounting plugin AndroidMoviePlayer
LogPluginManager: Mounting plugin AndroidPermission
LogPluginManager: Mounting plugin AppleImageUtils
LogPluginManager: Mounting plugin AppleMoviePlayer
LogPluginManager: Mounting plugin ArchVisCharacter
LogPluginManager: Mounting plugin AssetTags
LogPluginManager: Mounting plugin AudioCapture
LogPluginManager: Mounting plugin CableComponent
LogPluginManager: Mounting plugin CustomMeshComponent
LogPluginManager: Mounting plugin EditableMesh
LogPluginManager: Mounting plugin ExampleDeviceProfileSelector
LogPluginManager: Mounting plugin GoogleCloudMessaging
LogPluginManager: Mounting plugin IOSDeviceProfileSelector
LogPluginManager: Mounting plugin LinuxDeviceProfileSelector
LogPluginManager: Mounting plugin LocationServicesBPLibrary
LogPluginManager: Mounting plugin MobilePatchingUtils
LogPluginManager: Mounting plugin OculusVR
LogPluginManager: Mounting plugin PhysXVehicles
LogPluginManager: Mounting plugin PostSplashScreen
LogPluginManager: Mounting plugin ProceduralMeshComponent
LogPluginManager: Mounting plugin RuntimePhysXCooking
LogPluginManager: Mounting plugin SignificanceManager
LogPluginManager: Mounting plugin SteamVR
LogPluginManager: Mounting plugin WebMMoviePlayer
LogPluginManager: Mounting plugin WindowsMoviePlayer
LogPluginManager: Mounting plugin ScreenshotTools
LogInit: Using libcurl 7.55.1-DEV
LogInit:  - built for x86_64-pc-win32
LogInit:  - supports SSL with OpenSSL/1.1.1
LogInit:  - supports HTTP deflate (compression) using libz 1.2.8
LogInit:  - other features:
LogInit:      CURL_VERSION_SSL
LogInit:      CURL_VERSION_LIBZ
LogInit:      CURL_VERSION_IPV6
LogInit:      CURL_VERSION_ASYNCHDNS
LogInit:      CURL_VERSION_LARGEFILE
LogInit:      CURL_VERSION_IDN
LogInit:  CurlRequestOptions (configurable via config and command line):
LogInit:  - bVerifyPeer = true  - Libcurl will verify peer certificate
LogInit:  - bUseHttpProxy = false  - Libcurl will NOT use HTTP proxy
LogInit:  - bDontReuseConnections = false  - Libcurl will reuse connections
LogInit:  - MaxHostConnections = 16  - Libcurl will limit the number of connections to a host
LogInit:  - LocalHostAddr = Default
LogInit:  - BufferSize = 65536
LogOnline: OSS: Creating online subsystem instance for: NULL
LogInit: WinSock: version 1.1 (2.2), MaxSocks=32767, MaxUdp=65467
LogOnline: OSS: TryLoadSubsystemAndSetDefault: Loaded subsystem for module [NULL]
LogInit: Build: ++UE4+Release-4.24-CL-10757647
LogInit: Engine Version: 4.24.1-10757647+++UE4+Release-4.24
LogInit: Compatible Engine Version: 4.24.0-10570792+++UE4+Release-4.24
LogInit: Net CL: 10570792
LogInit: OS: Windows 10 (Release 1903) (), CPU: Intel(R) Core(TM) i7-8750H CPU @ 2.20GHz, GPU: Intel(R) UHD Graphics 630
LogInit: Compiled (64-bit): Dec 17 2019 02:08:03
LogInit: Compiled with Visual C++: 19.16.27032.01
LogInit: Build Configuration: Development
LogInit: Branch Name: ++UE4+Release-4.24
LogInit: Command Line: 
LogInit: Base Directory: D:/Epic Games/UE_4.24/Engine/Binaries/Win64/
LogInit: Installed Engine Build: 1
LogDevObjectVersion: Number of dev versions registered: 25
LogDevObjectVersion:   Dev-Blueprints (B0D832E4-1F89-4F0D-ACCF-7EB736FD4AA2): 10
LogDevObjectVersion:   Dev-Build (E1C64328-A22C-4D53-A36C-8E866417BD8C): 0
LogDevObjectVersion:   Dev-Core (375EC13C-06E4-48FB-B500-84F0262A717E): 3
LogDevObjectVersion:   Dev-Editor (E4B068ED-F494-42E9-A231-DA0B2E46BB41): 37
LogDevObjectVersion:   Dev-Framework (CFFC743F-43B0-4480-9391-14DF171D2073): 36
LogDevObjectVersion:   Dev-Mobile (B02B49B5-BB20-44E9-A304-32B752E40360): 2
LogDevObjectVersion:   Dev-Networking (A4E4105C-59A1-49B5-A7C5-40C4547EDFEE): 0
LogDevObjectVersion:   Dev-Online (39C831C9-5AE6-47DC-9A44-9C173E1C8E7C): 0
LogDevObjectVersion:   Dev-Physics (78F01B33-EBEA-4F98-B9B4-84EACCB95AA2): 2
LogDevObjectVersion:   Dev-Platform (6631380F-2D4D-43E0-8009-CF276956A95A): 0
LogDevObjectVersion:   Dev-Rendering (12F88B9F-8875-4AFC-A67C-D90C383ABD29): 36
LogDevObjectVersion:   Dev-Sequencer (7B5AE74C-D270-4C10-A958-57980B212A5A): 11
LogDevObjectVersion:   Dev-VR (D7296918-1DD6-4BDD-9DE2-64A83CC13884): 2
LogDevObjectVersion:   Dev-LoadTimes (C2A15278-BFE7-4AFE-6C17-90FF531DF755): 1
LogDevObjectVersion:   Private-Geometry (6EACA3D4-40EC-4CC1-B786-8BED09428FC5): 3
LogDevObjectVersion:   Dev-AnimPhys (29E575DD-E0A3-4627-9D10-D276232CDCEA): 17
LogDevObjectVersion:   Dev-Anim (AF43A65D-7FD3-4947-9873-3E8ED9C1BB05): 2
LogDevObjectVersion:   Dev-ReflectionCapture (6B266CEC-1EC7-4B8F-A30B-E4D90942FC07): 1
LogDevObjectVersion:   Dev-Automation (0DF73D61-A23F-47EA-B727-89E90C41499A): 1
LogDevObjectVersion:   FortniteMain (601D1886-AC64-4F84-AA16-D3DE0DEAC7D6): 31
LogDevObjectVersion:   Dev-Enterprise (9DFFBCD6-494F-0158-E221-12823C92A888): 8
LogDevObjectVersion:   Dev-Niagara (F2AED0AC-9AFE-416F-8664-AA7FFA26D6FC): 1
LogDevObjectVersion:   Dev-Destruction (174F1F0B-B4C6-45A5-B13F-2EE8D0FB917D): 9
LogDevObjectVersion:   Dev-Physics-Ext (35F94A83-E258-406C-A318-09F59610247C): 8
LogDevObjectVersion:   Dev-CineCamera (B2E18506-4273-CFC2-A54E-F4BB758BBA07): 1
LogInit: Presizing for max 25165824 objects, including 0 objects not considered by GC, pre-allocating 0 bytes for permanent pool.
LogInit: Object subsystem initialized
LogConfig: Setting CVar [[con.DebugEarlyDefault:1]]
LogConfig: Setting CVar [[r.setres:1280x720]]
[2020.03.14-16.24.24:225][  0]LogConfig: Setting CVar [[r.VSync:0]]
[2020.03.14-16.24.24:225][  0]LogConfig: Setting CVar [[r.RHICmdBypass:0]]
[2020.03.14-16.24.24:225][  0]LogConfig: Applying CVar settings from Section [/Script/Engine.RendererSettings] File [D:/Epic Games/mis proyectos/Lolilandia02/Saved/Config/Windows/Engine.ini]
[2020.03.14-16.24.24:225][  0]LogConfig: Setting CVar [[r.GPUCrashDebugging:0]]
[2020.03.14-16.24.24:225][  0]LogConfig: Applying CVar settings from Section [/Script/Engine.RendererOverrideSettings] File [D:/Epic Games/mis proyectos/Lolilandia02/Saved/Config/Windows/Engine.ini]
[2020.03.14-16.24.24:225][  0]LogConfig: Applying CVar settings from Section [/Script/Engine.StreamingSettings] File [D:/Epic Games/mis proyectos/Lolilandia02/Saved/Config/Windows/Engine.ini]
[2020.03.14-16.24.24:225][  0]LogConfig: Setting CVar [[s.MinBulkDataSizeForAsyncLoading:131072]]
[2020.03.14-16.24.24:225][  0]LogConfig: Setting CVar [[s.AsyncLoadingThreadEnabled:0]]
[2020.03.14-16.24.24:225][  0]LogConfig: Setting CVar [[s.EventDrivenLoaderEnabled:1]]
[2020.03.14-16.24.24:225][  0]LogConfig: Setting CVar [[s.WarnIfTimeLimitExceeded:0]]
[2020.03.14-16.24.24:225][  0]LogConfig: Setting CVar [[s.TimeLimitExceededMultiplier:1.5]]
[2020.03.14-16.24.24:225][  0]LogConfig: Setting CVar [[s.TimeLimitExceededMinTime:0.005]]
[2020.03.14-16.24.24:225][  0]LogConfig: Setting CVar [[s.UseBackgroundLevelStreaming:1]]
[2020.03.14-16.24.24:225][  0]LogConfig: Setting CVar [[s.PriorityAsyncLoadingExtraTime:15.0]]
[2020.03.14-16.24.24:225][  0]LogConfig: Setting CVar [[s.LevelStreamingActorsUpdateTimeLimit:5.0]]
[2020.03.14-16.24.24:225][  0]LogConfig: Setting CVar [[s.PriorityLevelStreamingActorsUpdateExtraTime:5.0]]
[2020.03.14-16.24.24:225][  0]LogConfig: Setting CVar [[s.LevelStreamingComponentsRegistrationGranularity:10]]
[2020.03.14-16.24.24:225][  0]LogConfig: Setting CVar [[s.UnregisterComponentsTimeLimit:1.0]]
[2020.03.14-16.24.24:225][  0]LogConfig: Setting CVar [[s.LevelStreamingComponentsUnregistrationGranularity:5]]
[2020.03.14-16.24.24:225][  0]LogConfig: Setting CVar [[s.FlushStreamingOnExit:1]]
[2020.03.14-16.24.24:225][  0]LogConfig: Applying CVar settings from Section [/Script/Engine.GarbageCollectionSettings] File [D:/Epic Games/mis proyectos/Lolilandia02/Saved/Config/Windows/Engine.ini]
[2020.03.14-16.24.24:225][  0]LogConfig: Setting CVar [[gc.MaxObjectsNotConsideredByGC:1]]
[2020.03.14-16.24.24:225][  0]LogConfig: Setting CVar [[gc.SizeOfPermanentObjectPool:0]]
[2020.03.14-16.24.24:225][  0]LogConfig: Setting CVar [[gc.FlushStreamingOnGC:0]]
[2020.03.14-16.24.24:225][  0]LogConfig: Setting CVar [[gc.NumRetriesBeforeForcingGC:10]]
[2020.03.14-16.24.24:225][  0]LogConfig: Setting CVar [[gc.AllowParallelGC:1]]
[2020.03.14-16.24.24:225][  0]LogConfig: Setting CVar [[gc.TimeBetweenPurgingPendingKillObjects:61.1]]
[2020.03.14-16.24.24:225][  0]LogConfig: Setting CVar [[gc.MaxObjectsInEditor:25165824]]
[2020.03.14-16.24.24:225][  0]LogConfig: Setting CVar [[gc.IncrementalBeginDestroyEnabled:1]]
[2020.03.14-16.24.24:225][  0]LogConfig: Setting CVar [[gc.CreateGCClusters:1]]
[2020.03.14-16.24.24:225][  0]LogConfig: Setting CVar [[gc.MinGCClusterSize:5]]
[2020.03.14-16.24.24:225][  0]LogConfig: Setting CVar [[gc.ActorClusteringEnabled:0]]
[2020.03.14-16.24.24:225][  0]LogConfig: Setting CVar [[gc.BlueprintClusteringEnabled:0]]
[2020.03.14-16.24.24:225][  0]LogConfig: Setting CVar [[gc.UseDisregardForGCOnDedicatedServers:0]]
[2020.03.14-16.24.24:225][  0]LogConfig: Applying CVar settings from Section [/Script/Engine.NetworkSettings] File [D:/Epic Games/mis proyectos/Lolilandia02/Saved/Config/Windows/Engine.ini]
[2020.03.14-16.24.24:225][  0]LogConfig: Applying CVar settings from Section [/Script/UnrealEd.CookerSettings] File [D:/Epic Games/mis proyectos/Lolilandia02/Saved/Config/Windows/Engine.ini]
[2020.03.14-16.24.24:228][  0]LogConfig: Applying CVar settings from Section [ViewDistanceQuality@3] File [D:/Epic Games/mis proyectos/Lolilandia02/Saved/Config/Windows/Scalability.ini]
[2020.03.14-16.24.24:228][  0]LogConfig: Setting CVar [[r.SkeletalMeshLODBias:0]]
[2020.03.14-16.24.24:228][  0]LogConfig: Setting CVar [[r.ViewDistanceScale:1.0]]
[2020.03.14-16.24.24:228][  0]LogConfig: Applying CVar settings from Section [AntiAliasingQuality@3] File [D:/Epic Games/mis proyectos/Lolilandia02/Saved/Config/Windows/Scalability.ini]
[2020.03.14-16.24.24:228][  0]LogConfig: Setting CVar [[r.PostProcessAAQuality:4]]
[2020.03.14-16.24.24:228][  0]LogConfig: Applying CVar settings from Section [ShadowQuality@3] File [D:/Epic Games/mis proyectos/Lolilandia02/Saved/Config/Windows/Scalability.ini]
[2020.03.14-16.24.24:228][  0]LogConfig: Setting CVar [[r.LightFunctionQuality:1]]
[2020.03.14-16.24.24:228][  0]LogConfig: Setting CVar [[r.ShadowQuality:5]]
[2020.03.14-16.24.24:228][  0]LogConfig: Setting CVar [[r.Shadow.CSM.MaxCascades:10]]
[2020.03.14-16.24.24:228][  0]LogConfig: Setting CVar [[r.Shadow.MaxResolution:2048]]
[2020.03.14-16.24.24:228][  0]LogConfig: Setting CVar [[r.Shadow.MaxCSMResolution:2048]]
[2020.03.14-16.24.24:228][  0]LogConfig: Setting CVar [[r.Shadow.RadiusThreshold:0.01]]
[2020.03.14-16.24.24:228][  0]LogConfig: Setting CVar [[r.Shadow.DistanceScale:1.0]]
[2020.03.14-16.24.24:228][  0]LogConfig: Setting CVar [[r.Shadow.CSM.TransitionScale:1.0]]
[2020.03.14-16.24.24:228][  0]LogConfig: Setting CVar [[r.Shadow.PreShadowResolutionFactor:1.0]]
[2020.03.14-16.24.24:228][  0]LogConfig: Setting CVar [[r.DistanceFieldShadowing:1]]
[2020.03.14-16.24.24:228][  0]LogConfig: Setting CVar [[r.DistanceFieldAO:1]]
[2020.03.14-16.24.24:228][  0]LogConfig: Setting CVar [[r.AOQuality:2]]
[2020.03.14-16.24.24:228][  0]LogConfig: Setting CVar [[r.VolumetricFog:1]]
[2020.03.14-16.24.24:228][  0]LogConfig: Setting CVar [[r.VolumetricFog.GridPixelSize:8]]
[2020.03.14-16.24.24:228][  0]LogConfig: Setting CVar [[r.VolumetricFog.GridSizeZ:128]]
[2020.03.14-16.24.24:228][  0]LogConfig: Setting CVar [[r.VolumetricFog.HistoryMissSupersampleCount:4]]
[2020.03.14-16.24.24:228][  0]LogConfig: Setting CVar [[r.LightMaxDrawDistanceScale:1]]
[2020.03.14-16.24.24:228][  0]LogConfig: Setting CVar [[r.CapsuleShadows:1]]
[2020.03.14-16.24.24:228][  0]LogConfig: Applying CVar settings from Section [PostProcessQuality@3] File [D:/Epic Games/mis proyectos/Lolilandia02/Saved/Config/Windows/Scalability.ini]
[2020.03.14-16.24.24:228][  0]LogConfig: Setting CVar [[r.MotionBlurQuality:4]]
[2020.03.14-16.24.24:228][  0]LogConfig: Setting CVar [[r.AmbientOcclusionMipLevelFactor:0.4]]
[2020.03.14-16.24.24:228][  0]LogConfig: Setting CVar [[r.AmbientOcclusionMaxQuality:100]]
[2020.03.14-16.24.24:228][  0]LogConfig: Setting CVar [[r.AmbientOcclusionLevels:-1]]
[2020.03.14-16.24.24:228][  0]LogConfig: Setting CVar [[r.AmbientOcclusionRadiusScale:1.0]]
[2020.03.14-16.24.24:228][  0]LogConfig: Setting CVar [[r.DepthOfFieldQuality:2]]
[2020.03.14-16.24.24:228][  0]LogConfig: Setting CVar [[r.RenderTargetPoolMin:400]]
[2020.03.14-16.24.24:228][  0]LogConfig: Setting CVar [[r.LensFlareQuality:2]]
[2020.03.14-16.24.24:228][  0]LogConfig: Setting CVar [[r.SceneColorFringeQuality:1]]
[2020.03.14-16.24.24:228][  0]LogConfig: Setting CVar [[r.EyeAdaptationQuality:2]]
[2020.03.14-16.24.24:228][  0]LogConfig: Setting CVar [[r.BloomQuality:5]]
[2020.03.14-16.24.24:228][  0]LogConfig: Setting CVar [[r.FastBlurThreshold:100]]
[2020.03.14-16.24.24:228][  0]LogConfig: Setting CVar [[r.Upscale.Quality:3]]
[2020.03.14-16.24.24:228][  0]LogConfig: Setting CVar [[r.Tonemapper.GrainQuantization:1]]
[2020.03.14-16.24.24:228][  0]LogConfig: Setting CVar [[r.LightShaftQuality:1]]
[2020.03.14-16.24.24:228][  0]LogConfig: Setting CVar [[r.Filter.SizeScale:1]]
[2020.03.14-16.24.24:228][  0]LogConfig: Setting CVar [[r.Tonemapper.Quality:5]]
[2020.03.14-16.24.24:228][  0]LogConfig: Setting CVar [[r.DOF.Gather.AccumulatorQuality:1        ; higher gathering accumulator quality]]
[2020.03.14-16.24.24:228][  0]LogConfig: Setting CVar [[r.DOF.Gather.PostfilterMethod:1          ; Median3x3 postfilering method]]
[2020.03.14-16.24.24:228][  0]LogConfig: Setting CVar [[r.DOF.Gather.EnableBokehSettings:0       ; no bokeh simulation when gathering]]
[2020.03.14-16.24.24:228][  0]LogConfig: Setting CVar [[r.DOF.Gather.RingCount:4                 ; medium number of samples when gathering]]
[2020.03.14-16.24.24:228][  0]LogConfig: Setting CVar [[r.DOF.Scatter.ForegroundCompositing:1    ; additive foreground scattering]]
[2020.03.14-16.24.24:228][  0]LogConfig: Setting CVar [[r.DOF.Scatter.BackgroundCompositing:2    ; additive background scattering]]
[2020.03.14-16.24.24:228][  0]LogConfig: Setting CVar [[r.DOF.Scatter.EnableBokehSettings:1      ; bokeh simulation when scattering]]
[2020.03.14-16.24.24:228][  0]LogConfig: Setting CVar [[r.DOF.Scatter.MaxSpriteRatio:0.1         ; only a maximum of 10% of scattered bokeh]]
[2020.03.14-16.24.24:228][  0]LogConfig: Setting CVar [[r.DOF.Recombine.Quality:1                ; cheap slight out of focus]]
[2020.03.14-16.24.24:228][  0]LogConfig: Setting CVar [[r.DOF.Recombine.EnableBokehSettings:0    ; no bokeh simulation on slight out of focus]]
[2020.03.14-16.24.24:228][  0]LogConfig: Setting CVar [[r.DOF.TemporalAAQuality:1                ; more stable temporal accumulation]]
[2020.03.14-16.24.24:228][  0]LogConfig: Setting CVar [[r.DOF.Kernel.MaxForegroundRadius:0.025]]
[2020.03.14-16.24.24:228][  0]LogConfig: Setting CVar [[r.DOF.Kernel.MaxBackgroundRadius:0.025]]
[2020.03.14-16.24.24:228][  0]LogConfig: Applying CVar settings from Section [TextureQuality@3] File [D:/Epic Games/mis proyectos/Lolilandia02/Saved/Config/Windows/Scalability.ini]
[2020.03.14-16.24.24:228][  0]LogConfig: Setting CVar [[r.Streaming.MipBias:0]]
[2020.03.14-16.24.24:228][  0]LogConfig: Setting CVar [[r.Streaming.AmortizeCPUToGPUCopy:0]]
[2020.03.14-16.24.24:229][  0]LogConfig: Setting CVar [[r.Streaming.MaxNumTexturesToStreamPerFrame:0]]
[2020.03.14-16.24.24:229][  0]LogConfig: Setting CVar [[r.Streaming.Boost:1]]
[2020.03.14-16.24.24:229][  0]LogConfig: Setting CVar [[r.MaxAnisotropy:8]]
[2020.03.14-16.24.24:229][  0]LogConfig: Setting CVar [[r.VT.MaxAnisotropy:8]]
[2020.03.14-16.24.24:229][  0]LogConfig: Setting CVar [[r.Streaming.LimitPoolSizeToVRAM:0]]
[2020.03.14-16.24.24:229][  0]LogConfig: Setting CVar [[r.Streaming.PoolSize:1000]]
[2020.03.14-16.24.24:229][  0]LogConfig: Setting CVar [[r.Streaming.MaxEffectiveScreenSize:0]]
[2020.03.14-16.24.24:229][  0]LogConfig: Applying CVar settings from Section [EffectsQuality@3] File [D:/Epic Games/mis proyectos/Lolilandia02/Saved/Config/Windows/Scalability.ini]
[2020.03.14-16.24.24:229][  0]LogConfig: Setting CVar [[r.TranslucencyLightingVolumeDim:64]]
[2020.03.14-16.24.24:229][  0]LogConfig: Setting CVar [[r.RefractionQuality:2]]
[2020.03.14-16.24.24:229][  0]LogConfig: Setting CVar [[r.SSR.Quality:3]]
[2020.03.14-16.24.24:229][  0]LogConfig: Setting CVar [[r.SSR.HalfResSceneColor:0]]
[2020.03.14-16.24.24:229][  0]LogConfig: Setting CVar [[r.SceneColorFormat:4]]
[2020.03.14-16.24.24:229][  0]LogConfig: Setting CVar [[r.DetailMode:2]]
[2020.03.14-16.24.24:229][  0]LogConfig: Setting CVar [[r.TranslucencyVolumeBlur:1]]
[2020.03.14-16.24.24:229][  0]LogConfig: Setting CVar [[r.MaterialQualityLevel:1 ; High quality]]
[2020.03.14-16.24.24:229][  0]LogConfig: Setting CVar [[r.SSS.Scale:1]]
[2020.03.14-16.24.24:229][  0]LogConfig: Setting CVar [[r.SSS.SampleSet:2]]
[2020.03.14-16.24.24:229][  0]LogConfig: Setting CVar [[r.SSS.Quality:1]]
[2020.03.14-16.24.24:229][  0]LogConfig: Setting CVar [[r.SSS.HalfRes:1]]
[2020.03.14-16.24.24:229][  0]LogConfig: Setting CVar [[r.SSGI.Quality:3]]
[2020.03.14-16.24.24:229][  0]LogConfig: Setting CVar [[r.EmitterSpawnRateScale:1.0]]
[2020.03.14-16.24.24:229][  0]LogConfig: Setting CVar [[r.ParticleLightQuality:2]]
[2020.03.14-16.24.24:229][  0]LogConfig: Setting CVar [[r.SkyAtmosphere.AerialPerspectiveLUT.FastApplyOnOpaque:1 ; Always have FastSkyLUT 1 in this case to avoid wrong sky]]
[2020.03.14-16.24.24:229][  0]LogConfig: Setting CVar [[r.SkyAtmosphere.AerialPerspectiveLUT.SampleCountPerSlice:1]]
[2020.03.14-16.24.24:229][  0]LogConfig: Setting CVar [[r.SkyAtmosphere.AerialPerspectiveLUT.DepthResolution:16.0]]
[2020.03.14-16.24.24:229][  0]LogConfig: Setting CVar [[r.SkyAtmosphere.FastSkyLUT:1]]
[2020.03.14-16.24.24:229][  0]LogConfig: Setting CVar [[r.SkyAtmosphere.FastSkyLUT.SampleCountMin:4.0]]
[2020.03.14-16.24.24:229][  0]LogConfig: Setting CVar [[r.SkyAtmosphere.FastSkyLUT.SampleCountMax:32.0]]
[2020.03.14-16.24.24:229][  0]LogConfig: Setting CVar [[r.SkyAtmosphere.SampleCountMin:4.0]]
[2020.03.14-16.24.24:229][  0]LogConfig: Setting CVar [[r.SkyAtmosphere.SampleCountMax:32.0]]
[2020.03.14-16.24.24:229][  0]LogConfig: Setting CVar [[r.SkyAtmosphere.TransmittanceLUT.UseSmallFormat:0]]
[2020.03.14-16.24.24:229][  0]LogConfig: Setting CVar [[r.SkyAtmosphere.TransmittanceLUT.SampleCount:10.0]]
[2020.03.14-16.24.24:229][  0]LogConfig: Setting CVar [[r.SkyAtmosphere.MultiScatteringLUT.SampleCount:15.0]]
[2020.03.14-16.24.24:229][  0]LogConfig: Applying CVar settings from Section [FoliageQuality@3] File [D:/Epic Games/mis proyectos/Lolilandia02/Saved/Config/Windows/Scalability.ini]
[2020.03.14-16.24.24:229][  0]LogConfig: Setting CVar [[foliage.DensityScale:1.0]]
[2020.03.14-16.24.24:229][  0]LogConfig: Setting CVar [[grass.DensityScale:1.0]]
[2020.03.14-16.24.24:229][  0]LogConfig: Applying CVar settings from Section [ShadingQuality@3] File [D:/Epic Games/mis proyectos/Lolilandia02/Saved/Config/Windows/Scalability.ini]
[2020.03.14-16.24.24:229][  0]LogConfig: Setting CVar [[r.HairStrands.SkyLighting.SampleCount:16]]
[2020.03.14-16.24.24:229][  0]LogConfig: Setting CVar [[r.HairStrands.SkyLighting.JitterIntegration:0]]
[2020.03.14-16.24.24:229][  0]LogConfig: Setting CVar [[r.HairStrands.SkyAO.SampleCount:16]]
[2020.03.14-16.24.24:229][  0]LogInit: Selected Device Profile: [Windows]
[2020.03.14-16.24.24:229][  0]LogInit: Applying CVar settings loaded from the selected device profile: [Windows]
[2020.03.14-16.24.24:232][  0]LogHAL: Display: Platform has ~ 16 GB [17014509568 / 17179869184 / 16], which maps to Larger [LargestMinGB=32, LargerMinGB=12, DefaultMinGB=8, SmallerMinGB=6, SmallestMinGB=0)
[2020.03.14-16.24.24:232][  0]LogInit: Going up to parent DeviceProfile []
[2020.03.14-16.24.24:232][  0]LogConfig: Applying CVar settings from Section [ViewDistanceQuality@1] File [D:/Epic Games/mis proyectos/Lolilandia02/Saved/Config/Windows/Scalability.ini]
[2020.03.14-16.24.24:232][  0]LogConfig: Setting CVar [[r.SkeletalMeshLODBias:1]]
[2020.03.14-16.24.24:232][  0]LogConfig: Setting CVar [[r.ViewDistanceScale:0.6]]
[2020.03.14-16.24.24:232][  0]LogConfig: Applying CVar settings from Section [AntiAliasingQuality@1] File [D:/Epic Games/mis proyectos/Lolilandia02/Saved/Config/Windows/Scalability.ini]
[2020.03.14-16.24.24:232][  0]LogConfig: Setting CVar [[r.PostProcessAAQuality:2]]
[2020.03.14-16.24.24:232][  0]LogConfig: Applying CVar settings from Section [ShadowQuality@1] File [D:/Epic Games/mis proyectos/Lolilandia02/Saved/Config/Windows/Scalability.ini]
[2020.03.14-16.24.24:232][  0]LogConfig: Setting CVar [[r.LightFunctionQuality:1]]
[2020.03.14-16.24.24:232][  0]LogConfig: Setting CVar [[r.ShadowQuality:3]]
[2020.03.14-16.24.24:232][  0]LogConfig: Setting CVar [[r.Shadow.CSM.MaxCascades:1]]
[2020.03.14-16.24.24:232][  0]LogConfig: Setting CVar [[r.Shadow.MaxResolution:1024]]
[2020.03.14-16.24.24:232][  0]LogConfig: Setting CVar [[r.Shadow.MaxCSMResolution:1024]]
[2020.03.14-16.24.24:232][  0]LogConfig: Setting CVar [[r.Shadow.RadiusThreshold:0.05]]
[2020.03.14-16.24.24:232][  0]LogConfig: Setting CVar [[r.Shadow.DistanceScale:0.7]]
[2020.03.14-16.24.24:232][  0]LogConfig: Setting CVar [[r.Shadow.CSM.TransitionScale:0.25]]
[2020.03.14-16.24.24:232][  0]LogConfig: Setting CVar [[r.Shadow.PreShadowResolutionFactor:0.5]]
[2020.03.14-16.24.24:232][  0]LogConfig: Setting CVar [[r.DistanceFieldShadowing:0]]
[2020.03.14-16.24.24:232][  0]LogConfig: Setting CVar [[r.DistanceFieldAO:0]]
[2020.03.14-16.24.24:232][  0]LogConfig: Setting CVar [[r.VolumetricFog:0]]
[2020.03.14-16.24.24:232][  0]LogConfig: Setting CVar [[r.LightMaxDrawDistanceScale:.5]]
[2020.03.14-16.24.24:232][  0]LogConfig: Setting CVar [[r.CapsuleShadows:1]]
[2020.03.14-16.24.24:232][  0]LogConfig: Applying CVar settings from Section [PostProcessQuality@1] File [D:/Epic Games/mis proyectos/Lolilandia02/Saved/Config/Windows/Scalability.ini]
[2020.03.14-16.24.24:232][  0]LogConfig: Setting CVar [[r.MotionBlurQuality:3]]
[2020.03.14-16.24.24:232][  0]LogConfig: Setting CVar [[r.AmbientOcclusionMipLevelFactor:1.0]]
[2020.03.14-16.24.24:232][  0]LogConfig: Setting CVar [[r.AmbientOcclusionMaxQuality:60]]
[2020.03.14-16.24.24:232][  0]LogConfig: Setting CVar [[r.AmbientOcclusionLevels:-1]]
[2020.03.14-16.24.24:232][  0]LogConfig: Setting CVar [[r.AmbientOcclusionRadiusScale:1.5]]
[2020.03.14-16.24.24:232][  0]LogConfig: Setting CVar [[r.DepthOfFieldQuality:1]]
[2020.03.14-16.24.24:232][  0]LogConfig: Setting CVar [[r.RenderTargetPoolMin:350]]
[2020.03.14-16.24.24:232][  0]LogConfig: Setting CVar [[r.LensFlareQuality:0]]
[2020.03.14-16.24.24:232][  0]LogConfig: Setting CVar [[r.SceneColorFringeQuality:0]]
[2020.03.14-16.24.24:232][  0]LogConfig: Setting CVar [[r.EyeAdaptationQuality:0]]
[2020.03.14-16.24.24:232][  0]LogConfig: Setting CVar [[r.BloomQuality:4]]
[2020.03.14-16.24.24:232][  0]LogConfig: Setting CVar [[r.FastBlurThreshold:2]]
[2020.03.14-16.24.24:232][  0]LogConfig: Setting CVar [[r.Upscale.Quality:2]]
[2020.03.14-16.24.24:232][  0]LogConfig: Setting CVar [[r.Tonemapper.GrainQuantization:0]]
[2020.03.14-16.24.24:232][  0]LogConfig: Setting CVar [[r.LightShaftQuality:0]]
[2020.03.14-16.24.24:232][  0]LogConfig: Setting CVar [[r.Filter.SizeScale:0.7]]
[2020.03.14-16.24.24:232][  0]LogConfig: Setting CVar [[r.Tonemapper.Quality:2]]
[2020.03.14-16.24.24:232][  0]LogConfig: Setting CVar [[r.DOF.Gather.AccumulatorQuality:0        ; lower gathering accumulator quality]]
[2020.03.14-16.24.24:232][  0]LogConfig: Setting CVar [[r.DOF.Gather.PostfilterMethod:2          ; Max3x3 postfilering method]]
[2020.03.14-16.24.24:232][  0]LogConfig: Setting CVar [[r.DOF.Gather.EnableBokehSettings:0       ; no bokeh simulation when gathering]]
[2020.03.14-16.24.24:232][  0]LogConfig: Setting CVar [[r.DOF.Gather.RingCount:3                 ; low number of samples when gathering]]
[2020.03.14-16.24.24:232][  0]LogConfig: Setting CVar [[r.DOF.Scatter.ForegroundCompositing:0    ; no foreground scattering]]
[2020.03.14-16.24.24:232][  0]LogConfig: Setting CVar [[r.DOF.Scatter.BackgroundCompositing:0    ; no foreground scattering]]
[2020.03.14-16.24.24:232][  0]LogConfig: Setting CVar [[r.DOF.Recombine.Quality:0                ; no slight out of focus]]
[2020.03.14-16.24.24:233][  0]LogConfig: Setting CVar [[r.DOF.TemporalAAQuality:0                ; faster temporal accumulation]]
[2020.03.14-16.24.24:233][  0]LogConfig: Setting CVar [[r.DOF.Kernel.MaxForegroundRadius:0.006   ; required because low gathering and no scattering and not looking great at 1080p]]
[2020.03.14-16.24.24:233][  0]LogConfig: Setting CVar [[r.DOF.Kernel.MaxBackgroundRadius:0.006   ; required because low gathering and no scattering and not looking great at 1080p]]
[2020.03.14-16.24.24:233][  0]LogConfig: Applying CVar settings from Section [TextureQuality@1] File [D:/Epic Games/mis proyectos/Lolilandia02/Saved/Config/Windows/Scalability.ini]
[2020.03.14-16.24.24:233][  0]LogConfig: Setting CVar [[r.Streaming.MipBias:1]]
[2020.03.14-16.24.24:233][  0]LogConfig: Setting CVar [[r.Streaming.AmortizeCPUToGPUCopy:0]]
[2020.03.14-16.24.24:233][  0]LogConfig: Setting CVar [[r.Streaming.MaxNumTexturesToStreamPerFrame:0]]
[2020.03.14-16.24.24:233][  0]LogConfig: Setting CVar [[r.Streaming.Boost:1]]
[2020.03.14-16.24.24:233][  0]LogConfig: Setting CVar [[r.MaxAnisotropy:2]]
[2020.03.14-16.24.24:233][  0]LogConfig: Setting CVar [[r.VT.MaxAnisotropy:4]]
[2020.03.14-16.24.24:233][  0]LogConfig: Setting CVar [[r.Streaming.LimitPoolSizeToVRAM:1]]
[2020.03.14-16.24.24:233][  0]LogConfig: Setting CVar [[r.Streaming.PoolSize:600]]
[2020.03.14-16.24.24:233][  0]LogConfig: Setting CVar [[r.Streaming.MaxEffectiveScreenSize:0]]
[2020.03.14-16.24.24:233][  0]LogConfig: Applying CVar settings from Section [EffectsQuality@1] File [D:/Epic Games/mis proyectos/Lolilandia02/Saved/Config/Windows/Scalability.ini]
[2020.03.14-16.24.24:233][  0]LogConfig: Setting CVar [[r.TranslucencyLightingVolumeDim:32]]
[2020.03.14-16.24.24:233][  0]LogConfig: Setting CVar [[r.RefractionQuality:0]]
[2020.03.14-16.24.24:233][  0]LogConfig: Setting CVar [[r.SSR.Quality:0]]
[2020.03.14-16.24.24:233][  0]LogConfig: Setting CVar [[r.SSR.HalfResSceneColor:1]]
[2020.03.14-16.24.24:233][  0]LogConfig: Setting CVar [[r.SceneColorFormat:3]]
[2020.03.14-16.24.24:233][  0]LogConfig: Setting CVar [[r.DetailMode:1]]
[2020.03.14-16.24.24:233][  0]LogConfig: Setting CVar [[r.TranslucencyVolumeBlur:0]]
[2020.03.14-16.24.24:233][  0]LogConfig: Setting CVar [[r.MaterialQualityLevel:2 ; Medium quality]]
[2020.03.14-16.24.24:233][  0]LogConfig: Setting CVar [[r.SSS.Scale:0.75]]
[2020.03.14-16.24.24:233][  0]LogConfig: Setting CVar [[r.SSS.SampleSet:0]]
[2020.03.14-16.24.24:233][  0]LogConfig: Setting CVar [[r.SSS.Quality:0]]
[2020.03.14-16.24.24:233][  0]LogConfig: Setting CVar [[r.SSS.HalfRes:1]]
[2020.03.14-16.24.24:233][  0]LogConfig: Setting CVar [[r.SSGI.Quality:1]]
[2020.03.14-16.24.24:233][  0]LogConfig: Setting CVar [[r.EmitterSpawnRateScale:0.25]]
[2020.03.14-16.24.24:233][  0]LogConfig: Setting CVar [[r.ParticleLightQuality:0]]
[2020.03.14-16.24.24:233][  0]LogConfig: Setting CVar [[r.SkyAtmosphere.AerialPerspectiveLUT.FastApplyOnOpaque:1 ; Always have FastSkyLUT 1 in this case to avoid wrong sky]]
[2020.03.14-16.24.24:233][  0]LogConfig: Setting CVar [[r.SkyAtmosphere.AerialPerspectiveLUT.SampleCountPerSlice:1]]
[2020.03.14-16.24.24:233][  0]LogConfig: Setting CVar [[r.SkyAtmosphere.AerialPerspectiveLUT.DepthResolution:16.0]]
[2020.03.14-16.24.24:233][  0]LogConfig: Setting CVar [[r.SkyAtmosphere.FastSkyLUT:1]]
[2020.03.14-16.24.24:233][  0]LogConfig: Setting CVar [[r.SkyAtmosphere.FastSkyLUT.SampleCountMin:4.0]]
[2020.03.14-16.24.24:233][  0]LogConfig: Setting CVar [[r.SkyAtmosphere.FastSkyLUT.SampleCountMax:32.0]]
[2020.03.14-16.24.24:233][  0]LogConfig: Setting CVar [[r.SkyAtmosphere.SampleCountMin:4.0]]
[2020.03.14-16.24.24:233][  0]LogConfig: Setting CVar [[r.SkyAtmosphere.SampleCountMax:32.0]]
[2020.03.14-16.24.24:233][  0]LogConfig: Setting CVar [[r.SkyAtmosphere.TransmittanceLUT.UseSmallFormat:0]]
[2020.03.14-16.24.24:233][  0]LogConfig: Setting CVar [[r.SkyAtmosphere.TransmittanceLUT.SampleCount:10.0]]
[2020.03.14-16.24.24:233][  0]LogConfig: Setting CVar [[r.SkyAtmosphere.MultiScatteringLUT.SampleCount:15.0]]
[2020.03.14-16.24.24:233][  0]LogConfig: Applying CVar settings from Section [FoliageQuality@1] File [D:/Epic Games/mis proyectos/Lolilandia02/Saved/Config/Windows/Scalability.ini]
[2020.03.14-16.24.24:233][  0]LogConfig: Setting CVar [[foliage.DensityScale:0.4]]
[2020.03.14-16.24.24:233][  0]LogConfig: Setting CVar [[grass.DensityScale:0.4]]
[2020.03.14-16.24.24:233][  0]LogConfig: Applying CVar settings from Section [ShadingQuality@1] File [D:/Epic Games/mis proyectos/Lolilandia02/Saved/Config/Windows/Scalability.ini]
[2020.03.14-16.24.24:233][  0]LogConfig: Setting CVar [[r.HairStrands.SkyLighting.SampleCount:16]]
[2020.03.14-16.24.24:233][  0]LogConfig: Setting CVar [[r.HairStrands.SkyLighting.JitterIntegration:0]]
[2020.03.14-16.24.24:233][  0]LogConfig: Setting CVar [[r.HairStrands.SkyAO.SampleCount:16]]
[2020.03.14-16.24.24:233][  0]LogConfig: Applying CVar settings from Section [Startup] File [../../../Engine/Config/ConsoleVariables.ini]
[2020.03.14-16.24.24:233][  0]LogConfig: Setting CVar [[net.UseAdaptiveNetUpdateFrequency:0]]
[2020.03.14-16.24.24:233][  0]LogConfig: Setting CVar [[p.chaos.AllowCreatePhysxBodies:1]]
[2020.03.14-16.24.24:233][  0]LogConfig: Applying CVar settings from Section [ConsoleVariables] File [D:/Epic Games/mis proyectos/Lolilandia02/Saved/Config/Windows/Engine.ini]
[2020.03.14-16.24.24:234][  0]LogInit: Computer: SKDIY-PREDATOR
[2020.03.14-16.24.24:234][  0]LogInit: User: SKDI
[2020.03.14-16.24.24:234][  0]LogInit: CPU Page size=4096, Cores=6
[2020.03.14-16.24.24:234][  0]LogInit: High frequency timer resolution =10.000000 MHz
[2020.03.14-16.24.24:234][  0]LogMemory: Memory total: Physical=15.8GB (16GB approx)
[2020.03.14-16.24.24:234][  0]LogMemory: Platform Memory Stats for Windows
[2020.03.14-16.24.24:234][  0]LogMemory: Process Physical Memory: 106.02 MB used, 106.02 MB peak
[2020.03.14-16.24.24:234][  0]LogMemory: Process Virtual Memory: 101.54 MB used, 101.54 MB peak
[2020.03.14-16.24.24:234][  0]LogMemory: Physical Memory: 6780.68 MB used,  9445.62 MB free, 16226.30 MB total
[2020.03.14-16.24.24:234][  0]LogMemory: Virtual Memory: 5124.86 MB used,  134212600.00 MB free, 134217728.00 MB total
[2020.03.14-16.24.24:237][  0]LogWindows: WindowsPlatformFeatures enabled
[2020.03.14-16.24.24:257][  0]LogInit: Using OS detected language (es-ES).
[2020.03.14-16.24.24:257][  0]LogInit: Using OS detected locale (es-PE).
[2020.03.14-16.24.24:258][  0]LogTextLocalizationManager: No specific localization for 'es-ES' exists, so the 'es' localization will be used.
[2020.03.14-16.24.24:292][  0]LogInit: Setting process to per monitor DPI aware
[2020.03.14-16.24.24:325][  0]LogSlate: New Slate User Created.  User Index 0, Is Virtual User: 0
[2020.03.14-16.24.24:325][  0]LogSlate: Slate User Registered.  User Index 0, Is Virtual User: 0
[2020.03.14-16.24.24:491][  0]LogHMD: Failed to initialize OpenVR with code 110
[2020.03.14-16.24.24:491][  0]LogD3D11RHI: D3D11 min allowed feature level: 11_0
[2020.03.14-16.24.24:491][  0]LogD3D11RHI: D3D11 max allowed feature level: 11_0
[2020.03.14-16.24.24:491][  0]LogD3D11RHI: D3D11 adapters:
[2020.03.14-16.24.24:543][  0]LogD3D11RHI:    0. 'NVIDIA GeForce GTX 1060' (Feature Level 11_0)
[2020.03.14-16.24.24:543][  0]LogD3D11RHI:       6061/0/8113 MB DedicatedVideo/DedicatedSystem/SharedSystem, Outputs:1, VendorId:0x10de
[2020.03.14-16.24.24:555][  0]LogD3D11RHI:    1. 'Intel(R) UHD Graphics 630' (Feature Level 11_0)
[2020.03.14-16.24.24:555][  0]LogD3D11RHI:       128/0/8113 MB DedicatedVideo/DedicatedSystem/SharedSystem, Outputs:0, VendorId:0x8086
[2020.03.14-16.24.24:557][  0]LogD3D11RHI:    2. 'Microsoft Basic Render Driver' (Feature Level 11_0)
[2020.03.14-16.24.24:557][  0]LogD3D11RHI:       0/0/8113 MB DedicatedVideo/DedicatedSystem/SharedSystem, Outputs:0, VendorId:0x1414
[2020.03.14-16.24.24:557][  0]LogD3D11RHI: Chosen D3D11 Adapter: 0
[2020.03.14-16.24.24:602][  0]LogD3D11RHI: Creating new Direct3DDevice
[2020.03.14-16.24.24:602][  0]LogD3D11RHI:     GPU DeviceId: 0x1c20 (for the marketing name, search the web for "GPU Device Id")
[2020.03.14-16.24.24:602][  0]LogWindows: EnumDisplayDevices:
[2020.03.14-16.24.24:602][  0]LogWindows:    0. 'Intel(R) UHD Graphics 630' (P:1 D:1)
[2020.03.14-16.24.24:603][  0]LogWindows:    1. 'Intel(R) UHD Graphics 630' (P:0 D:0)
[2020.03.14-16.24.24:603][  0]LogWindows:    2. 'Intel(R) UHD Graphics 630' (P:0 D:0)
[2020.03.14-16.24.24:603][  0]LogWindows:    3. 'NVIDIA GeForce GTX 1060' (P:0 D:0)
[2020.03.14-16.24.24:603][  0]LogWindows: DebugString: PrimaryIsNotTheChoosenAdapter PrimaryIsNotTheChoosenAdapter PrimaryIsNotTheChoosenAdapter 
[2020.03.14-16.24.24:604][  0]LogD3D11RHI:     Adapter Name: NVIDIA GeForce GTX 1060
[2020.03.14-16.24.24:604][  0]LogD3D11RHI:   Driver Version: 388.73 (internal:23.21.13.8873, unified:388.73)
[2020.03.14-16.24.24:604][  0]LogD3D11RHI:      Driver Date: 12-18-2017
[2020.03.14-16.24.24:604][  0]LogRHI: Texture pool is 4242 MB (70% of 6061 MB)
[2020.03.14-16.24.24:626][  0]LogD3D11RHI: RHI has support for 64 bit atomics
[2020.03.14-16.24.24:626][  0]LogD3D11RHI: Async texture creation enabled
[2020.03.14-16.24.24:636][  0]LogD3D11RHI: GPU Timing Frequency: 1000.000000 (Debug: 2 1)
[2020.03.14-16.24.24:929][  0]LogTargetPlatformManager: Display: Loaded TargetPlatform 'AllDesktop'
[2020.03.14-16.24.24:954][  0]LogTargetPlatformManager: Display: Loaded TargetPlatform 'Android'
[2020.03.14-16.24.24:954][  0]LogTargetPlatformManager: Display: Loaded TargetPlatform 'Android_ASTC'
[2020.03.14-16.24.24:954][  0]LogTargetPlatformManager: Display: Loaded TargetPlatform 'Android_ATC'
[2020.03.14-16.24.24:954][  0]LogTargetPlatformManager: Display: Loaded TargetPlatform 'Android_DXT'
[2020.03.14-16.24.24:954][  0]LogTargetPlatformManager: Display: Loaded TargetPlatform 'Android_ETC1'
[2020.03.14-16.24.24:954][  0]LogTargetPlatformManager: Display: Loaded TargetPlatform 'Android_ETC1a'
[2020.03.14-16.24.24:954][  0]LogTargetPlatformManager: Display: Loaded TargetPlatform 'Android_ETC2'
[2020.03.14-16.24.24:954][  0]LogTargetPlatformManager: Display: Loaded TargetPlatform 'Android_PVRTC'
[2020.03.14-16.24.24:954][  0]LogTargetPlatformManager: Display: Loaded TargetPlatform 'AndroidClient'
[2020.03.14-16.24.24:954][  0]LogTargetPlatformManager: Display: Loaded TargetPlatform 'Android_ASTCClient'
[2020.03.14-16.24.24:954][  0]LogTargetPlatformManager: Display: Loaded TargetPlatform 'Android_ATCClient'
[2020.03.14-16.24.24:954][  0]LogTargetPlatformManager: Display: Loaded TargetPlatform 'Android_DXTClient'
[2020.03.14-16.24.24:954][  0]LogTargetPlatformManager: Display: Loaded TargetPlatform 'Android_ETC1Client'
[2020.03.14-16.24.24:954][  0]LogTargetPlatformManager: Display: Loaded TargetPlatform 'Android_ETC1aClient'
[2020.03.14-16.24.24:954][  0]LogTargetPlatformManager: Display: Loaded TargetPlatform 'Android_ETC2Client'
[2020.03.14-16.24.24:954][  0]LogTargetPlatformManager: Display: Loaded TargetPlatform 'Android_PVRTCClient'
[2020.03.14-16.24.24:954][  0]LogTargetPlatformManager: Display: Loaded TargetPlatform 'Android_Multi'
[2020.03.14-16.24.24:954][  0]LogTargetPlatformManager: Display: Loaded TargetPlatform 'Android_MultiClient'
[2020.03.14-16.24.24:969][  0]LogTargetPlatformManager: Display: Loaded TargetPlatform 'IOSClient'
[2020.03.14-16.24.24:969][  0]LogTargetPlatformManager: Display: Loaded TargetPlatform 'IOS'
[2020.03.14-16.24.24:975][  0]LogTargetPlatformManager: Display: Loaded TargetPlatform 'LinuxNoEditor'
[2020.03.14-16.24.24:980][  0]LogTargetPlatformManager: Display: Loaded TargetPlatform 'LinuxClient'
[2020.03.14-16.24.24:986][  0]LogTargetPlatformManager: Display: Loaded TargetPlatform 'LinuxServer'
[2020.03.14-16.24.24:991][  0]LogTargetPlatformManager: Display: Loaded TargetPlatform 'LinuxAArch64NoEditor'
[2020.03.14-16.24.24:997][  0]LogTargetPlatformManager: Display: Loaded TargetPlatform 'LinuxAArch64Client'
[2020.03.14-16.24.25:002][  0]LogTargetPlatformManager: Display: Loaded TargetPlatform 'LinuxAArch64Server'
[2020.03.14-16.24.25:021][  0]LogTargetPlatformManager: Display: Loaded TargetPlatform 'Lumin'
[2020.03.14-16.24.25:021][  0]LogTargetPlatformManager: Display: Loaded TargetPlatform 'LuminClient'
[2020.03.14-16.24.25:031][  0]LogTargetPlatformManager: Display: Loaded TargetPlatform 'TVOSClient'
[2020.03.14-16.24.25:031][  0]LogTargetPlatformManager: Display: Loaded TargetPlatform 'TVOS'
[2020.03.14-16.24.25:037][  0]LogTargetPlatformManager: Display: Loaded TargetPlatform 'WindowsNoEditor'
[2020.03.14-16.24.25:043][  0]LogTargetPlatformManager: Display: Loaded TargetPlatform 'Windows'
[2020.03.14-16.24.25:049][  0]LogTargetPlatformManager: Display: Loaded TargetPlatform 'WindowsClient'
[2020.03.14-16.24.25:054][  0]LogTargetPlatformManager: Display: Loaded TargetPlatform 'WindowsServer'
[2020.03.14-16.24.25:054][  0]LogTargetPlatformManager: Display: Building Assets For Windows
[2020.03.14-16.24.25:056][  0]LogAudioDebug: Display: Lib vorbis DLL was dynamically loaded.
[2020.03.14-16.24.25:072][  0]LogShaderCompilers: Guid format shader working directory is 6 characters bigger than the processId version (../../../../mis proyectos/Lolilandia02/Intermediate/Shaders/WorkingDirectory/14656/).
[2020.03.14-16.24.25:072][  0]LogShaderCompilers: Cleaned the shader compiler working directory 'C:/Users/SKDI/AppData/Local/Temp/UnrealShaderWorkingDir/DC36AF6E453F2FB42A505EA6C41ABE54/'.
[2020.03.14-16.24.25:073][  0]LogXGEController: Cannot use XGE Controller as Incredibuild is not installed on this machine.
[2020.03.14-16.24.25:073][  0]LogShaderCompilers: Cannot use XGE Shader Compiler as Incredibuild is not installed on this machine.
[2020.03.14-16.24.25:073][  0]LogShaderCompilers: Display: Using Local Shader Compiler.
[2020.03.14-16.24.25:691][  0]LogDerivedDataCache: Display: Max Cache Size: 512 MB
[2020.03.14-16.24.25:735][  0]LogDerivedDataCache: Loaded boot cache 0.04s 78MB C:/Users/SKDI/AppData/Local/UnrealEngine/4.24/DerivedDataCache/Boot.ddc.
[2020.03.14-16.24.25:735][  0]LogDerivedDataCache: Display: Loaded Boot cache: C:/Users/SKDI/AppData/Local/UnrealEngine/4.24/DerivedDataCache/Boot.ddc
[2020.03.14-16.24.25:735][  0]LogDerivedDataCache: FDerivedDataBackendGraph:  Pak pak cache file ../../../../mis proyectos/Lolilandia02/DerivedDataCache/DDC.ddp not found, will not use a pak cache.
[2020.03.14-16.24.25:735][  0]LogDerivedDataCache: Unable to find inner node Pak for hierarchical cache Hierarchy.
[2020.03.14-16.24.25:735][  0]LogDerivedDataCache: FDerivedDataBackendGraph:  CompressedPak pak cache file ../../../../mis proyectos/Lolilandia02/DerivedDataCache/Compressed.ddp not found, will not use a pak cache.
[2020.03.14-16.24.25:735][  0]LogDerivedDataCache: Unable to find inner node CompressedPak for hierarchical cache Hierarchy.
[2020.03.14-16.24.25:744][  0]LogDerivedDataCache: Display: Pak cache opened for reading ../../../Engine/DerivedDataCache/Compressed.ddp.
[2020.03.14-16.24.25:744][  0]LogDerivedDataCache: FDerivedDataBackendGraph:  EnterprisePak pak cache file ../../../Enterprise/DerivedDataCache/Compressed.ddp not found, will not use a pak cache.
[2020.03.14-16.24.25:744][  0]LogDerivedDataCache: Unable to find inner node EnterprisePak for hierarchical cache Hierarchy.
[2020.03.14-16.24.25:745][  0]LogDerivedDataCache: Using Local data cache path C:/Users/SKDI/AppData/Local/UnrealEngine/Common/DerivedDataCache: Writable
[2020.03.14-16.24.25:745][  0]LogDerivedDataCache: Shared data cache path not found in *engine.ini, will not use an Shared cache.
[2020.03.14-16.24.25:745][  0]LogDerivedDataCache: Unable to find inner node Shared for hierarchical cache Hierarchy.
[2020.03.14-16.24.25:766][  0]LogMaterial: Verifying Global Shaders for PCD3D_SM5
[2020.03.14-16.24.25:768][  0]LogSlate: Using FreeType 2.10.0
[2020.03.14-16.24.25:769][  0]LogSlate: SlateFontServices - WITH_FREETYPE: 1, WITH_HARFBUZZ: 1
[2020.03.14-16.24.25:816][  0]LogAssetRegistry: FAssetRegistry took 0.0021 seconds to start up
[2020.03.14-16.24.26:056][  0]LogInit: Selected Device Profile: [Windows]
[2020.03.14-16.24.26:184][  0]LogMeshReduction: Using QuadricMeshReduction for automatic static mesh reduction
[2020.03.14-16.24.26:184][  0]LogMeshReduction: Using SimplygonMeshReduction for automatic skeletal mesh reduction
[2020.03.14-16.24.26:184][  0]LogMeshReduction: Using ProxyLODMeshReduction for automatic mesh merging
[2020.03.14-16.24.26:184][  0]LogMeshReduction: No distributed automatic mesh merging module available
[2020.03.14-16.24.26:184][  0]LogMeshMerging: No distributed automatic mesh merging module available
[2020.03.14-16.24.26:193][  0]LogNetVersion: Lolilandia02 1.0.0, NetCL: 10570792, EngineNetVer: 13, GameNetVer: 0 (Checksum: 3460009224)
[2020.03.14-16.24.27:112][  0]LogPackageLocalizationCache: Processed 10 localized package path(s) for 1 prioritized culture(s) in 0.036059 seconds
[2020.03.14-16.24.27:118][  0]LogUObjectArray: 46750 objects as part of root set at end of initial load.
[2020.03.14-16.24.27:118][  0]LogUObjectAllocator: 8137160 out of 0 bytes used by permanent object pool.
[2020.03.14-16.24.27:118][  0]LogUObjectArray: CloseDisregardForGC: 0/0 objects in disregard for GC pool
[2020.03.14-16.24.27:431][  0]LogTcpMessaging: Initializing TcpMessaging bridge
[2020.03.14-16.24.27:433][  0]LogUdpMessaging: Initializing bridge on interface 0.0.0.0:0 to multicast group 230.0.0.1:6666.
[2020.03.14-16.24.27:471][  0]SourceControl: El control de código fuente está desactivado
[2020.03.14-16.24.27:471][  0]SourceControl: El control de código fuente está desactivado
[2020.03.14-16.24.27:472][  0]SourceControl: El control de código fuente está desactivado
[2020.03.14-16.24.27:473][  0]SourceControl: El control de código fuente está desactivado
[2020.03.14-16.24.27:473][  0]SourceControl: El control de código fuente está desactivado
[2020.03.14-16.24.27:480][  0]LogVSAccessor: Display: Unable to create Visual Studio setup instance: 80040154
[2020.03.14-16.24.27:480][  0]LogVSAccessor: Display: Unable to create Visual Studio setup instance: 80040154
[2020.03.14-16.24.27:533][  0]LogAndroidPermission: UAndroidPermissionCallbackProxy::GetInstance
[2020.03.14-16.24.27:540][  0]LogAudioCaptureCore: Display: No Audio Capture implementations found. Audio input will be silent.
[2020.03.14-16.24.27:540][  0]LogAudioCaptureCore: Display: No Audio Capture implementations found. Audio input will be silent.
[2020.03.14-16.24.27:608][  0]LogOcInput: OculusInput pre-init called
[2020.03.14-16.24.27:613][  0]LogWindows: Failed to load 'OVRPlugin.dll' (GetLastError=126)
[2020.03.14-16.24.27:613][  0]LogWindows: File 'OVRPlugin.dll' does not exist
[2020.03.14-16.24.27:668][  0]LogEngine: Initializing Engine...
[2020.03.14-16.24.27:669][  0]LogHMD: Failed to initialize OpenVR with code 110
[2020.03.14-16.24.27:670][  0]LogStats: UGameplayTagsManager::InitializeManager -  0.000 s
[2020.03.14-16.24.27:950][  0]LogInit: Initializing FReadOnlyCVARCache
[2020.03.14-16.24.27:955][  0]LogAIModule: Creating AISystem for world Untitled
[2020.03.14-16.24.27:960][  0]LogAudioMixer: Display: Audio Mixer Platform Settings:
[2020.03.14-16.24.27:960][  0]LogAudioMixer: Display: 	Sample Rate:						  48000
[2020.03.14-16.24.27:960][  0]LogAudioMixer: Display: 	Callback Buffer Frame Size Requested: 1024
[2020.03.14-16.24.27:960][  0]LogAudioMixer: Display: 	Callback Buffer Frame Size To Use:	  1024
[2020.03.14-16.24.27:960][  0]LogAudioMixer: Display: 	Number of buffers to queue:			  2
[2020.03.14-16.24.27:960][  0]LogAudioMixer: Display: 	Max Channels (voices):				  32
[2020.03.14-16.24.27:960][  0]LogAudioMixer: Display: 	Number of Async Source Workers:		  0
[2020.03.14-16.24.27:960][  0]LogAudio: Display: AudioDevice MaxSources: 32
[2020.03.14-16.24.27:960][  0]LogAudio: Display: Using built-in audio occlusion.
[2020.03.14-16.24.27:960][  0]LogAudioMixer: Display: Initializing audio mixer.
[2020.03.14-16.24.27:973][  0]LogAudioMixer: Display: Audio Device Output Speaker Info:
[2020.03.14-16.24.27:973][  0]LogAudioMixer: Display: Name: Altavoces (Realtek High Definition Audio)
[2020.03.14-16.24.27:973][  0]LogAudioMixer: Display: Is Default: Yes
[2020.03.14-16.24.27:973][  0]LogAudioMixer: Display: Sample Rate: 48000
[2020.03.14-16.24.27:973][  0]LogAudioMixer: Display: Channel Count Used: 2
[2020.03.14-16.24.27:973][  0]LogAudioMixer: Display: Device Channel Count: 2
[2020.03.14-16.24.27:973][  0]LogAudioMixer: Display: Channel Order:
[2020.03.14-16.24.27:973][  0]LogAudioMixer: Display: 0: FrontLeft
[2020.03.14-16.24.27:973][  0]LogAudioMixer: Display: 1: FrontRight
[2020.03.14-16.24.28:002][  0]LogAudioMixer: Display: Using Audio Device Altavoces (Realtek High Definition Audio)
[2020.03.14-16.24.28:005][  0]LogInit: FAudioDevice initialized.
[2020.03.14-16.24.28:005][  0]LogNetVersion: Set ProjectVersion to 1.0.0.0. Version Checksum will be recalculated on next use.
[2020.03.14-16.24.28:085][  0]LogDerivedDataCache: Saved boot cache 0.08s 78MB C:/Users/SKDI/AppData/Local/UnrealEngine/4.24/DerivedDataCache/Boot.ddc.
[2020.03.14-16.24.28:087][  0]LogInit: Texture streaming: Enabled
[2020.03.14-16.24.28:097][  0]LogEngineSessionManager: EngineSessionManager initialized
[2020.03.14-16.24.28:097][  0]LogEditorSessionSummary: Verbose: Initializing EditorSessionSummaryWriter for editor session tracking
[2020.03.14-16.24.28:106][  0]LogEditorSessionSummary: EditorSessionSummaryWriter initialized
[2020.03.14-16.24.28:157][  0]LogInit: Transaction tracking system initialized
[2020.03.14-16.24.28:164][  0]BlueprintLog: New page: Cargar el editor
[2020.03.14-16.24.28:227][  0]LocalizationService: Localization service is disabled
[2020.03.14-16.24.28:294][  0]LogVSAccessor: Display: Unable to create Visual Studio setup instance: 80040154
[2020.03.14-16.24.28:295][  0]LogVSAccessor: Display: Unable to create Visual Studio setup instance: 80040154
[2020.03.14-16.24.28:534][  0]LogCook: Display: Max memory allowance for cook 16384mb min free memory 0mb
[2020.03.14-16.24.28:534][  0]LogCook: Display: Mobile HDR setting 1
[2020.03.14-16.24.28:595][  0]LogFileCache: Scanning file cache for directory 'D:/Epic Games/mis proyectos/Lolilandia02/Content/' took 0.02s
[2020.03.14-16.24.29:143][  0]SourceControl: El control de código fuente está desactivado
[2020.03.14-16.24.29:143][  0]Cmd: MAP LOAD FILE="../../../../mis proyectos/Lolilandia02/Content/ThirdPersonBP/Maps/ThirdPersonExampleMap.umap" TEMPLATE=0 SHOWPROGRESS=1 FEATURELEVEL=3
[2020.03.14-16.24.29:143][  0]LightingResults: New page: Diseñar la iluminación
[2020.03.14-16.24.29:144][  0]LogWorld: UWorld::CleanupWorld for Untitled, bSessionEnded=true, bCleanupResources=true
[2020.03.14-16.24.29:144][  0]LogSlate: InvalidateAllWidgets triggered.  All widgets were invalidated
[2020.03.14-16.24.29:144][  0]MapCheck: New page: Revisión del mapa
[2020.03.14-16.24.29:144][  0]LightingResults: New page: Diseñar la iluminación
[2020.03.14-16.24.29:170][  0]LogUObjectHash: Compacting FUObjectHashTables data took   1.72ms
[2020.03.14-16.24.35:082][  0]LogAIModule: Creating AISystem for world ThirdPersonExampleMap
[2020.03.14-16.24.35:770][  0]LogEditorServer: Finished looking for orphan Actors (0.000 secs)
[2020.03.14-16.24.35:833][  0]LogUObjectHash: Compacting FUObjectHashTables data took   1.98ms
[2020.03.14-16.24.35:834][  0]Cmd: MAP CHECKDEP NOCLEARLOG
[2020.03.14-16.24.35:834][  0]MapCheck: Map check complete: 0 Error(s), 0 Warning(s), took 0.094ms to complete.
[2020.03.14-16.24.35:834][  0]LogFileHelpers: Loading map 'ThirdPersonExampleMap' took 6.691
[2020.03.14-16.24.36:294][  0]LogSlate: Updating window title bar state: overlay mode, drag disabled, window buttons hidden, title bar hidden
[2020.03.14-16.24.36:311][  0]LogSlate: Updating window title bar state: overlay mode, drag disabled, window buttons hidden, title bar hidden
[2020.03.14-16.24.36:317][  0]LogSlate: Updating window title bar state: overlay mode, drag disabled, window buttons hidden, title bar hidden
[2020.03.14-16.24.36:322][  0]LogSlate: Updating window title bar state: overlay mode, drag disabled, window buttons hidden, title bar hidden
[2020.03.14-16.24.36:431][  0]LogCollectionManager: Loaded 0 collections in 0.001461 seconds
[2020.03.14-16.24.36:509][  0]LogFileCache: Scanning file cache for directory 'D:/Epic Games/mis proyectos/Lolilandia02/Saved/Collections/' took 0.00s
[2020.03.14-16.24.36:509][  0]LogFileCache: Scanning file cache for directory 'D:/Epic Games/mis proyectos/Lolilandia02/Content/Developers/SKDI/Collections/' took 0.00s
[2020.03.14-16.24.36:509][  0]LogFileCache: Scanning file cache for directory 'D:/Epic Games/mis proyectos/Lolilandia02/Content/Collections/' took 0.00s
[2020.03.14-16.24.36:509][  0]LogContentBrowser: Native class hierarchy populated in 0.0072 seconds. Added 3015 classes and 717 folders.
[2020.03.14-16.24.36:666][  0]LogContentBrowser: Native class hierarchy updated for 'WidgetCarousel' in 0.0002 seconds. Added 0 classes and 0 folders.
[2020.03.14-16.24.37:353][  0]LogContentBrowser: Native class hierarchy updated for 'AddContentDialog' in 0.0002 seconds. Added 0 classes and 0 folders.
[2020.03.14-16.24.37:412][  0]LogContentBrowser: Native class hierarchy updated for 'SceneOutliner' in 0.0002 seconds. Added 2 classes and 3 folders.
[2020.03.14-16.24.37:979][  0]LogSlate: Took 0.000214 seconds to synchronously load lazily loaded font '../../../Engine/Content/Slate/Fonts/Roboto-Regular.ttf' (155K)
[2020.03.14-16.24.37:981][  0]LogSlate: Took 0.000177 seconds to synchronously load lazily loaded font '../../../Engine/Content/Slate/Fonts/Roboto-Bold.ttf' (160K)
[2020.03.14-16.24.37:997][  0]LogSlate: Took 0.012468 seconds to synchronously load lazily loaded font '../../../Engine/Content/Editor/Slate/Fonts/FontAwesome.ttf' (139K)
[2020.03.14-16.24.38:318][  0]LogRenderer: Reallocating scene render targets to support 840x368 Format 9 NumSamples 1 (Frame:1).
[2020.03.14-16.24.38:568][  0]LogContentBrowser: Native class hierarchy updated for 'HierarchicalLODOutliner' in 0.0002 seconds. Added 0 classes and 0 folders.
[2020.03.14-16.24.38:568][  0]LogLoad: (Engine Initialization) Total time: 16.33 seconds
[2020.03.14-16.24.38:568][  0]LogLoad: (Engine Initialization) Total Blueprint compile time: 0.00 seconds
[2020.03.14-16.24.38:818][  0]LogContentStreaming: Texture pool size now 600 MB
[2020.03.14-16.24.39:055][  0]LogSlate: Took 0.038151 seconds to synchronously load lazily loaded font '../../../Engine/Content/Slate/Fonts/Roboto-Light.ttf' (167K)
[2020.03.14-16.24.39:608][  6]LogAssetRegistry: Asset discovery search completed in 13.7926 seconds
[2020.03.14-16.24.39:611][  6]LogCollectionManager: Fixed up redirectors for 0 collections in 0.000007 seconds (updated 0 objects)
[2020.03.14-16.25.00:919][251]Cmd: DELETE
[2020.03.14-16.25.00:919][251]Cmd: ACTOR DELETE
[2020.03.14-16.25.01:227][251]LogEditorActor: Deleted Actor: ProceduralFoliageBlockingVolume
[2020.03.14-16.25.01:228][251]LogEditorActor: Deleted Actor: ProceduralFoliageVolume
[2020.03.14-16.25.01:514][251]LogUObjectHash: Compacting FUObjectHashTables data took   0.62ms
[2020.03.14-16.25.01:519][251]LogEditorActor: Deleted 2 Actors (0.565 secs)
[2020.03.14-16.25.05:155][468]LogRenderer: Reallocating scene render targets to support 844x368 Format 9 NumSamples 1 (Frame:1445).
[2020.03.14-16.25.05:175][469]LogRenderer: Reallocating scene render targets to support 848x368 Format 9 NumSamples 1 (Frame:1447).
[2020.03.14-16.25.05:205][469]LogRenderer: Reallocating scene render targets to support 868x368 Format 9 NumSamples 1 (Frame:1449).
[2020.03.14-16.25.05:229][471]LogRenderer: Reallocating scene render targets to support 904x368 Format 9 NumSamples 1 (Frame:1451).
[2020.03.14-16.25.05:248][472]LogRenderer: Reallocating scene render targets to support 916x368 Format 9 NumSamples 1 (Frame:1453).
[2020.03.14-16.25.05:266][473]LogRenderer: Reallocating scene render targets to support 924x368 Format 9 NumSamples 1 (Frame:1455).
[2020.03.14-16.25.05:285][474]LogRenderer: Reallocating scene render targets to support 932x368 Format 9 NumSamples 1 (Frame:1457).
[2020.03.14-16.25.05:301][475]LogRenderer: Reallocating scene render targets to support 936x368 Format 9 NumSamples 1 (Frame:1459).
[2020.03.14-16.25.05:319][476]LogRenderer: Reallocating scene render targets to support 944x368 Format 9 NumSamples 1 (Frame:1461).
[2020.03.14-16.25.05:342][477]LogRenderer: Reallocating scene render targets to support 952x368 Format 9 NumSamples 1 (Frame:1463).
[2020.03.14-16.25.05:372][479]LogRenderer: Reallocating scene render targets to support 956x368 Format 9 NumSamples 1 (Frame:1465).
[2020.03.14-16.25.05:396][480]LogRenderer: Reallocating scene render targets to support 960x368 Format 9 NumSamples 1 (Frame:1467).
[2020.03.14-16.25.05:442][483]LogRenderer: Reallocating scene render targets to support 964x368 Format 9 NumSamples 1 (Frame:1471).
[2020.03.14-16.25.05:472][484]LogRenderer: Reallocating scene render targets to support 968x368 Format 9 NumSamples 1 (Frame:1473).
[2020.03.14-16.25.05:512][486]LogRenderer: Reallocating scene render targets to support 972x368 Format 9 NumSamples 1 (Frame:1477).
[2020.03.14-16.25.05:529][487]LogRenderer: Reallocating scene render targets to support 976x368 Format 9 NumSamples 1 (Frame:1479).
[2020.03.14-16.25.05:559][489]LogRenderer: Reallocating scene render targets to support 980x368 Format 9 NumSamples 1 (Frame:1481).
[2020.03.14-16.25.05:578][490]LogRenderer: Reallocating scene render targets to support 984x368 Format 9 NumSamples 1 (Frame:1483).
[2020.03.14-16.25.05:607][491]LogRenderer: Reallocating scene render targets to support 988x368 Format 9 NumSamples 1 (Frame:1485).
[2020.03.14-16.25.05:659][494]LogRenderer: Reallocating scene render targets to support 992x368 Format 9 NumSamples 1 (Frame:1489).
[2020.03.14-16.25.08:582][667]LogSlate: Took 0.000163 seconds to synchronously load lazily loaded font '../../../Engine/Content/Slate/Fonts/Roboto-Light.ttf' (167K)
[2020.03.14-16.25.14:639][ 28]LogRenderer: Reallocating scene render targets to support 992x376 Format 9 NumSamples 1 (Frame:2265).
[2020.03.14-16.25.14:661][ 29]LogRenderer: Reallocating scene render targets to support 992x380 Format 9 NumSamples 1 (Frame:2267).
[2020.03.14-16.25.14:681][ 30]LogRenderer: Reallocating scene render targets to support 992x384 Format 9 NumSamples 1 (Frame:2269).
[2020.03.14-16.25.14:703][ 31]LogRenderer: Reallocating scene render targets to support 992x388 Format 9 NumSamples 1 (Frame:2271).
[2020.03.14-16.25.14:721][ 32]LogRenderer: Reallocating scene render targets to support 992x392 Format 9 NumSamples 1 (Frame:2273).
[2020.03.14-16.25.14:744][ 33]LogRenderer: Reallocating scene render targets to support 992x396 Format 9 NumSamples 1 (Frame:2275).
[2020.03.14-16.25.14:767][ 34]LogRenderer: Reallocating scene render targets to support 992x408 Format 9 NumSamples 1 (Frame:2277).
[2020.03.14-16.25.14:788][ 35]LogRenderer: Reallocating scene render targets to support 992x424 Format 9 NumSamples 1 (Frame:2279).
[2020.03.14-16.25.14:806][ 36]LogRenderer: Reallocating scene render targets to support 992x432 Format 9 NumSamples 1 (Frame:2281).
[2020.03.14-16.25.14:824][ 37]LogRenderer: Reallocating scene render targets to support 992x436 Format 9 NumSamples 1 (Frame:2283).
[2020.03.14-16.25.14:843][ 38]LogRenderer: Reallocating scene render targets to support 992x444 Format 9 NumSamples 1 (Frame:2285).
[2020.03.14-16.25.14:861][ 39]LogRenderer: Reallocating scene render targets to support 992x452 Format 9 NumSamples 1 (Frame:2287).
[2020.03.14-16.25.14:882][ 40]LogRenderer: Reallocating scene render targets to support 992x464 Format 9 NumSamples 1 (Frame:2289).
[2020.03.14-16.25.14:901][ 41]LogRenderer: Reallocating scene render targets to support 992x472 Format 9 NumSamples 1 (Frame:2291).
[2020.03.14-16.25.14:921][ 42]LogRenderer: Reallocating scene render targets to support 992x480 Format 9 NumSamples 1 (Frame:2293).
[2020.03.14-16.25.14:939][ 43]LogRenderer: Reallocating scene render targets to support 992x492 Format 9 NumSamples 1 (Frame:2295).
[2020.03.14-16.25.14:956][ 44]LogRenderer: Reallocating scene render targets to support 992x496 Format 9 NumSamples 1 (Frame:2297).
[2020.03.14-16.25.14:977][ 45]LogRenderer: Reallocating scene render targets to support 992x504 Format 9 NumSamples 1 (Frame:2299).
[2020.03.14-16.25.14:996][ 46]LogRenderer: Reallocating scene render targets to support 992x520 Format 9 NumSamples 1 (Frame:2301).
[2020.03.14-16.25.15:018][ 47]LogRenderer: Reallocating scene render targets to support 992x532 Format 9 NumSamples 1 (Frame:2303).
[2020.03.14-16.25.15:043][ 48]LogRenderer: Reallocating scene render targets to support 992x540 Format 9 NumSamples 1 (Frame:2305).
[2020.03.14-16.25.15:064][ 49]LogRenderer: Reallocating scene render targets to support 992x548 Format 9 NumSamples 1 (Frame:2307).
[2020.03.14-16.25.15:081][ 50]LogRenderer: Reallocating scene render targets to support 992x552 Format 9 NumSamples 1 (Frame:2309).
[2020.03.14-16.25.15:100][ 51]LogRenderer: Reallocating scene render targets to support 992x556 Format 9 NumSamples 1 (Frame:2311).
[2020.03.14-16.25.15:122][ 52]LogRenderer: Reallocating scene render targets to support 992x560 Format 9 NumSamples 1 (Frame:2313).
[2020.03.14-16.25.15:140][ 53]LogRenderer: Reallocating scene render targets to support 992x572 Format 9 NumSamples 1 (Frame:2315).
[2020.03.14-16.25.15:159][ 54]LogRenderer: Reallocating scene render targets to support 992x576 Format 9 NumSamples 1 (Frame:2317).
[2020.03.14-16.25.15:177][ 55]LogRenderer: Reallocating scene render targets to support 992x588 Format 9 NumSamples 1 (Frame:2319).
[2020.03.14-16.25.15:196][ 56]LogRenderer: Reallocating scene render targets to support 992x592 Format 9 NumSamples 1 (Frame:2321).
[2020.03.14-16.25.15:216][ 57]LogRenderer: Reallocating scene render targets to support 992x596 Format 9 NumSamples 1 (Frame:2323).
[2020.03.14-16.25.15:238][ 58]LogRenderer: Reallocating scene render targets to support 992x608 Format 9 NumSamples 1 (Frame:2325).
[2020.03.14-16.25.15:257][ 59]LogRenderer: Reallocating scene render targets to support 992x612 Format 9 NumSamples 1 (Frame:2327).
[2020.03.14-16.25.15:292][ 61]LogRenderer: Reallocating scene render targets to support 992x616 Format 9 NumSamples 1 (Frame:2331).
[2020.03.14-16.25.15:336][ 64]LogRenderer: Reallocating scene render targets to support 992x620 Format 9 NumSamples 1 (Frame:2333).
[2020.03.14-16.25.19:257][296]LogRenderer: Reallocating scene render targets to support 1240x620 Format 9 NumSamples 1 (Frame:2505).
[2020.03.14-16.26.46:376][514]Cmd: SELECT NONE
[2020.03.14-16.27.13:868][122]LogTexture: Display: Building textures: Texture2D_2 (G8, 128X128)
[2020.03.14-16.31.18:509][755]Cmd: TRANSACTION UNDO
[2020.03.14-16.31.18:509][755]LogEditorTransaction: Undo Edición del terreno: Allanar
[2020.03.14-16.31.18:594][755]LogTexture: Display: Building textures: Texture2D_5 (BGRA8, 512X512)
[2020.03.14-16.33.46:386][592]Cmd: TRANSACTION UNDO
[2020.03.14-16.33.46:386][592]LogEditorTransaction: Undo Edición del terreno: Allanar
[2020.03.14-16.35.58:711][495]LogEditorViewport: Clicking on Actor (context menu): Landscape (Landscape1)
[2020.03.14-16.37.34:907][235]Cmd: SELECT NONE
[2020.03.14-16.37.37:190][372]LogEditorViewport: Clicking on Actor (LMB): LightmassImportanceVolume (LightmassImportanceVolume)
[2020.03.14-16.40.02:860][801]Cmd: SELECT NONE
[2020.03.14-16.40.16:030][584]LogEditorViewport: Clicking on Actor (LMB): StaticMeshActor (SM_Plains_ShortWall_Straight_01)
[2020.03.14-16.40.35:075][617]LogEditorViewport: Clicking on Actor (LMB): BP_Sky_Sphere_C (SkySphereBlueprint)
[2020.03.14-16.40.39:662][888]LogEditorViewport: Clicking on Actor (LMB): Landscape (Landscape1)
[2020.03.14-16.40.42:581][ 61]LogEditorViewport: Clicking on Actor (LMB): StaticMeshActor (SM_Plains_Ruin_BuildingLOD01)
[2020.03.14-16.41.23:875][516]LogEditorViewport: Clicking on Actor (LMB): Landscape (Landscape1)
[2020.03.14-16.41.48:160][942]LogEditorViewport: Clicking on Actor (LMB): Landscape (Landscape1)
[2020.03.14-16.41.57:419][487]LogEditorViewport: Clicking on Actor (context menu): Landscape (Landscape1)
[2020.03.14-16.42.00:773][686]LogEditorViewport: Clicking on Actor (context menu): Landscape (Landscape1)
[2020.03.14-16.42.13:983][464]LogBlueprintUserMessages: Early PlayInEditor Detection: Level '/Game/ThirdPersonBP/Maps/ThirdPersonExampleMap.ThirdPersonExampleMap:PersistentLevel' has LevelScriptBlueprint '/Game/ThirdPersonBP/Maps/ThirdPersonExampleMap.ThirdPersonExampleMap:PersistentLevel.ThirdPersonExampleMap' with GeneratedClass '/Game/ThirdPersonBP/Maps/ThirdPersonExampleMap.ThirdPersonExampleMap_C' with ClassGeneratedBy '/Game/ThirdPersonBP/Maps/ThirdPersonExampleMap.ThirdPersonExampleMap:PersistentLevel.ThirdPersonExampleMap'
[2020.03.14-16.42.13:983][464]LogPlayLevel: PlayLevel: No blueprints needed recompiling
[2020.03.14-16.42.14:027][464]PIE: New page: Sesión PIE (reproducción en el editor): ThirdPersonExampleMap (14 mar. 2020 06:42:13)
[2020.03.14-16.42.14:038][464]LogOnline: OSS: Creating online subsystem instance for: NULL
[2020.03.14-16.42.14:051][464]LogOnline: OSS: TryLoadSubsystemAndSetDefault: Loaded subsystem for module [NULL]
[2020.03.14-16.42.14:051][464]LogPlayLevel: Creating play world package: /Game/ThirdPersonBP/Maps/UEDPIE_0_ThirdPersonExampleMap
[2020.03.14-16.42.14:870][464]LogTexture: Display: Building textures: Texture2D_4 (BGRA8, 512X512)
[2020.03.14-16.42.14:870][464]LogTexture: Display: Building textures: Texture2D_7 (BGRA8, 512X512)
[2020.03.14-16.42.14:870][464]LogTexture: Display: Building textures: Texture2D_6 (BGRA8, 512X512)
[2020.03.14-16.42.14:870][464]LogTexture: Display: Building textures: Texture2D_2 (BGRA8, 512X512)
[2020.03.14-16.42.14:871][464]LogTexture: Display: Building textures: Texture2D_5 (BGRA8, 512X512)
[2020.03.14-16.42.14:871][464]LogTexture: Display: Building textures: Texture2D_1 (BGRA8, 512X512)
[2020.03.14-16.42.14:871][464]LogTexture: Display: Building textures: Texture2D_11 (BGRA8, 512X512)
[2020.03.14-16.42.14:871][464]LogTexture: Display: Building textures: Texture2D_9 (BGRA8, 512X512)
[2020.03.14-16.42.14:871][464]LogTexture: Display: Building textures: Texture2D_8 (BGRA8, 512X512)
[2020.03.14-16.42.14:915][464]LogPlayLevel: PIE: StaticDuplicateObject took: (0.863835s)
[2020.03.14-16.42.14:930][464]LogAIModule: Creating AISystem for world ThirdPersonExampleMap
[2020.03.14-16.42.14:930][464]LogPlayLevel: PIE: World Init took: (0.001032s)
[2020.03.14-16.42.14:930][464]LogPlayLevel: PIE: Created PIE world by copying editor world from /Game/ThirdPersonBP/Maps/ThirdPersonExampleMap.ThirdPersonExampleMap to /Game/ThirdPersonBP/Maps/UEDPIE_0_ThirdPersonExampleMap.ThirdPersonExampleMap (0.880037s)
[2020.03.14-16.42.14:961][464]LogUObjectHash: Compacting FUObjectHashTables data took   1.64ms
[2020.03.14-16.42.14:965][464]LogAudioMixer: Display: Audio Mixer Platform Settings:
[2020.03.14-16.42.14:965][464]LogAudioMixer: Display: 	Sample Rate:						  48000
[2020.03.14-16.42.14:965][464]LogAudioMixer: Display: 	Callback Buffer Frame Size Requested: 1024
[2020.03.14-16.42.14:965][464]LogAudioMixer: Display: 	Callback Buffer Frame Size To Use:	  1024
[2020.03.14-16.42.14:965][464]LogAudioMixer: Display: 	Number of buffers to queue:			  2
[2020.03.14-16.42.14:965][464]LogAudioMixer: Display: 	Max Channels (voices):				  32
[2020.03.14-16.42.14:965][464]LogAudioMixer: Display: 	Number of Async Source Workers:		  0
[2020.03.14-16.42.14:965][464]LogAudio: Display: AudioDevice MaxSources: 32
[2020.03.14-16.42.14:965][464]LogAudio: Display: Using built-in audio occlusion.
[2020.03.14-16.42.14:965][464]LogAudioMixer: Display: Initializing audio mixer.
[2020.03.14-16.42.14:973][464]LogAudioMixer: Display: Audio Device Output Speaker Info:
[2020.03.14-16.42.14:973][464]LogAudioMixer: Display: Name: Altavoces (Realtek High Definition Audio)
[2020.03.14-16.42.14:973][464]LogAudioMixer: Display: Is Default: Yes
[2020.03.14-16.42.14:973][464]LogAudioMixer: Display: Sample Rate: 48000
[2020.03.14-16.42.14:973][464]LogAudioMixer: Display: Channel Count Used: 2
[2020.03.14-16.42.14:973][464]LogAudioMixer: Display: Device Channel Count: 2
[2020.03.14-16.42.14:973][464]LogAudioMixer: Display: Channel Order:
[2020.03.14-16.42.14:973][464]LogAudioMixer: Display: 0: FrontLeft
[2020.03.14-16.42.14:973][464]LogAudioMixer: Display: 1: FrontRight
[2020.03.14-16.42.14:992][464]LogAudioMixer: Display: Using Audio Device Altavoces (Realtek High Definition Audio)
[2020.03.14-16.42.14:994][464]LogInit: FAudioDevice initialized.
[2020.03.14-16.42.15:055][464]LogLoad: Game class is 'ThirdPersonGameMode_C'
[2020.03.14-16.42.15:099][464]LogWorld: Bringing World /Game/ThirdPersonBP/Maps/UEDPIE_0_ThirdPersonExampleMap.ThirdPersonExampleMap up for play (max tick rate 60) at 2020.03.14-11.42.15
[2020.03.14-16.42.15:099][464]LogWorld: Bringing up level for play took: 0.025257
[2020.03.14-16.42.15:099][464]LogOnline: OSS: Creating online subsystem instance for: :Context_4
[2020.03.14-16.42.15:187][464]LogContentBrowser: Native class hierarchy updated for 'MovieSceneCapture' in 0.0003 seconds. Added 20 classes and 0 folders.
[2020.03.14-16.42.15:216][464]PIE: Tiempo de inicio de la reproducción en el editor para  /Game/ThirdPersonBP/Maps/UEDPIE_0_ThirdPersonExampleMap 1.979
[2020.03.14-16.42.15:216][464]LogBlueprintUserMessages: Late PlayInEditor Detection: Level '/Game/ThirdPersonBP/Maps/ThirdPersonExampleMap.ThirdPersonExampleMap:PersistentLevel' has LevelScriptBlueprint '/Game/ThirdPersonBP/Maps/ThirdPersonExampleMap.ThirdPersonExampleMap:PersistentLevel.ThirdPersonExampleMap' with GeneratedClass '/Game/ThirdPersonBP/Maps/ThirdPersonExampleMap.ThirdPersonExampleMap_C' with ClassGeneratedBy '/Game/ThirdPersonBP/Maps/ThirdPersonExampleMap.ThirdPersonExampleMap:PersistentLevel.ThirdPersonExampleMap'
[2020.03.14-16.42.21:508][829]LogAudioMixer: Display: No commands were queued while flushing the source manager.
[2020.03.14-16.42.21:508][829]LogAudioMixer: Display: No commands were queued while flushing the source manager.
[2020.03.14-16.42.21:509][829]LogBlueprintUserMessages: Early EndPlayMap Detection: Level '/Game/ThirdPersonBP/Maps/ThirdPersonExampleMap.ThirdPersonExampleMap:PersistentLevel' has LevelScriptBlueprint '/Game/ThirdPersonBP/Maps/ThirdPersonExampleMap.ThirdPersonExampleMap:PersistentLevel.ThirdPersonExampleMap' with GeneratedClass '/Game/ThirdPersonBP/Maps/ThirdPersonExampleMap.ThirdPersonExampleMap_C' with ClassGeneratedBy '/Game/ThirdPersonBP/Maps/ThirdPersonExampleMap.ThirdPersonExampleMap:PersistentLevel.ThirdPersonExampleMap'
[2020.03.14-16.42.21:509][829]LogSlate: Updating window title bar state: overlay mode, drag disabled, window buttons hidden, title bar hidden
[2020.03.14-16.42.21:509][829]LogWorld: BeginTearingDown for /Game/ThirdPersonBP/Maps/UEDPIE_0_ThirdPersonExampleMap
[2020.03.14-16.42.21:509][829]LogAudioMixer: Display: No commands were queued while flushing the source manager.
[2020.03.14-16.42.21:509][829]LogWorld: UWorld::CleanupWorld for ThirdPersonExampleMap, bSessionEnded=true, bCleanupResources=true
[2020.03.14-16.42.21:511][829]LogSlate: InvalidateAllWidgets triggered.  All widgets were invalidated
[2020.03.14-16.42.21:517][829]LogPlayLevel: Display: Shutting down PIE online subsystems
[2020.03.14-16.42.21:517][829]LogBlueprintUserMessages: Late EndPlayMap Detection: Level '/Game/ThirdPersonBP/Maps/ThirdPersonExampleMap.ThirdPersonExampleMap:PersistentLevel' has LevelScriptBlueprint '/Game/ThirdPersonBP/Maps/ThirdPersonExampleMap.ThirdPersonExampleMap:PersistentLevel.ThirdPersonExampleMap' with GeneratedClass '/Game/ThirdPersonBP/Maps/ThirdPersonExampleMap.ThirdPersonExampleMap_C' with ClassGeneratedBy '/Game/ThirdPersonBP/Maps/ThirdPersonExampleMap.ThirdPersonExampleMap:PersistentLevel.ThirdPersonExampleMap'
[2020.03.14-16.42.21:520][829]LogSlate: InvalidateAllWidgets triggered.  All widgets were invalidated
[2020.03.14-16.42.21:550][829]LogAudioMixer: Display: No commands were queued while flushing the source manager.
[2020.03.14-16.42.21:553][829]LogSlate: Updating window title bar state: overlay mode, drag disabled, window buttons hidden, title bar hidden
[2020.03.14-16.42.21:568][829]LogUObjectHash: Compacting FUObjectHashTables data took   1.75ms
[2020.03.14-16.42.21:619][831]LogPlayLevel: Display: Destroying online subsystem :Context_4
[2020.03.14-16.42.25:686][ 75]LogEditorViewport: Clicking on Actor (LMB): Landscape (Landscape1)
[2020.03.14-16.42.53:713][754]LogEditorViewport: Clicking on Actor (context menu): Landscape (Landscape1)
[2020.03.14-16.42.55:212][841]LogEditorViewport: Clicking on Actor (LMB): BP_Sky_Sphere_C (SkySphereBlueprint)
[2020.03.14-16.43.11:349][799]Cmd: CAMERA ALIGN ACTIVEVIEWPORTONLY
[2020.03.14-16.43.12:445][864]Cmd: SELECT NONE
[2020.03.14-16.43.15:647][ 56]MapCheck: New page: Revisión del mapa
[2020.03.14-16.43.15:695][ 56]Cmd: MAP REBUILD ALLVISIBLE
[2020.03.14-16.43.15:738][ 56]LogEditorServer: Rebuildmap Clear paths rebuilt
[2020.03.14-16.43.15:769][ 56]LogWorld: UWorld::CleanupWorld for ThirdPersonExampleMap, bSessionEnded=true, bCleanupResources=false
[2020.03.14-16.43.15:853][ 56]LogUObjectHash: Compacting FUObjectHashTables data took   1.63ms
[2020.03.14-16.43.15:902][ 56]LogMaterial: Display: Missing cached shader map for material DebugViewMode MaterialTexCoordScale, compiling. 
[2020.03.14-16.43.15:936][ 56]LogShaderCompilers: Display: Worker (1/9): shaders left to compile 2
[2020.03.14-16.43.15:936][ 56]LogShaderCompilers: Display: Worker (2/9): shaders left to compile 1
[2020.03.14-16.43.15:936][ 56]LogMaterial: Display: Missing cached shader map for material DebugViewMode MaterialTexCoordScale, compiling. 
[2020.03.14-16.43.15:948][ 56]LogMaterial: Display: Missing cached shader map for material DebugViewMode MaterialTexCoordScale, compiling. 
[2020.03.14-16.43.15:961][ 56]LogMaterial: Display: Missing cached shader map for material DebugViewMode MaterialTexCoordScale, compiling. 
[2020.03.14-16.43.15:975][ 56]LogShaderCompilers: Display: Worker (3/9): shaders left to compile 6
[2020.03.14-16.43.15:975][ 56]LogShaderCompilers: Display: Worker (4/9): shaders left to compile 5
[2020.03.14-16.43.15:975][ 56]LogShaderCompilers: Display: Worker (5/9): shaders left to compile 4
[2020.03.14-16.43.15:975][ 56]LogShaderCompilers: Display: Worker (6/9): shaders left to compile 3
[2020.03.14-16.43.15:975][ 56]LogShaderCompilers: Display: Worker (7/9): shaders left to compile 2
[2020.03.14-16.43.15:975][ 56]LogShaderCompilers: Display: Worker (8/9): shaders left to compile 1
[2020.03.14-16.43.15:975][ 56]LogMaterial: Display: Missing cached shader map for material DebugViewMode MaterialTexCoordScale, compiling. 
[2020.03.14-16.43.15:988][ 56]LogMaterial: Display: Missing cached shader map for material DebugViewMode MaterialTexCoordScale, compiling. 
[2020.03.14-16.43.16:003][ 56]LogMaterial: Display: Missing cached shader map for material DebugViewMode MaterialTexCoordScale, compiling. 
[2020.03.14-16.43.16:026][ 56]LogMaterial: Display: Missing cached shader map for material DebugViewMode MaterialTexCoordScale, compiling. Is special engine material.
[2020.03.14-16.43.16:102][ 56]LogMaterial: Display: Missing cached shader map for material DebugViewMode MaterialTexCoordScale, compiling. 
[2020.03.14-16.43.16:134][ 56]LogMaterial: Display: Missing cached shader map for material DebugViewMode MaterialTexCoordScale, compiling. 
[2020.03.14-16.43.16:155][ 56]LogMaterial: Display: Missing cached shader map for material DebugViewMode MaterialTexCoordScale, compiling. 
[2020.03.14-16.43.16:168][ 56]LogMaterial: Display: Missing cached shader map for material DebugViewMode MaterialTexCoordScale, compiling. 
[2020.03.14-16.43.16:180][ 56]LogMaterial: Display: Missing cached shader map for material DebugViewMode MaterialTexCoordScale, compiling. 
[2020.03.14-16.43.16:193][ 56]LogMaterial: Display: Missing cached shader map for material DebugViewMode MaterialTexCoordScale, compiling. 
[2020.03.14-16.43.16:210][ 56]LogMaterial: Display: Missing cached shader map for material DebugViewMode MaterialTexCoordScale, compiling. 
[2020.03.14-16.43.16:222][ 56]LogMaterial: Display: Missing cached shader map for material DebugViewMode MaterialTexCoordScale, compiling. 
[2020.03.14-16.43.16:233][ 56]LogMaterial: Display: Missing cached shader map for material DebugViewMode MaterialTexCoordScale, compiling. 
[2020.03.14-16.43.16:245][ 56]LogMaterial: Display: Missing cached shader map for material DebugViewMode MaterialTexCoordScale, compiling. 
[2020.03.14-16.43.16:258][ 56]LogMaterial: Display: Missing cached shader map for material DebugViewMode MaterialTexCoordScale, compiling. 
[2020.03.14-16.43.16:269][ 56]LogMaterial: Display: Missing cached shader map for material DebugViewMode MaterialTexCoordScale, compiling. 
[2020.03.14-16.43.20:056][ 56]LogShaderCompilers: Display: Worker (3/9): shaders left to compile 68
[2020.03.14-16.43.20:056][ 56]LogShaderCompilers: Display: Worker (2/9): shaders left to compile 67
[2020.03.14-16.43.20:056][ 56]LogShaderCompilers: Display: Worker (4/9): shaders left to compile 66
[2020.03.14-16.43.20:056][ 56]LogShaderCompilers: Display: Worker (5/9): shaders left to compile 65
[2020.03.14-16.43.20:056][ 56]LogShaderCompilers: Display: Worker (7/9): shaders left to compile 64
[2020.03.14-16.43.20:056][ 56]LogShaderCompilers: Display: Worker (6/9): shaders left to compile 63
[2020.03.14-16.43.20:056][ 56]LogShaderCompilers: Display: Worker (8/9): shaders left to compile 62
[2020.03.14-16.43.20:056][ 56]LogShaderCompilers: Display: Worker (1/9): shaders left to compile 61
[2020.03.14-16.43.20:056][ 56]LogShaderCompilers: Display: Worker (1/9): shaders left to compile 60
[2020.03.14-16.43.20:056][ 56]LogShaderCompilers: Display: Worker (3/9): shaders left to compile 59
[2020.03.14-16.43.20:056][ 56]LogShaderCompilers: Display: Worker (6/9): shaders left to compile 58
[2020.03.14-16.43.20:056][ 56]LogShaderCompilers: Display: Worker (2/9): shaders left to compile 57
[2020.03.14-16.43.20:056][ 56]LogShaderCompilers: Display: Worker (4/9): shaders left to compile 56
[2020.03.14-16.43.20:056][ 56]LogShaderCompilers: Display: Worker (8/9): shaders left to compile 55
[2020.03.14-16.43.20:056][ 56]LogShaderCompilers: Display: Worker (5/9): shaders left to compile 54
[2020.03.14-16.43.20:056][ 56]LogShaderCompilers: Display: Worker (3/9): shaders left to compile 53
[2020.03.14-16.43.20:056][ 56]LogShaderCompilers: Display: Worker (1/9): shaders left to compile 52
[2020.03.14-16.43.20:056][ 56]LogShaderCompilers: Display: Worker (8/9): shaders left to compile 51
[2020.03.14-16.43.20:057][ 56]LogShaderCompilers: Display: Worker (2/9): shaders left to compile 50
[2020.03.14-16.43.20:057][ 56]LogShaderCompilers: Display: Worker (4/9): shaders left to compile 49
[2020.03.14-16.43.20:057][ 56]LogShaderCompilers: Display: Worker (6/9): shaders left to compile 48
[2020.03.14-16.43.20:057][ 56]LogShaderCompilers: Display: Worker (5/9): shaders left to compile 47
[2020.03.14-16.43.20:057][ 56]LogShaderCompilers: Display: Worker (3/9): shaders left to compile 46
[2020.03.14-16.43.20:057][ 56]LogShaderCompilers: Display: Worker (7/9): shaders left to compile 45
[2020.03.14-16.43.20:057][ 56]LogShaderCompilers: Display: Worker (8/9): shaders left to compile 44
[2020.03.14-16.43.20:057][ 56]LogShaderCompilers: Display: Worker (1/9): shaders left to compile 43
[2020.03.14-16.43.20:057][ 56]LogShaderCompilers: Display: Worker (4/9): shaders left to compile 42
[2020.03.14-16.43.20:057][ 56]LogShaderCompilers: Display: Worker (2/9): shaders left to compile 41
[2020.03.14-16.43.20:057][ 56]LogShaderCompilers: Display: Worker (6/9): shaders left to compile 40
[2020.03.14-16.43.20:057][ 56]LogShaderCompilers: Display: Worker (3/9): shaders left to compile 39
[2020.03.14-16.43.20:057][ 56]LogShaderCompilers: Display: Worker (5/9): shaders left to compile 38
[2020.03.14-16.43.20:057][ 56]LogShaderCompilers: Display: Worker (1/9): shaders left to compile 37
[2020.03.14-16.43.20:057][ 56]LogShaderCompilers: Display: Worker (7/9): shaders left to compile 36
[2020.03.14-16.43.20:057][ 56]LogShaderCompilers: Display: Worker (8/9): shaders left to compile 35
[2020.03.14-16.43.20:057][ 56]LogShaderCompilers: Display: Worker (2/9): shaders left to compile 34
[2020.03.14-16.43.20:057][ 56]LogShaderCompilers: Display: Worker (4/9): shaders left to compile 33
[2020.03.14-16.43.20:057][ 56]LogShaderCompilers: Display: Worker (3/9): shaders left to compile 32
[2020.03.14-16.43.20:057][ 56]LogShaderCompilers: Display: Worker (1/9): shaders left to compile 31
[2020.03.14-16.43.20:057][ 56]LogShaderCompilers: Display: Worker (6/9): shaders left to compile 30
[2020.03.14-16.43.20:057][ 56]LogShaderCompilers: Display: Worker (5/9): shaders left to compile 29
[2020.03.14-16.43.20:057][ 56]LogShaderCompilers: Display: Worker (8/9): shaders left to compile 28
[2020.03.14-16.43.20:057][ 56]LogShaderCompilers: Display: Worker (4/9): shaders left to compile 27
[2020.03.14-16.43.20:057][ 56]LogShaderCompilers: Display: Worker (7/9): shaders left to compile 26
[2020.03.14-16.43.20:057][ 56]LogShaderCompilers: Display: Worker (2/9): shaders left to compile 25
[2020.03.14-16.43.20:057][ 56]LogShaderCompilers: Display: Worker (3/9): shaders left to compile 24
[2020.03.14-16.43.20:057][ 56]LogShaderCompilers: Display: Worker (1/9): shaders left to compile 23
[2020.03.14-16.43.20:057][ 56]LogShaderCompilers: Display: Worker (5/9): shaders left to compile 22
[2020.03.14-16.43.20:057][ 56]LogShaderCompilers: Display: Worker (6/9): shaders left to compile 21
[2020.03.14-16.43.20:057][ 56]LogShaderCompilers: Display: Worker (8/9): shaders left to compile 20
[2020.03.14-16.43.20:057][ 56]LogShaderCompilers: Display: Worker (4/9): shaders left to compile 19
[2020.03.14-16.43.20:057][ 56]LogShaderCompilers: Display: Worker (7/9): shaders left to compile 18
[2020.03.14-16.43.20:057][ 56]LogShaderCompilers: Display: Worker (2/9): shaders left to compile 17
[2020.03.14-16.43.20:057][ 56]LogShaderCompilers: Display: Worker (8/9): shaders left to compile 16
[2020.03.14-16.43.20:057][ 56]LogShaderCompilers: Display: Worker (5/9): shaders left to compile 15
[2020.03.14-16.43.20:057][ 56]LogShaderCompilers: Display: Worker (1/9): shaders left to compile 14
[2020.03.14-16.43.20:057][ 56]LogShaderCompilers: Display: Worker (6/9): shaders left to compile 13
[2020.03.14-16.43.20:057][ 56]LogShaderCompilers: Display: Worker (4/9): shaders left to compile 12
[2020.03.14-16.43.20:057][ 56]LogShaderCompilers: Display: Worker (7/9): shaders left to compile 11
[2020.03.14-16.43.20:057][ 56]LogShaderCompilers: Display: Worker (2/9): shaders left to compile 10
[2020.03.14-16.43.20:057][ 56]LogShaderCompilers: Display: Worker (8/9): shaders left to compile 9
[2020.03.14-16.43.20:057][ 56]LogShaderCompilers: Display: Worker (5/9): shaders left to compile 8
[2020.03.14-16.43.20:057][ 56]LogShaderCompilers: Display: Worker (1/9): shaders left to compile 7
[2020.03.14-16.43.20:057][ 56]LogShaderCompilers: Display: Worker (6/9): shaders left to compile 6
[2020.03.14-16.43.20:057][ 56]LogShaderCompilers: Display: Worker (3/9): shaders left to compile 5
[2020.03.14-16.43.20:057][ 56]LogShaderCompilers: Display: Worker (4/9): shaders left to compile 4
[2020.03.14-16.43.20:057][ 56]LogShaderCompilers: Display: Worker (7/9): shaders left to compile 3
[2020.03.14-16.43.20:057][ 56]LogShaderCompilers: Display: Worker (2/9): shaders left to compile 2
[2020.03.14-16.43.20:057][ 56]LogShaderCompilers: Display: Worker (5/9): shaders left to compile 1
[2020.03.14-16.43.20:057][ 56]TextureStreamingBuild: Display: Compiling optional shaders took 4.182 seconds.
[2020.03.14-16.43.20:075][ 56]LogLevel: Display: Export Material TexCoord Scales took 0.018 seconds.
[2020.03.14-16.43.20:080][ 56]TextureStreamingBuild: Display: Build Texture Streaming took 0.004 seconds.
[2020.03.14-16.43.20:105][ 56]LogUObjectHash: Compacting FUObjectHashTables data took   0.57ms
[2020.03.14-16.43.20:297][ 56]LightingResults: New page: Diseño de la iluminación - 14 mar. 2020 06:43:20
[2020.03.14-16.43.20:321][ 56]LightingResults: Warning: InstancedFoliageActor_0 Instanced meshes don't yet support unique static lighting for each LOD. Lighting on LOD 1+ may be incorrect unless lightmap UVs are the same for all LODs.
[2020.03.14-16.43.20:321][ 56]LightingResults: Warning: InstancedFoliageActor_0 Instanced meshes don't yet support unique static lighting for each LOD. Lighting on LOD 1+ may be incorrect unless lightmap UVs are the same for all LODs.
[2020.03.14-16.43.20:321][ 56]LightingResults: Warning: InstancedFoliageActor_0 Instanced meshes don't yet support unique static lighting for each LOD. Lighting on LOD 1+ may be incorrect unless lightmap UVs are the same for all LODs.
[2020.03.14-16.43.20:321][ 56]LightingResults: Warning: InstancedFoliageActor_0 Instanced meshes don't yet support unique static lighting for each LOD. Lighting on LOD 1+ may be incorrect unless lightmap UVs are the same for all LODs.
[2020.03.14-16.43.20:321][ 56]LightingResults: Warning: InstancedFoliageActor_0 Instanced meshes don't yet support unique static lighting for each LOD. Lighting on LOD 1+ may be incorrect unless lightmap UVs are the same for all LODs.
[2020.03.14-16.43.20:321][ 56]LightingResults: Warning: InstancedFoliageActor_0 Instanced meshes don't yet support unique static lighting for each LOD. Lighting on LOD 1+ may be incorrect unless lightmap UVs are the same for all LODs.
[2020.03.14-16.43.20:321][ 56]LightingResults: Warning: InstancedFoliageActor_0 Instanced meshes don't yet support unique static lighting for each LOD. Lighting on LOD 1+ may be incorrect unless lightmap UVs are the same for all LODs.
[2020.03.14-16.43.20:321][ 56]LightingResults: Warning: InstancedFoliageActor_0 Instanced meshes don't yet support unique static lighting for each LOD. Lighting on LOD 1+ may be incorrect unless lightmap UVs are the same for all LODs.
[2020.03.14-16.43.20:321][ 56]LightingResults: Warning: InstancedFoliageActor_0 Instanced meshes don't yet support unique static lighting for each LOD. Lighting on LOD 1+ may be incorrect unless lightmap UVs are the same for all LODs.
[2020.03.14-16.43.20:321][ 56]LightingResults: Warning: InstancedFoliageActor_0 Instanced meshes don't yet support unique static lighting for each LOD. Lighting on LOD 1+ may be incorrect unless lightmap UVs are the same for all LODs.
[2020.03.14-16.43.20:321][ 56]LightingResults: Warning: InstancedFoliageActor_0 Instanced meshes don't yet support unique static lighting for each LOD. Lighting on LOD 1+ may be incorrect unless lightmap UVs are the same for all LODs.
[2020.03.14-16.43.20:321][ 56]LightingResults: Warning: InstancedFoliageActor_0 Instanced meshes don't yet support unique static lighting for each LOD. Lighting on LOD 1+ may be incorrect unless lightmap UVs are the same for all LODs.
[2020.03.14-16.43.20:321][ 56]LightingResults: Warning: InstancedFoliageActor_0 Instanced meshes don't yet support unique static lighting for each LOD. Lighting on LOD 1+ may be incorrect unless lightmap UVs are the same for all LODs.
[2020.03.14-16.43.20:321][ 56]LightingResults: Warning: InstancedFoliageActor_0 Instanced meshes don't yet support unique static lighting for each LOD. Lighting on LOD 1+ may be incorrect unless lightmap UVs are the same for all LODs.
[2020.03.14-16.43.20:321][ 56]LightingResults: Warning: InstancedFoliageActor_0 Instanced meshes don't yet support unique static lighting for each LOD. Lighting on LOD 1+ may be incorrect unless lightmap UVs are the same for all LODs.
[2020.03.14-16.43.20:321][ 56]LightingResults: Warning: InstancedFoliageActor_0 Instanced meshes don't yet support unique static lighting for each LOD. Lighting on LOD 1+ may be incorrect unless lightmap UVs are the same for all LODs.
[2020.03.14-16.43.20:321][ 56]LightingResults: Warning: InstancedFoliageActor_0 Instanced meshes don't yet support unique static lighting for each LOD. Lighting on LOD 1+ may be incorrect unless lightmap UVs are the same for all LODs.
[2020.03.14-16.43.20:321][ 56]LightingResults: Warning: InstancedFoliageActor_0 Instanced meshes don't yet support unique static lighting for each LOD. Lighting on LOD 1+ may be incorrect unless lightmap UVs are the same for all LODs.
[2020.03.14-16.43.20:321][ 56]LightingResults: Warning: InstancedFoliageActor_0 Instanced meshes don't yet support unique static lighting for each LOD. Lighting on LOD 1+ may be incorrect unless lightmap UVs are the same for all LODs.
[2020.03.14-16.43.20:482][ 56]LogSwarmInterface: [OpenConnection] Registering TCP channel ...
[2020.03.14-16.43.20:549][ 56]LogSwarmInterface: [OpenConnection] Connecting to agent ...
[2020.03.14-16.43.20:567][ 56]LogSwarmInterface: [TryOpenConnection] Testing the Agent
