Log file open, 03/16/20 16:19:20
LogWindows: Failed to load 'aqProf.dll' (GetLastError=126)
LogWindows: File 'aqProf.dll' does not exist
LogWindows: Failed to load 'VtuneApi.dll' (GetLastError=126)
LogWindows: File 'VtuneApi.dll' does not exist
LogWindows: Failed to load 'VtuneApi32e.dll' (GetLastError=126)
LogWindows: File 'VtuneApi32e.dll' does not exist
LogConsoleResponse: Display: Failed to find resolution value strings in scalability ini. Falling back to default.
LogInit: Display: Running engine for game: Lolilandia02
LogPlatformFile: Not using cached read wrapper
LogTaskGraph: Started task graph with 5 named threads and 35 total threads with 3 sets of task threads.
LogStats: Stats thread started at 4.102818
LogD3D11RHI: Loaded GFSDK_Aftermath_Lib.x64.dll
LogICUInternationalization: ICU TimeZone Detection - Raw Offset: -5:00, Platform Override: ''
LogPluginManager: Mounting plugin Paper2D
LogPluginManager: Mounting plugin AISupport
LogPluginManager: Mounting plugin LightPropagationVolume
LogPluginManager: Mounting plugin ActorLayerUtilities
LogPluginManager: Mounting plugin AnimationSharing
LogPluginManager: Mounting plugin CLionSourceCodeAccess
LogPluginManager: Mounting plugin CodeLiteSourceCodeAccess
LogPluginManager: Mounting plugin GitSourceControl
LogPluginManager: Mounting plugin KDevelopSourceCodeAccess
LogPluginManager: Mounting plugin NullSourceCodeAccess
LogPluginManager: Mounting plugin PerforceSourceControl
LogPluginManager: Mounting plugin PlasticSourceControl
LogPluginManager: Mounting plugin SubversionSourceControl
LogPluginManager: Mounting plugin UObjectPlugin
LogPluginManager: Mounting plugin VisualStudioCodeSourceCodeAccess
LogPluginManager: Mounting plugin VisualStudioSourceCodeAccess
LogPluginManager: Mounting plugin XCodeSourceCodeAccess
LogPluginManager: Mounting plugin AssetManagerEditor
LogPluginManager: Mounting plugin CryptoKeys
LogPluginManager: Mounting plugin CurveEditorTools
LogPluginManager: Mounting plugin DataValidation
LogPluginManager: Mounting plugin FacialAnimation
LogPluginManager: Mounting plugin GameplayTagsEditor
LogPluginManager: Mounting plugin MacGraphicsSwitching
LogPluginManager: Mounting plugin MaterialAnalyzer
LogPluginManager: Mounting plugin MobileLauncherProfileWizard
LogPluginManager: Mounting plugin PluginBrowser
LogPluginManager: Mounting plugin SpeedTreeImporter
LogPluginManager: Mounting plugin DatasmithContent
LogPluginManager: Mounting plugin VariantManagerContent
LogPluginManager: Mounting plugin AlembicImporter
LogPluginManager: Mounting plugin AutomationUtils
LogPluginManager: Mounting plugin BackChannel
LogPluginManager: Mounting plugin CharacterAI
LogPluginManager: Mounting plugin GeometryCache
LogPluginManager: Mounting plugin PlatformCrypto
LogPluginManager: Mounting plugin ProxyLODPlugin
LogPluginManager: Mounting plugin SkeletalReduction
LogPluginManager: Mounting plugin MagicLeap
LogPluginManager: Mounting plugin MagicLeapMedia
LogPluginManager: Mounting plugin MLSDK
LogPluginManager: Mounting plugin AndroidMedia
LogPluginManager: Mounting plugin AvfMedia
LogPluginManager: Mounting plugin ImgMedia
LogPluginManager: Mounting plugin MediaCompositing
LogPluginManager: Mounting plugin MediaPlayerEditor
LogPluginManager: Mounting plugin WebMMedia
LogPluginManager: Mounting plugin WmfMedia
LogPluginManager: Mounting plugin TcpMessaging
LogPluginManager: Mounting plugin UdpMessaging
LogPluginManager: Mounting plugin ActorSequence
LogPluginManager: Mounting plugin LevelSequenceEditor
LogPluginManager: Mounting plugin MatineeToLevelSequence
LogPluginManager: Mounting plugin NetcodeUnitTest
LogPluginManager: Mounting plugin NUTUnrealEngine4
LogPluginManager: Mounting plugin OnlineSubsystemGooglePlay
LogPluginManager: Mounting plugin OnlineSubsystemIOS
LogPluginManager: Mounting plugin OnlineSubsystem
LogPluginManager: Mounting plugin OnlineSubsystemNull
LogPluginManager: Mounting plugin OnlineSubsystemUtils
LogPluginManager: Mounting plugin LauncherChunkInstaller
LogPluginManager: Mounting plugin AndroidDeviceProfileSelector
LogPluginManager: Mounting plugin AndroidMoviePlayer
LogPluginManager: Mounting plugin AndroidPermission
LogPluginManager: Mounting plugin AppleImageUtils
LogPluginManager: Mounting plugin AppleMoviePlayer
LogPluginManager: Mounting plugin ArchVisCharacter
LogPluginManager: Mounting plugin AssetTags
LogPluginManager: Mounting plugin AudioCapture
LogPluginManager: Mounting plugin CableComponent
LogPluginManager: Mounting plugin CustomMeshComponent
LogPluginManager: Mounting plugin EditableMesh
LogPluginManager: Mounting plugin ExampleDeviceProfileSelector
LogPluginManager: Mounting plugin GoogleCloudMessaging
LogPluginManager: Mounting plugin IOSDeviceProfileSelector
LogPluginManager: Mounting plugin LinuxDeviceProfileSelector
LogPluginManager: Mounting plugin LocationServicesBPLibrary
LogPluginManager: Mounting plugin MobilePatchingUtils
LogPluginManager: Mounting plugin OculusVR
LogPluginManager: Mounting plugin PhysXVehicles
LogPluginManager: Mounting plugin PostSplashScreen
LogPluginManager: Mounting plugin ProceduralMeshComponent
LogPluginManager: Mounting plugin RuntimePhysXCooking
LogPluginManager: Mounting plugin SignificanceManager
LogPluginManager: Mounting plugin SteamVR
LogPluginManager: Mounting plugin WebMMoviePlayer
LogPluginManager: Mounting plugin WindowsMoviePlayer
LogPluginManager: Mounting plugin ScreenshotTools
LogInit: Using libcurl 7.55.1-DEV
LogInit:  - built for x86_64-pc-win32
LogInit:  - supports SSL with OpenSSL/1.1.1
LogInit:  - supports HTTP deflate (compression) using libz 1.2.8
LogInit:  - other features:
LogInit:      CURL_VERSION_SSL
LogInit:      CURL_VERSION_LIBZ
LogInit:      CURL_VERSION_IPV6
LogInit:      CURL_VERSION_ASYNCHDNS
LogInit:      CURL_VERSION_LARGEFILE
LogInit:      CURL_VERSION_IDN
LogInit:  CurlRequestOptions (configurable via config and command line):
LogInit:  - bVerifyPeer = true  - Libcurl will verify peer certificate
LogInit:  - bUseHttpProxy = false  - Libcurl will NOT use HTTP proxy
LogInit:  - bDontReuseConnections = false  - Libcurl will reuse connections
LogInit:  - MaxHostConnections = 16  - Libcurl will limit the number of connections to a host
LogInit:  - LocalHostAddr = Default
LogInit:  - BufferSize = 65536
LogOnline: OSS: Creating online subsystem instance for: NULL
LogInit: WinSock: version 1.1 (2.2), MaxSocks=32767, MaxUdp=65467
LogOnline: OSS: TryLoadSubsystemAndSetDefault: Loaded subsystem for module [NULL]
LogInit: Build: ++UE4+Release-4.24-CL-10757647
LogInit: Engine Version: 4.24.1-10757647+++UE4+Release-4.24
LogInit: Compatible Engine Version: 4.24.0-10570792+++UE4+Release-4.24
LogInit: Net CL: 10570792
LogInit: OS: Windows 10 (Release 1903) (), CPU: Intel(R) Core(TM) i7-8750H CPU @ 2.20GHz, GPU: Intel(R) UHD Graphics 630
LogInit: Compiled (64-bit): Dec 17 2019 02:08:03
LogInit: Compiled with Visual C++: 19.16.27032.01
LogInit: Build Configuration: Development
LogInit: Branch Name: ++UE4+Release-4.24
LogInit: Command Line: 
LogInit: Base Directory: D:/Epic Games/UE_4.24/Engine/Binaries/Win64/
LogInit: Installed Engine Build: 1
LogDevObjectVersion: Number of dev versions registered: 25
LogDevObjectVersion:   Dev-Blueprints (B0D832E4-1F89-4F0D-ACCF-7EB736FD4AA2): 10
LogDevObjectVersion:   Dev-Build (E1C64328-A22C-4D53-A36C-8E866417BD8C): 0
LogDevObjectVersion:   Dev-Core (375EC13C-06E4-48FB-B500-84F0262A717E): 3
LogDevObjectVersion:   Dev-Editor (E4B068ED-F494-42E9-A231-DA0B2E46BB41): 37
LogDevObjectVersion:   Dev-Framework (CFFC743F-43B0-4480-9391-14DF171D2073): 36
LogDevObjectVersion:   Dev-Mobile (B02B49B5-BB20-44E9-A304-32B752E40360): 2
LogDevObjectVersion:   Dev-Networking (A4E4105C-59A1-49B5-A7C5-40C4547EDFEE): 0
LogDevObjectVersion:   Dev-Online (39C831C9-5AE6-47DC-9A44-9C173E1C8E7C): 0
LogDevObjectVersion:   Dev-Physics (78F01B33-EBEA-4F98-B9B4-84EACCB95AA2): 2
LogDevObjectVersion:   Dev-Platform (6631380F-2D4D-43E0-8009-CF276956A95A): 0
LogDevObjectVersion:   Dev-Rendering (12F88B9F-8875-4AFC-A67C-D90C383ABD29): 36
LogDevObjectVersion:   Dev-Sequencer (7B5AE74C-D270-4C10-A958-57980B212A5A): 11
LogDevObjectVersion:   Dev-VR (D7296918-1DD6-4BDD-9DE2-64A83CC13884): 2
LogDevObjectVersion:   Dev-LoadTimes (C2A15278-BFE7-4AFE-6C17-90FF531DF755): 1
LogDevObjectVersion:   Private-Geometry (6EACA3D4-40EC-4CC1-B786-8BED09428FC5): 3
LogDevObjectVersion:   Dev-AnimPhys (29E575DD-E0A3-4627-9D10-D276232CDCEA): 17
LogDevObjectVersion:   Dev-Anim (AF43A65D-7FD3-4947-9873-3E8ED9C1BB05): 2
LogDevObjectVersion:   Dev-ReflectionCapture (6B266CEC-1EC7-4B8F-A30B-E4D90942FC07): 1
LogDevObjectVersion:   Dev-Automation (0DF73D61-A23F-47EA-B727-89E90C41499A): 1
LogDevObjectVersion:   FortniteMain (601D1886-AC64-4F84-AA16-D3DE0DEAC7D6): 31
LogDevObjectVersion:   Dev-Enterprise (9DFFBCD6-494F-0158-E221-12823C92A888): 8
LogDevObjectVersion:   Dev-Niagara (F2AED0AC-9AFE-416F-8664-AA7FFA26D6FC): 1
LogDevObjectVersion:   Dev-Destruction (174F1F0B-B4C6-45A5-B13F-2EE8D0FB917D): 9
LogDevObjectVersion:   Dev-Physics-Ext (35F94A83-E258-406C-A318-09F59610247C): 8
LogDevObjectVersion:   Dev-CineCamera (B2E18506-4273-CFC2-A54E-F4BB758BBA07): 1
LogInit: Presizing for max 25165824 objects, including 0 objects not considered by GC, pre-allocating 0 bytes for permanent pool.
LogInit: Object subsystem initialized
LogConfig: Setting CVar [[con.DebugEarlyDefault:1]]
LogConfig: Setting CVar [[r.setres:1280x720]]
[2020.03.16-21.19.23:217][  0]LogConfig: Setting CVar [[r.VSync:0]]
[2020.03.16-21.19.23:217][  0]LogConfig: Setting CVar [[r.RHICmdBypass:0]]
[2020.03.16-21.19.23:225][  0]LogConfig: Applying CVar settings from Section [/Script/Engine.RendererSettings] File [D:/Epic Games/mis proyectos/Lolilandia02/Saved/Config/Windows/Engine.ini]
[2020.03.16-21.19.23:225][  0]LogConfig: Setting CVar [[r.GPUCrashDebugging:0]]
[2020.03.16-21.19.23:225][  0]LogConfig: Applying CVar settings from Section [/Script/Engine.RendererOverrideSettings] File [D:/Epic Games/mis proyectos/Lolilandia02/Saved/Config/Windows/Engine.ini]
[2020.03.16-21.19.23:225][  0]LogConfig: Applying CVar settings from Section [/Script/Engine.StreamingSettings] File [D:/Epic Games/mis proyectos/Lolilandia02/Saved/Config/Windows/Engine.ini]
[2020.03.16-21.19.23:225][  0]LogConfig: Setting CVar [[s.MinBulkDataSizeForAsyncLoading:131072]]
[2020.03.16-21.19.23:225][  0]LogConfig: Setting CVar [[s.AsyncLoadingThreadEnabled:0]]
[2020.03.16-21.19.23:225][  0]LogConfig: Setting CVar [[s.EventDrivenLoaderEnabled:1]]
[2020.03.16-21.19.23:225][  0]LogConfig: Setting CVar [[s.WarnIfTimeLimitExceeded:0]]
[2020.03.16-21.19.23:225][  0]LogConfig: Setting CVar [[s.TimeLimitExceededMultiplier:1.5]]
[2020.03.16-21.19.23:225][  0]LogConfig: Setting CVar [[s.TimeLimitExceededMinTime:0.005]]
[2020.03.16-21.19.23:225][  0]LogConfig: Setting CVar [[s.UseBackgroundLevelStreaming:1]]
[2020.03.16-21.19.23:225][  0]LogConfig: Setting CVar [[s.PriorityAsyncLoadingExtraTime:15.0]]
[2020.03.16-21.19.23:225][  0]LogConfig: Setting CVar [[s.LevelStreamingActorsUpdateTimeLimit:5.0]]
[2020.03.16-21.19.23:225][  0]LogConfig: Setting CVar [[s.PriorityLevelStreamingActorsUpdateExtraTime:5.0]]
[2020.03.16-21.19.23:225][  0]LogConfig: Setting CVar [[s.LevelStreamingComponentsRegistrationGranularity:10]]
[2020.03.16-21.19.23:225][  0]LogConfig: Setting CVar [[s.UnregisterComponentsTimeLimit:1.0]]
[2020.03.16-21.19.23:225][  0]LogConfig: Setting CVar [[s.LevelStreamingComponentsUnregistrationGranularity:5]]
[2020.03.16-21.19.23:225][  0]LogConfig: Setting CVar [[s.FlushStreamingOnExit:1]]
[2020.03.16-21.19.23:225][  0]LogConfig: Applying CVar settings from Section [/Script/Engine.GarbageCollectionSettings] File [D:/Epic Games/mis proyectos/Lolilandia02/Saved/Config/Windows/Engine.ini]
[2020.03.16-21.19.23:225][  0]LogConfig: Setting CVar [[gc.MaxObjectsNotConsideredByGC:1]]
[2020.03.16-21.19.23:225][  0]LogConfig: Setting CVar [[gc.SizeOfPermanentObjectPool:0]]
[2020.03.16-21.19.23:225][  0]LogConfig: Setting CVar [[gc.FlushStreamingOnGC:0]]
[2020.03.16-21.19.23:225][  0]LogConfig: Setting CVar [[gc.NumRetriesBeforeForcingGC:10]]
[2020.03.16-21.19.23:225][  0]LogConfig: Setting CVar [[gc.AllowParallelGC:1]]
[2020.03.16-21.19.23:225][  0]LogConfig: Setting CVar [[gc.TimeBetweenPurgingPendingKillObjects:61.1]]
[2020.03.16-21.19.23:225][  0]LogConfig: Setting CVar [[gc.MaxObjectsInEditor:25165824]]
[2020.03.16-21.19.23:225][  0]LogConfig: Setting CVar [[gc.IncrementalBeginDestroyEnabled:1]]
[2020.03.16-21.19.23:225][  0]LogConfig: Setting CVar [[gc.CreateGCClusters:1]]
[2020.03.16-21.19.23:225][  0]LogConfig: Setting CVar [[gc.MinGCClusterSize:5]]
[2020.03.16-21.19.23:225][  0]LogConfig: Setting CVar [[gc.ActorClusteringEnabled:0]]
[2020.03.16-21.19.23:225][  0]LogConfig: Setting CVar [[gc.BlueprintClusteringEnabled:0]]
[2020.03.16-21.19.23:225][  0]LogConfig: Setting CVar [[gc.UseDisregardForGCOnDedicatedServers:0]]
[2020.03.16-21.19.23:225][  0]LogConfig: Applying CVar settings from Section [/Script/Engine.NetworkSettings] File [D:/Epic Games/mis proyectos/Lolilandia02/Saved/Config/Windows/Engine.ini]
[2020.03.16-21.19.23:225][  0]LogConfig: Applying CVar settings from Section [/Script/UnrealEd.CookerSettings] File [D:/Epic Games/mis proyectos/Lolilandia02/Saved/Config/Windows/Engine.ini]
[2020.03.16-21.19.23:234][  0]LogConfig: Applying CVar settings from Section [ViewDistanceQuality@3] File [D:/Epic Games/mis proyectos/Lolilandia02/Saved/Config/Windows/Scalability.ini]
[2020.03.16-21.19.23:234][  0]LogConfig: Setting CVar [[r.SkeletalMeshLODBias:0]]
[2020.03.16-21.19.23:234][  0]LogConfig: Setting CVar [[r.ViewDistanceScale:1.0]]
[2020.03.16-21.19.23:234][  0]LogConfig: Applying CVar settings from Section [AntiAliasingQuality@3] File [D:/Epic Games/mis proyectos/Lolilandia02/Saved/Config/Windows/Scalability.ini]
[2020.03.16-21.19.23:234][  0]LogConfig: Setting CVar [[r.PostProcessAAQuality:4]]
[2020.03.16-21.19.23:234][  0]LogConfig: Applying CVar settings from Section [ShadowQuality@3] File [D:/Epic Games/mis proyectos/Lolilandia02/Saved/Config/Windows/Scalability.ini]
[2020.03.16-21.19.23:234][  0]LogConfig: Setting CVar [[r.LightFunctionQuality:1]]
[2020.03.16-21.19.23:234][  0]LogConfig: Setting CVar [[r.ShadowQuality:5]]
[2020.03.16-21.19.23:234][  0]LogConfig: Setting CVar [[r.Shadow.CSM.MaxCascades:10]]
[2020.03.16-21.19.23:234][  0]LogConfig: Setting CVar [[r.Shadow.MaxResolution:2048]]
[2020.03.16-21.19.23:234][  0]LogConfig: Setting CVar [[r.Shadow.MaxCSMResolution:2048]]
[2020.03.16-21.19.23:234][  0]LogConfig: Setting CVar [[r.Shadow.RadiusThreshold:0.01]]
[2020.03.16-21.19.23:234][  0]LogConfig: Setting CVar [[r.Shadow.DistanceScale:1.0]]
[2020.03.16-21.19.23:234][  0]LogConfig: Setting CVar [[r.Shadow.CSM.TransitionScale:1.0]]
[2020.03.16-21.19.23:234][  0]LogConfig: Setting CVar [[r.Shadow.PreShadowResolutionFactor:1.0]]
[2020.03.16-21.19.23:234][  0]LogConfig: Setting CVar [[r.DistanceFieldShadowing:1]]
[2020.03.16-21.19.23:234][  0]LogConfig: Setting CVar [[r.DistanceFieldAO:1]]
[2020.03.16-21.19.23:234][  0]LogConfig: Setting CVar [[r.AOQuality:2]]
[2020.03.16-21.19.23:234][  0]LogConfig: Setting CVar [[r.VolumetricFog:1]]
[2020.03.16-21.19.23:234][  0]LogConfig: Setting CVar [[r.VolumetricFog.GridPixelSize:8]]
[2020.03.16-21.19.23:234][  0]LogConfig: Setting CVar [[r.VolumetricFog.GridSizeZ:128]]
[2020.03.16-21.19.23:234][  0]LogConfig: Setting CVar [[r.VolumetricFog.HistoryMissSupersampleCount:4]]
[2020.03.16-21.19.23:234][  0]LogConfig: Setting CVar [[r.LightMaxDrawDistanceScale:1]]
[2020.03.16-21.19.23:234][  0]LogConfig: Setting CVar [[r.CapsuleShadows:1]]
[2020.03.16-21.19.23:234][  0]LogConfig: Applying CVar settings from Section [PostProcessQuality@3] File [D:/Epic Games/mis proyectos/Lolilandia02/Saved/Config/Windows/Scalability.ini]
[2020.03.16-21.19.23:235][  0]LogConfig: Setting CVar [[r.MotionBlurQuality:4]]
[2020.03.16-21.19.23:235][  0]LogConfig: Setting CVar [[r.AmbientOcclusionMipLevelFactor:0.4]]
[2020.03.16-21.19.23:235][  0]LogConfig: Setting CVar [[r.AmbientOcclusionMaxQuality:100]]
[2020.03.16-21.19.23:235][  0]LogConfig: Setting CVar [[r.AmbientOcclusionLevels:-1]]
[2020.03.16-21.19.23:235][  0]LogConfig: Setting CVar [[r.AmbientOcclusionRadiusScale:1.0]]
[2020.03.16-21.19.23:235][  0]LogConfig: Setting CVar [[r.DepthOfFieldQuality:2]]
[2020.03.16-21.19.23:235][  0]LogConfig: Setting CVar [[r.RenderTargetPoolMin:400]]
[2020.03.16-21.19.23:235][  0]LogConfig: Setting CVar [[r.LensFlareQuality:2]]
[2020.03.16-21.19.23:235][  0]LogConfig: Setting CVar [[r.SceneColorFringeQuality:1]]
[2020.03.16-21.19.23:235][  0]LogConfig: Setting CVar [[r.EyeAdaptationQuality:2]]
[2020.03.16-21.19.23:235][  0]LogConfig: Setting CVar [[r.BloomQuality:5]]
[2020.03.16-21.19.23:235][  0]LogConfig: Setting CVar [[r.FastBlurThreshold:100]]
[2020.03.16-21.19.23:235][  0]LogConfig: Setting CVar [[r.Upscale.Quality:3]]
[2020.03.16-21.19.23:235][  0]LogConfig: Setting CVar [[r.Tonemapper.GrainQuantization:1]]
[2020.03.16-21.19.23:235][  0]LogConfig: Setting CVar [[r.LightShaftQuality:1]]
[2020.03.16-21.19.23:235][  0]LogConfig: Setting CVar [[r.Filter.SizeScale:1]]
[2020.03.16-21.19.23:235][  0]LogConfig: Setting CVar [[r.Tonemapper.Quality:5]]
[2020.03.16-21.19.23:235][  0]LogConfig: Setting CVar [[r.DOF.Gather.AccumulatorQuality:1        ; higher gathering accumulator quality]]
[2020.03.16-21.19.23:235][  0]LogConfig: Setting CVar [[r.DOF.Gather.PostfilterMethod:1          ; Median3x3 postfilering method]]
[2020.03.16-21.19.23:235][  0]LogConfig: Setting CVar [[r.DOF.Gather.EnableBokehSettings:0       ; no bokeh simulation when gathering]]
[2020.03.16-21.19.23:235][  0]LogConfig: Setting CVar [[r.DOF.Gather.RingCount:4                 ; medium number of samples when gathering]]
[2020.03.16-21.19.23:235][  0]LogConfig: Setting CVar [[r.DOF.Scatter.ForegroundCompositing:1    ; additive foreground scattering]]
[2020.03.16-21.19.23:235][  0]LogConfig: Setting CVar [[r.DOF.Scatter.BackgroundCompositing:2    ; additive background scattering]]
[2020.03.16-21.19.23:235][  0]LogConfig: Setting CVar [[r.DOF.Scatter.EnableBokehSettings:1      ; bokeh simulation when scattering]]
[2020.03.16-21.19.23:235][  0]LogConfig: Setting CVar [[r.DOF.Scatter.MaxSpriteRatio:0.1         ; only a maximum of 10% of scattered bokeh]]
[2020.03.16-21.19.23:235][  0]LogConfig: Setting CVar [[r.DOF.Recombine.Quality:1                ; cheap slight out of focus]]
[2020.03.16-21.19.23:235][  0]LogConfig: Setting CVar [[r.DOF.Recombine.EnableBokehSettings:0    ; no bokeh simulation on slight out of focus]]
[2020.03.16-21.19.23:235][  0]LogConfig: Setting CVar [[r.DOF.TemporalAAQuality:1                ; more stable temporal accumulation]]
[2020.03.16-21.19.23:235][  0]LogConfig: Setting CVar [[r.DOF.Kernel.MaxForegroundRadius:0.025]]
[2020.03.16-21.19.23:235][  0]LogConfig: Setting CVar [[r.DOF.Kernel.MaxBackgroundRadius:0.025]]
[2020.03.16-21.19.23:235][  0]LogConfig: Applying CVar settings from Section [TextureQuality@3] File [D:/Epic Games/mis proyectos/Lolilandia02/Saved/Config/Windows/Scalability.ini]
[2020.03.16-21.19.23:235][  0]LogConfig: Setting CVar [[r.Streaming.MipBias:0]]
[2020.03.16-21.19.23:235][  0]LogConfig: Setting CVar [[r.Streaming.AmortizeCPUToGPUCopy:0]]
[2020.03.16-21.19.23:235][  0]LogConfig: Setting CVar [[r.Streaming.MaxNumTexturesToStreamPerFrame:0]]
[2020.03.16-21.19.23:235][  0]LogConfig: Setting CVar [[r.Streaming.Boost:1]]
[2020.03.16-21.19.23:235][  0]LogConfig: Setting CVar [[r.MaxAnisotropy:8]]
[2020.03.16-21.19.23:235][  0]LogConfig: Setting CVar [[r.VT.MaxAnisotropy:8]]
[2020.03.16-21.19.23:235][  0]LogConfig: Setting CVar [[r.Streaming.LimitPoolSizeToVRAM:0]]
[2020.03.16-21.19.23:236][  0]LogConfig: Setting CVar [[r.Streaming.PoolSize:1000]]
[2020.03.16-21.19.23:236][  0]LogConfig: Setting CVar [[r.Streaming.MaxEffectiveScreenSize:0]]
[2020.03.16-21.19.23:236][  0]LogConfig: Applying CVar settings from Section [EffectsQuality@3] File [D:/Epic Games/mis proyectos/Lolilandia02/Saved/Config/Windows/Scalability.ini]
[2020.03.16-21.19.23:236][  0]LogConfig: Setting CVar [[r.TranslucencyLightingVolumeDim:64]]
[2020.03.16-21.19.23:236][  0]LogConfig: Setting CVar [[r.RefractionQuality:2]]
[2020.03.16-21.19.23:236][  0]LogConfig: Setting CVar [[r.SSR.Quality:3]]
[2020.03.16-21.19.23:236][  0]LogConfig: Setting CVar [[r.SSR.HalfResSceneColor:0]]
[2020.03.16-21.19.23:236][  0]LogConfig: Setting CVar [[r.SceneColorFormat:4]]
[2020.03.16-21.19.23:236][  0]LogConfig: Setting CVar [[r.DetailMode:2]]
[2020.03.16-21.19.23:236][  0]LogConfig: Setting CVar [[r.TranslucencyVolumeBlur:1]]
[2020.03.16-21.19.23:236][  0]LogConfig: Setting CVar [[r.MaterialQualityLevel:1 ; High quality]]
[2020.03.16-21.19.23:236][  0]LogConfig: Setting CVar [[r.SSS.Scale:1]]
[2020.03.16-21.19.23:236][  0]LogConfig: Setting CVar [[r.SSS.SampleSet:2]]
[2020.03.16-21.19.23:236][  0]LogConfig: Setting CVar [[r.SSS.Quality:1]]
[2020.03.16-21.19.23:236][  0]LogConfig: Setting CVar [[r.SSS.HalfRes:1]]
[2020.03.16-21.19.23:236][  0]LogConfig: Setting CVar [[r.SSGI.Quality:3]]
[2020.03.16-21.19.23:236][  0]LogConfig: Setting CVar [[r.EmitterSpawnRateScale:1.0]]
[2020.03.16-21.19.23:236][  0]LogConfig: Setting CVar [[r.ParticleLightQuality:2]]
[2020.03.16-21.19.23:236][  0]LogConfig: Setting CVar [[r.SkyAtmosphere.AerialPerspectiveLUT.FastApplyOnOpaque:1 ; Always have FastSkyLUT 1 in this case to avoid wrong sky]]
[2020.03.16-21.19.23:236][  0]LogConfig: Setting CVar [[r.SkyAtmosphere.AerialPerspectiveLUT.SampleCountPerSlice:1]]
[2020.03.16-21.19.23:236][  0]LogConfig: Setting CVar [[r.SkyAtmosphere.AerialPerspectiveLUT.DepthResolution:16.0]]
[2020.03.16-21.19.23:236][  0]LogConfig: Setting CVar [[r.SkyAtmosphere.FastSkyLUT:1]]
[2020.03.16-21.19.23:236][  0]LogConfig: Setting CVar [[r.SkyAtmosphere.FastSkyLUT.SampleCountMin:4.0]]
[2020.03.16-21.19.23:236][  0]LogConfig: Setting CVar [[r.SkyAtmosphere.FastSkyLUT.SampleCountMax:32.0]]
[2020.03.16-21.19.23:236][  0]LogConfig: Setting CVar [[r.SkyAtmosphere.SampleCountMin:4.0]]
[2020.03.16-21.19.23:236][  0]LogConfig: Setting CVar [[r.SkyAtmosphere.SampleCountMax:32.0]]
[2020.03.16-21.19.23:236][  0]LogConfig: Setting CVar [[r.SkyAtmosphere.TransmittanceLUT.UseSmallFormat:0]]
[2020.03.16-21.19.23:236][  0]LogConfig: Setting CVar [[r.SkyAtmosphere.TransmittanceLUT.SampleCount:10.0]]
[2020.03.16-21.19.23:236][  0]LogConfig: Setting CVar [[r.SkyAtmosphere.MultiScatteringLUT.SampleCount:15.0]]
[2020.03.16-21.19.23:236][  0]LogConfig: Applying CVar settings from Section [FoliageQuality@3] File [D:/Epic Games/mis proyectos/Lolilandia02/Saved/Config/Windows/Scalability.ini]
[2020.03.16-21.19.23:236][  0]LogConfig: Setting CVar [[foliage.DensityScale:1.0]]
[2020.03.16-21.19.23:236][  0]LogConfig: Setting CVar [[grass.DensityScale:1.0]]
[2020.03.16-21.19.23:236][  0]LogConfig: Applying CVar settings from Section [ShadingQuality@3] File [D:/Epic Games/mis proyectos/Lolilandia02/Saved/Config/Windows/Scalability.ini]
[2020.03.16-21.19.23:236][  0]LogConfig: Setting CVar [[r.HairStrands.SkyLighting.SampleCount:16]]
[2020.03.16-21.19.23:236][  0]LogConfig: Setting CVar [[r.HairStrands.SkyLighting.JitterIntegration:0]]
[2020.03.16-21.19.23:236][  0]LogConfig: Setting CVar [[r.HairStrands.SkyAO.SampleCount:16]]
[2020.03.16-21.19.23:267][  0]LogInit: Selected Device Profile: [Windows]
[2020.03.16-21.19.23:268][  0]LogInit: Applying CVar settings loaded from the selected device profile: [Windows]
[2020.03.16-21.19.23:289][  0]LogHAL: Display: Platform has ~ 16 GB [17014509568 / 17179869184 / 16], which maps to Larger [LargestMinGB=32, LargerMinGB=12, DefaultMinGB=8, SmallerMinGB=6, SmallestMinGB=0)
[2020.03.16-21.19.23:309][  0]LogInit: Going up to parent DeviceProfile []
[2020.03.16-21.19.23:309][  0]LogConfig: Applying CVar settings from Section [ViewDistanceQuality@1] File [D:/Epic Games/mis proyectos/Lolilandia02/Saved/Config/Windows/Scalability.ini]
[2020.03.16-21.19.23:309][  0]LogConfig: Setting CVar [[r.SkeletalMeshLODBias:1]]
[2020.03.16-21.19.23:309][  0]LogConfig: Setting CVar [[r.ViewDistanceScale:0.6]]
[2020.03.16-21.19.23:309][  0]LogConfig: Applying CVar settings from Section [AntiAliasingQuality@1] File [D:/Epic Games/mis proyectos/Lolilandia02/Saved/Config/Windows/Scalability.ini]
[2020.03.16-21.19.23:309][  0]LogConfig: Setting CVar [[r.PostProcessAAQuality:2]]
[2020.03.16-21.19.23:309][  0]LogConfig: Applying CVar settings from Section [ShadowQuality@1] File [D:/Epic Games/mis proyectos/Lolilandia02/Saved/Config/Windows/Scalability.ini]
[2020.03.16-21.19.23:309][  0]LogConfig: Setting CVar [[r.LightFunctionQuality:1]]
[2020.03.16-21.19.23:309][  0]LogConfig: Setting CVar [[r.ShadowQuality:3]]
[2020.03.16-21.19.23:309][  0]LogConfig: Setting CVar [[r.Shadow.CSM.MaxCascades:1]]
[2020.03.16-21.19.23:309][  0]LogConfig: Setting CVar [[r.Shadow.MaxResolution:1024]]
[2020.03.16-21.19.23:309][  0]LogConfig: Setting CVar [[r.Shadow.MaxCSMResolution:1024]]
[2020.03.16-21.19.23:309][  0]LogConfig: Setting CVar [[r.Shadow.RadiusThreshold:0.05]]
[2020.03.16-21.19.23:309][  0]LogConfig: Setting CVar [[r.Shadow.DistanceScale:0.7]]
[2020.03.16-21.19.23:309][  0]LogConfig: Setting CVar [[r.Shadow.CSM.TransitionScale:0.25]]
[2020.03.16-21.19.23:309][  0]LogConfig: Setting CVar [[r.Shadow.PreShadowResolutionFactor:0.5]]
[2020.03.16-21.19.23:309][  0]LogConfig: Setting CVar [[r.DistanceFieldShadowing:0]]
[2020.03.16-21.19.23:309][  0]LogConfig: Setting CVar [[r.DistanceFieldAO:0]]
[2020.03.16-21.19.23:309][  0]LogConfig: Setting CVar [[r.VolumetricFog:0]]
[2020.03.16-21.19.23:309][  0]LogConfig: Setting CVar [[r.LightMaxDrawDistanceScale:.5]]
[2020.03.16-21.19.23:309][  0]LogConfig: Setting CVar [[r.CapsuleShadows:1]]
[2020.03.16-21.19.23:309][  0]LogConfig: Applying CVar settings from Section [PostProcessQuality@1] File [D:/Epic Games/mis proyectos/Lolilandia02/Saved/Config/Windows/Scalability.ini]
[2020.03.16-21.19.23:309][  0]LogConfig: Setting CVar [[r.MotionBlurQuality:3]]
[2020.03.16-21.19.23:309][  0]LogConfig: Setting CVar [[r.AmbientOcclusionMipLevelFactor:1.0]]
[2020.03.16-21.19.23:309][  0]LogConfig: Setting CVar [[r.AmbientOcclusionMaxQuality:60]]
[2020.03.16-21.19.23:309][  0]LogConfig: Setting CVar [[r.AmbientOcclusionLevels:-1]]
[2020.03.16-21.19.23:309][  0]LogConfig: Setting CVar [[r.AmbientOcclusionRadiusScale:1.5]]
[2020.03.16-21.19.23:309][  0]LogConfig: Setting CVar [[r.DepthOfFieldQuality:1]]
[2020.03.16-21.19.23:309][  0]LogConfig: Setting CVar [[r.RenderTargetPoolMin:350]]
[2020.03.16-21.19.23:309][  0]LogConfig: Setting CVar [[r.LensFlareQuality:0]]
[2020.03.16-21.19.23:309][  0]LogConfig: Setting CVar [[r.SceneColorFringeQuality:0]]
[2020.03.16-21.19.23:309][  0]LogConfig: Setting CVar [[r.EyeAdaptationQuality:0]]
[2020.03.16-21.19.23:309][  0]LogConfig: Setting CVar [[r.BloomQuality:4]]
[2020.03.16-21.19.23:309][  0]LogConfig: Setting CVar [[r.FastBlurThreshold:2]]
[2020.03.16-21.19.23:309][  0]LogConfig: Setting CVar [[r.Upscale.Quality:2]]
[2020.03.16-21.19.23:309][  0]LogConfig: Setting CVar [[r.Tonemapper.GrainQuantization:0]]
[2020.03.16-21.19.23:309][  0]LogConfig: Setting CVar [[r.LightShaftQuality:0]]
[2020.03.16-21.19.23:309][  0]LogConfig: Setting CVar [[r.Filter.SizeScale:0.7]]
[2020.03.16-21.19.23:309][  0]LogConfig: Setting CVar [[r.Tonemapper.Quality:2]]
[2020.03.16-21.19.23:309][  0]LogConfig: Setting CVar [[r.DOF.Gather.AccumulatorQuality:0        ; lower gathering accumulator quality]]
[2020.03.16-21.19.23:310][  0]LogConfig: Setting CVar [[r.DOF.Gather.PostfilterMethod:2          ; Max3x3 postfilering method]]
[2020.03.16-21.19.23:310][  0]LogConfig: Setting CVar [[r.DOF.Gather.EnableBokehSettings:0       ; no bokeh simulation when gathering]]
[2020.03.16-21.19.23:310][  0]LogConfig: Setting CVar [[r.DOF.Gather.RingCount:3                 ; low number of samples when gathering]]
[2020.03.16-21.19.23:310][  0]LogConfig: Setting CVar [[r.DOF.Scatter.ForegroundCompositing:0    ; no foreground scattering]]
[2020.03.16-21.19.23:310][  0]LogConfig: Setting CVar [[r.DOF.Scatter.BackgroundCompositing:0    ; no foreground scattering]]
[2020.03.16-21.19.23:310][  0]LogConfig: Setting CVar [[r.DOF.Recombine.Quality:0                ; no slight out of focus]]
[2020.03.16-21.19.23:310][  0]LogConfig: Setting CVar [[r.DOF.TemporalAAQuality:0                ; faster temporal accumulation]]
[2020.03.16-21.19.23:310][  0]LogConfig: Setting CVar [[r.DOF.Kernel.MaxForegroundRadius:0.006   ; required because low gathering and no scattering and not looking great at 1080p]]
[2020.03.16-21.19.23:310][  0]LogConfig: Setting CVar [[r.DOF.Kernel.MaxBackgroundRadius:0.006   ; required because low gathering and no scattering and not looking great at 1080p]]
[2020.03.16-21.19.23:310][  0]LogConfig: Applying CVar settings from Section [TextureQuality@1] File [D:/Epic Games/mis proyectos/Lolilandia02/Saved/Config/Windows/Scalability.ini]
[2020.03.16-21.19.23:310][  0]LogConfig: Setting CVar [[r.Streaming.MipBias:1]]
[2020.03.16-21.19.23:310][  0]LogConfig: Setting CVar [[r.Streaming.AmortizeCPUToGPUCopy:0]]
[2020.03.16-21.19.23:310][  0]LogConfig: Setting CVar [[r.Streaming.MaxNumTexturesToStreamPerFrame:0]]
[2020.03.16-21.19.23:310][  0]LogConfig: Setting CVar [[r.Streaming.Boost:1]]
[2020.03.16-21.19.23:310][  0]LogConfig: Setting CVar [[r.MaxAnisotropy:2]]
[2020.03.16-21.19.23:310][  0]LogConfig: Setting CVar [[r.VT.MaxAnisotropy:4]]
[2020.03.16-21.19.23:310][  0]LogConfig: Setting CVar [[r.Streaming.LimitPoolSizeToVRAM:1]]
[2020.03.16-21.19.23:310][  0]LogConfig: Setting CVar [[r.Streaming.PoolSize:600]]
[2020.03.16-21.19.23:310][  0]LogConfig: Setting CVar [[r.Streaming.MaxEffectiveScreenSize:0]]
[2020.03.16-21.19.23:310][  0]LogConfig: Applying CVar settings from Section [EffectsQuality@1] File [D:/Epic Games/mis proyectos/Lolilandia02/Saved/Config/Windows/Scalability.ini]
[2020.03.16-21.19.23:310][  0]LogConfig: Setting CVar [[r.TranslucencyLightingVolumeDim:32]]
[2020.03.16-21.19.23:310][  0]LogConfig: Setting CVar [[r.RefractionQuality:0]]
[2020.03.16-21.19.23:310][  0]LogConfig: Setting CVar [[r.SSR.Quality:0]]
[2020.03.16-21.19.23:310][  0]LogConfig: Setting CVar [[r.SSR.HalfResSceneColor:1]]
[2020.03.16-21.19.23:310][  0]LogConfig: Setting CVar [[r.SceneColorFormat:3]]
[2020.03.16-21.19.23:310][  0]LogConfig: Setting CVar [[r.DetailMode:1]]
[2020.03.16-21.19.23:310][  0]LogConfig: Setting CVar [[r.TranslucencyVolumeBlur:0]]
[2020.03.16-21.19.23:310][  0]LogConfig: Setting CVar [[r.MaterialQualityLevel:2 ; Medium quality]]
[2020.03.16-21.19.23:310][  0]LogConfig: Setting CVar [[r.SSS.Scale:0.75]]
[2020.03.16-21.19.23:310][  0]LogConfig: Setting CVar [[r.SSS.SampleSet:0]]
[2020.03.16-21.19.23:310][  0]LogConfig: Setting CVar [[r.SSS.Quality:0]]
[2020.03.16-21.19.23:310][  0]LogConfig: Setting CVar [[r.SSS.HalfRes:1]]
[2020.03.16-21.19.23:310][  0]LogConfig: Setting CVar [[r.SSGI.Quality:1]]
[2020.03.16-21.19.23:310][  0]LogConfig: Setting CVar [[r.EmitterSpawnRateScale:0.25]]
[2020.03.16-21.19.23:310][  0]LogConfig: Setting CVar [[r.ParticleLightQuality:0]]
[2020.03.16-21.19.23:310][  0]LogConfig: Setting CVar [[r.SkyAtmosphere.AerialPerspectiveLUT.FastApplyOnOpaque:1 ; Always have FastSkyLUT 1 in this case to avoid wrong sky]]
[2020.03.16-21.19.23:310][  0]LogConfig: Setting CVar [[r.SkyAtmosphere.AerialPerspectiveLUT.SampleCountPerSlice:1]]
[2020.03.16-21.19.23:310][  0]LogConfig: Setting CVar [[r.SkyAtmosphere.AerialPerspectiveLUT.DepthResolution:16.0]]
[2020.03.16-21.19.23:310][  0]LogConfig: Setting CVar [[r.SkyAtmosphere.FastSkyLUT:1]]
[2020.03.16-21.19.23:310][  0]LogConfig: Setting CVar [[r.SkyAtmosphere.FastSkyLUT.SampleCountMin:4.0]]
[2020.03.16-21.19.23:310][  0]LogConfig: Setting CVar [[r.SkyAtmosphere.FastSkyLUT.SampleCountMax:32.0]]
[2020.03.16-21.19.23:310][  0]LogConfig: Setting CVar [[r.SkyAtmosphere.SampleCountMin:4.0]]
[2020.03.16-21.19.23:310][  0]LogConfig: Setting CVar [[r.SkyAtmosphere.SampleCountMax:32.0]]
[2020.03.16-21.19.23:310][  0]LogConfig: Setting CVar [[r.SkyAtmosphere.TransmittanceLUT.UseSmallFormat:0]]
[2020.03.16-21.19.23:310][  0]LogConfig: Setting CVar [[r.SkyAtmosphere.TransmittanceLUT.SampleCount:10.0]]
[2020.03.16-21.19.23:310][  0]LogConfig: Setting CVar [[r.SkyAtmosphere.MultiScatteringLUT.SampleCount:15.0]]
[2020.03.16-21.19.23:310][  0]LogConfig: Applying CVar settings from Section [FoliageQuality@1] File [D:/Epic Games/mis proyectos/Lolilandia02/Saved/Config/Windows/Scalability.ini]
[2020.03.16-21.19.23:310][  0]LogConfig: Setting CVar [[foliage.DensityScale:0.4]]
[2020.03.16-21.19.23:310][  0]LogConfig: Setting CVar [[grass.DensityScale:0.4]]
[2020.03.16-21.19.23:310][  0]LogConfig: Applying CVar settings from Section [ShadingQuality@1] File [D:/Epic Games/mis proyectos/Lolilandia02/Saved/Config/Windows/Scalability.ini]
[2020.03.16-21.19.23:310][  0]LogConfig: Setting CVar [[r.HairStrands.SkyLighting.SampleCount:16]]
[2020.03.16-21.19.23:310][  0]LogConfig: Setting CVar [[r.HairStrands.SkyLighting.JitterIntegration:0]]
[2020.03.16-21.19.23:310][  0]LogConfig: Setting CVar [[r.HairStrands.SkyAO.SampleCount:16]]
[2020.03.16-21.19.23:310][  0]LogConfig: Applying CVar settings from Section [Startup] File [../../../Engine/Config/ConsoleVariables.ini]
[2020.03.16-21.19.23:311][  0]LogConfig: Setting CVar [[net.UseAdaptiveNetUpdateFrequency:0]]
[2020.03.16-21.19.23:311][  0]LogConfig: Setting CVar [[p.chaos.AllowCreatePhysxBodies:1]]
[2020.03.16-21.19.23:311][  0]LogConfig: Applying CVar settings from Section [ConsoleVariables] File [D:/Epic Games/mis proyectos/Lolilandia02/Saved/Config/Windows/Engine.ini]
[2020.03.16-21.19.23:311][  0]LogInit: Computer: SKDIY-PREDATOR
[2020.03.16-21.19.23:311][  0]LogInit: User: SKDI
[2020.03.16-21.19.23:311][  0]LogInit: CPU Page size=4096, Cores=6
[2020.03.16-21.19.23:311][  0]LogInit: High frequency timer resolution =10.000000 MHz
[2020.03.16-21.19.23:311][  0]LogMemory: Memory total: Physical=15.8GB (16GB approx)
[2020.03.16-21.19.23:311][  0]LogMemory: Platform Memory Stats for Windows
[2020.03.16-21.19.23:311][  0]LogMemory: Process Physical Memory: 106.50 MB used, 106.50 MB peak
[2020.03.16-21.19.23:311][  0]LogMemory: Process Virtual Memory: 101.66 MB used, 101.66 MB peak
[2020.03.16-21.19.23:311][  0]LogMemory: Physical Memory: 6158.27 MB used,  10068.04 MB free, 16226.30 MB total
[2020.03.16-21.19.23:311][  0]LogMemory: Virtual Memory: 5124.86 MB used,  134212600.00 MB free, 134217728.00 MB total
[2020.03.16-21.19.23:330][  0]LogWindows: WindowsPlatformFeatures enabled
[2020.03.16-21.19.24:051][  0]LogInit: Using OS detected language (es-ES).
[2020.03.16-21.19.24:051][  0]LogInit: Using OS detected locale (es-PE).
[2020.03.16-21.19.24:071][  0]LogTextLocalizationManager: No specific localization for 'es-ES' exists, so the 'es' localization will be used.
[2020.03.16-21.19.24:440][  0]LogInit: Setting process to per monitor DPI aware
[2020.03.16-21.19.24:880][  0]LogSlate: New Slate User Created.  User Index 0, Is Virtual User: 0
[2020.03.16-21.19.24:880][  0]LogSlate: Slate User Registered.  User Index 0, Is Virtual User: 0
[2020.03.16-21.19.25:630][  0]LogHMD: Failed to initialize OpenVR with code 110
[2020.03.16-21.19.25:630][  0]LogD3D11RHI: D3D11 min allowed feature level: 11_0
[2020.03.16-21.19.25:630][  0]LogD3D11RHI: D3D11 max allowed feature level: 11_0
[2020.03.16-21.19.25:630][  0]LogD3D11RHI: D3D11 adapters:
[2020.03.16-21.19.25:700][  0]LogD3D11RHI:    0. 'NVIDIA GeForce GTX 1060' (Feature Level 11_0)
[2020.03.16-21.19.25:701][  0]LogD3D11RHI:       6061/0/8113 MB DedicatedVideo/DedicatedSystem/SharedSystem, Outputs:2, VendorId:0x10de
[2020.03.16-21.19.25:720][  0]LogD3D11RHI:    1. 'Intel(R) UHD Graphics 630' (Feature Level 11_0)
[2020.03.16-21.19.25:720][  0]LogD3D11RHI:       128/0/8113 MB DedicatedVideo/DedicatedSystem/SharedSystem, Outputs:0, VendorId:0x8086
[2020.03.16-21.19.25:727][  0]LogD3D11RHI:    2. 'Microsoft Basic Render Driver' (Feature Level 11_0)
[2020.03.16-21.19.25:727][  0]LogD3D11RHI:       0/0/8113 MB DedicatedVideo/DedicatedSystem/SharedSystem, Outputs:0, VendorId:0x1414
[2020.03.16-21.19.25:727][  0]LogD3D11RHI: Chosen D3D11 Adapter: 0
[2020.03.16-21.19.25:785][  0]LogD3D11RHI: Creating new Direct3DDevice
[2020.03.16-21.19.25:785][  0]LogD3D11RHI:     GPU DeviceId: 0x1c20 (for the marketing name, search the web for "GPU Device Id")
[2020.03.16-21.19.25:785][  0]LogWindows: EnumDisplayDevices:
[2020.03.16-21.19.25:786][  0]LogWindows:    0. 'Intel(R) UHD Graphics 630' (P:1 D:1)
[2020.03.16-21.19.25:786][  0]LogWindows:    1. 'Intel(R) UHD Graphics 630' (P:0 D:0)
[2020.03.16-21.19.25:786][  0]LogWindows:    2. 'Intel(R) UHD Graphics 630' (P:0 D:0)
[2020.03.16-21.19.25:787][  0]LogWindows:    3. 'NVIDIA GeForce GTX 1060' (P:0 D:1)
[2020.03.16-21.19.25:787][  0]LogWindows: DebugString: PrimaryIsNotTheChoosenAdapter PrimaryIsNotTheChoosenAdapter PrimaryIsNotTheChoosenAdapter 
[2020.03.16-21.19.25:787][  0]LogD3D11RHI:     Adapter Name: NVIDIA GeForce GTX 1060
[2020.03.16-21.19.25:787][  0]LogD3D11RHI:   Driver Version: 388.73 (internal:23.21.13.8873, unified:388.73)
[2020.03.16-21.19.25:787][  0]LogD3D11RHI:      Driver Date: 12-18-2017
[2020.03.16-21.19.25:787][  0]LogRHI: Texture pool is 4242 MB (70% of 6061 MB)
[2020.03.16-21.19.25:902][  0]LogD3D11RHI: RHI has support for 64 bit atomics
[2020.03.16-21.19.25:903][  0]LogD3D11RHI: Async texture creation enabled
[2020.03.16-21.19.26:077][  0]LogD3D11RHI: GPU Timing Frequency: 1000.000000 (Debug: 2 1)
[2020.03.16-21.19.26:128][  0]LogD3D11RHI: HDR output is supported on display 1 (NvId: 0x80061083).
[2020.03.16-21.19.27:057][  0]LogTargetPlatformManager: Display: Loaded TargetPlatform 'AllDesktop'
[2020.03.16-21.19.27:148][  0]LogTargetPlatformManager: Display: Loaded TargetPlatform 'Android'
[2020.03.16-21.19.27:148][  0]LogTargetPlatformManager: Display: Loaded TargetPlatform 'Android_ASTC'
[2020.03.16-21.19.27:148][  0]LogTargetPlatformManager: Display: Loaded TargetPlatform 'Android_ATC'
[2020.03.16-21.19.27:148][  0]LogTargetPlatformManager: Display: Loaded TargetPlatform 'Android_DXT'
[2020.03.16-21.19.27:149][  0]LogTargetPlatformManager: Display: Loaded TargetPlatform 'Android_ETC1'
[2020.03.16-21.19.27:149][  0]LogTargetPlatformManager: Display: Loaded TargetPlatform 'Android_ETC1a'
[2020.03.16-21.19.27:149][  0]LogTargetPlatformManager: Display: Loaded TargetPlatform 'Android_ETC2'
[2020.03.16-21.19.27:149][  0]LogTargetPlatformManager: Display: Loaded TargetPlatform 'Android_PVRTC'
[2020.03.16-21.19.27:149][  0]LogTargetPlatformManager: Display: Loaded TargetPlatform 'AndroidClient'
[2020.03.16-21.19.27:149][  0]LogTargetPlatformManager: Display: Loaded TargetPlatform 'Android_ASTCClient'
[2020.03.16-21.19.27:149][  0]LogTargetPlatformManager: Display: Loaded TargetPlatform 'Android_ATCClient'
[2020.03.16-21.19.27:149][  0]LogTargetPlatformManager: Display: Loaded TargetPlatform 'Android_DXTClient'
[2020.03.16-21.19.27:149][  0]LogTargetPlatformManager: Display: Loaded TargetPlatform 'Android_ETC1Client'
[2020.03.16-21.19.27:149][  0]LogTargetPlatformManager: Display: Loaded TargetPlatform 'Android_ETC1aClient'
[2020.03.16-21.19.27:149][  0]LogTargetPlatformManager: Display: Loaded TargetPlatform 'Android_ETC2Client'
[2020.03.16-21.19.27:149][  0]LogTargetPlatformManager: Display: Loaded TargetPlatform 'Android_PVRTCClient'
[2020.03.16-21.19.27:149][  0]LogTargetPlatformManager: Display: Loaded TargetPlatform 'Android_Multi'
[2020.03.16-21.19.27:149][  0]LogTargetPlatformManager: Display: Loaded TargetPlatform 'Android_MultiClient'
[2020.03.16-21.19.27:232][  0]LogTargetPlatformManager: Display: Loaded TargetPlatform 'IOSClient'
[2020.03.16-21.19.27:232][  0]LogTargetPlatformManager: Display: Loaded TargetPlatform 'IOS'
[2020.03.16-21.19.27:254][  0]LogTargetPlatformManager: Display: Loaded TargetPlatform 'LinuxNoEditor'
[2020.03.16-21.19.27:301][  0]LogTargetPlatformManager: Display: Loaded TargetPlatform 'LinuxClient'
[2020.03.16-21.19.27:321][  0]LogTargetPlatformManager: Display: Loaded TargetPlatform 'LinuxServer'
[2020.03.16-21.19.27:331][  0]LogTargetPlatformManager: Display: Loaded TargetPlatform 'LinuxAArch64NoEditor'
[2020.03.16-21.19.27:363][  0]LogTargetPlatformManager: Display: Loaded TargetPlatform 'LinuxAArch64Client'
[2020.03.16-21.19.27:371][  0]LogTargetPlatformManager: Display: Loaded TargetPlatform 'LinuxAArch64Server'
[2020.03.16-21.19.27:407][  0]LogTargetPlatformManager: Display: Loaded TargetPlatform 'Lumin'
[2020.03.16-21.19.27:408][  0]LogTargetPlatformManager: Display: Loaded TargetPlatform 'LuminClient'
[2020.03.16-21.19.27:448][  0]LogTargetPlatformManager: Display: Loaded TargetPlatform 'TVOSClient'
[2020.03.16-21.19.27:448][  0]LogTargetPlatformManager: Display: Loaded TargetPlatform 'TVOS'
[2020.03.16-21.19.27:468][  0]LogTargetPlatformManager: Display: Loaded TargetPlatform 'WindowsNoEditor'
[2020.03.16-21.19.27:487][  0]LogTargetPlatformManager: Display: Loaded TargetPlatform 'Windows'
[2020.03.16-21.19.27:548][  0]LogTargetPlatformManager: Display: Loaded TargetPlatform 'WindowsClient'
[2020.03.16-21.19.27:557][  0]LogTargetPlatformManager: Display: Loaded TargetPlatform 'WindowsServer'
[2020.03.16-21.19.27:557][  0]LogTargetPlatformManager: Display: Building Assets For Windows
[2020.03.16-21.19.27:667][  0]LogAudioDebug: Display: Lib vorbis DLL was dynamically loaded.
[2020.03.16-21.19.28:242][  0]LogShaderCompilers: Guid format shader working directory is 7 characters bigger than the processId version (../../../../mis proyectos/Lolilandia02/Intermediate/Shaders/WorkingDirectory/7412/).
[2020.03.16-21.19.28:242][  0]LogShaderCompilers: Cleaned the shader compiler working directory 'C:/Users/SKDI/AppData/Local/Temp/UnrealShaderWorkingDir/E56A8F524285A44BD0A2F5831E6B358C/'.
[2020.03.16-21.19.28:254][  0]LogXGEController: Cannot use XGE Controller as Incredibuild is not installed on this machine.
[2020.03.16-21.19.28:254][  0]LogShaderCompilers: Cannot use XGE Shader Compiler as Incredibuild is not installed on this machine.
[2020.03.16-21.19.28:254][  0]LogShaderCompilers: Display: Using Local Shader Compiler.
[2020.03.16-21.19.29:699][  0]LogDerivedDataCache: Display: Max Cache Size: 512 MB
[2020.03.16-21.19.29:938][  0]LogDerivedDataCache: Loaded boot cache 0.23s 78MB C:/Users/SKDI/AppData/Local/UnrealEngine/4.24/DerivedDataCache/Boot.ddc.
[2020.03.16-21.19.29:938][  0]LogDerivedDataCache: Display: Loaded Boot cache: C:/Users/SKDI/AppData/Local/UnrealEngine/4.24/DerivedDataCache/Boot.ddc
[2020.03.16-21.19.29:939][  0]LogDerivedDataCache: FDerivedDataBackendGraph:  Pak pak cache file ../../../../mis proyectos/Lolilandia02/DerivedDataCache/DDC.ddp not found, will not use a pak cache.
[2020.03.16-21.19.29:939][  0]LogDerivedDataCache: Unable to find inner node Pak for hierarchical cache Hierarchy.
[2020.03.16-21.19.29:939][  0]LogDerivedDataCache: FDerivedDataBackendGraph:  CompressedPak pak cache file ../../../../mis proyectos/Lolilandia02/DerivedDataCache/Compressed.ddp not found, will not use a pak cache.
[2020.03.16-21.19.29:939][  0]LogDerivedDataCache: Unable to find inner node CompressedPak for hierarchical cache Hierarchy.
[2020.03.16-21.19.30:013][  0]LogDerivedDataCache: Display: Pak cache opened for reading ../../../Engine/DerivedDataCache/Compressed.ddp.
[2020.03.16-21.19.30:013][  0]LogDerivedDataCache: FDerivedDataBackendGraph:  EnterprisePak pak cache file ../../../Enterprise/DerivedDataCache/Compressed.ddp not found, will not use a pak cache.
[2020.03.16-21.19.30:013][  0]LogDerivedDataCache: Unable to find inner node EnterprisePak for hierarchical cache Hierarchy.
[2020.03.16-21.19.30:017][  0]LogDerivedDataCache: Using Local data cache path C:/Users/SKDI/AppData/Local/UnrealEngine/Common/DerivedDataCache: Writable
[2020.03.16-21.19.30:017][  0]LogDerivedDataCache: Shared data cache path not found in *engine.ini, will not use an Shared cache.
[2020.03.16-21.19.30:017][  0]LogDerivedDataCache: Unable to find inner node Shared for hierarchical cache Hierarchy.
[2020.03.16-21.19.30:051][  0]LogMaterial: Verifying Global Shaders for PCD3D_SM5
[2020.03.16-21.19.30:128][  0]LogSlate: Using FreeType 2.10.0
[2020.03.16-21.19.30:175][  0]LogSlate: SlateFontServices - WITH_FREETYPE: 1, WITH_HARFBUZZ: 1
[2020.03.16-21.19.30:923][  0]LogAssetRegistry: FAssetRegistry took 0.0038 seconds to start up
[2020.03.16-21.19.34:841][  0]LogInit: Selected Device Profile: [Windows]
[2020.03.16-21.19.36:396][  0]LogMeshReduction: Using QuadricMeshReduction for automatic static mesh reduction
[2020.03.16-21.19.36:396][  0]LogMeshReduction: Using SimplygonMeshReduction for automatic skeletal mesh reduction
[2020.03.16-21.19.36:397][  0]LogMeshReduction: Using ProxyLODMeshReduction for automatic mesh merging
[2020.03.16-21.19.36:397][  0]LogMeshReduction: No distributed automatic mesh merging module available
[2020.03.16-21.19.36:408][  0]LogMeshMerging: No distributed automatic mesh merging module available
[2020.03.16-21.19.36:581][  0]LogNetVersion: Lolilandia02 1.0.0, NetCL: 10570792, EngineNetVer: 13, GameNetVer: 0 (Checksum: 3460009224)
[2020.03.16-21.19.43:709][  0]LogPackageLocalizationCache: Processed 10 localized package path(s) for 1 prioritized culture(s) in 0.060147 seconds
[2020.03.16-21.19.43:727][  0]LogUObjectArray: 46750 objects as part of root set at end of initial load.
[2020.03.16-21.19.43:727][  0]LogUObjectAllocator: 8137160 out of 0 bytes used by permanent object pool.
[2020.03.16-21.19.43:727][  0]LogUObjectArray: CloseDisregardForGC: 0/0 objects in disregard for GC pool
[2020.03.16-21.19.47:442][  0]LogTcpMessaging: Initializing TcpMessaging bridge
[2020.03.16-21.19.47:473][  0]LogUdpMessaging: Initializing bridge on interface 0.0.0.0:0 to multicast group 230.0.0.1:6666.
[2020.03.16-21.19.48:085][  0]SourceControl: El control de código fuente está desactivado
[2020.03.16-21.19.48:085][  0]SourceControl: El control de código fuente está desactivado
[2020.03.16-21.19.48:134][  0]SourceControl: El control de código fuente está desactivado
[2020.03.16-21.19.48:151][  0]SourceControl: El control de código fuente está desactivado
[2020.03.16-21.19.48:177][  0]SourceControl: El control de código fuente está desactivado
[2020.03.16-21.19.48:280][  0]LogVSAccessor: Display: Unable to create Visual Studio setup instance: 80040154
[2020.03.16-21.19.48:282][  0]LogVSAccessor: Display: Unable to create Visual Studio setup instance: 80040154
[2020.03.16-21.19.49:330][  0]LogAndroidPermission: UAndroidPermissionCallbackProxy::GetInstance
[2020.03.16-21.19.49:452][  0]LogAudioCaptureCore: Display: No Audio Capture implementations found. Audio input will be silent.
[2020.03.16-21.19.49:452][  0]LogAudioCaptureCore: Display: No Audio Capture implementations found. Audio input will be silent.
[2020.03.16-21.19.49:929][  0]LogOcInput: OculusInput pre-init called
[2020.03.16-21.19.49:976][  0]LogWindows: Failed to load 'OVRPlugin.dll' (GetLastError=126)
[2020.03.16-21.19.49:977][  0]LogWindows: File 'OVRPlugin.dll' does not exist
[2020.03.16-21.19.50:964][  0]LogEngine: Initializing Engine...
[2020.03.16-21.19.51:005][  0]LogHMD: Failed to initialize OpenVR with code 110
[2020.03.16-21.19.51:007][  0]LogStats: UGameplayTagsManager::InitializeManager -  0.001 s
[2020.03.16-21.19.51:803][  0]LogInit: Initializing FReadOnlyCVARCache
[2020.03.16-21.19.51:918][  0]LogAIModule: Creating AISystem for world Untitled
[2020.03.16-21.19.51:996][  0]LogAudioMixer: Display: Audio Mixer Platform Settings:
[2020.03.16-21.19.51:997][  0]LogAudioMixer: Display: 	Sample Rate:						  48000
[2020.03.16-21.19.51:997][  0]LogAudioMixer: Display: 	Callback Buffer Frame Size Requested: 1024
[2020.03.16-21.19.51:997][  0]LogAudioMixer: Display: 	Callback Buffer Frame Size To Use:	  1024
[2020.03.16-21.19.51:997][  0]LogAudioMixer: Display: 	Number of buffers to queue:			  2
[2020.03.16-21.19.51:997][  0]LogAudioMixer: Display: 	Max Channels (voices):				  32
[2020.03.16-21.19.51:997][  0]LogAudioMixer: Display: 	Number of Async Source Workers:		  0
[2020.03.16-21.19.51:997][  0]LogAudio: Display: AudioDevice MaxSources: 32
[2020.03.16-21.19.51:997][  0]LogAudio: Display: Using built-in audio occlusion.
[2020.03.16-21.19.51:997][  0]LogAudioMixer: Display: Initializing audio mixer.
[2020.03.16-21.19.52:146][  0]LogAudioMixer: Display: Audio Device Output Speaker Info:
[2020.03.16-21.19.52:146][  0]LogAudioMixer: Display: Name: SAMSUNG (2- NVIDIA High Definition Audio)
[2020.03.16-21.19.52:146][  0]LogAudioMixer: Display: Is Default: Yes
[2020.03.16-21.19.52:146][  0]LogAudioMixer: Display: Sample Rate: 48000
[2020.03.16-21.19.52:146][  0]LogAudioMixer: Display: Channel Count Used: 2
[2020.03.16-21.19.52:146][  0]LogAudioMixer: Display: Device Channel Count: 2
[2020.03.16-21.19.52:146][  0]LogAudioMixer: Display: Channel Order:
[2020.03.16-21.19.52:146][  0]LogAudioMixer: Display: 0: FrontLeft
[2020.03.16-21.19.52:146][  0]LogAudioMixer: Display: 1: FrontRight
[2020.03.16-21.19.52:184][  0]LogAudioMixer: Display: Using Audio Device SAMSUNG (2- NVIDIA High Definition Audio)
[2020.03.16-21.19.52:195][  0]LogInit: FAudioDevice initialized.
[2020.03.16-21.19.52:195][  0]LogNetVersion: Set ProjectVersion to 1.0.0.0. Version Checksum will be recalculated on next use.
[2020.03.16-21.19.52:305][  0]LogDerivedDataCache: Saved boot cache 0.11s 78MB C:/Users/SKDI/AppData/Local/UnrealEngine/4.24/DerivedDataCache/Boot.ddc.
[2020.03.16-21.19.52:305][  0]LogInit: Texture streaming: Enabled
[2020.03.16-21.19.52:440][  0]LogEngineSessionManager: EngineSessionManager initialized
[2020.03.16-21.19.52:441][  0]LogEngineSessionManager: EngineSessionManager sent abnormal shutdown report. Type=AbnormalShutdown, SessionId={77AC4397-4773-2390-D830-B08CB831FE88}
[2020.03.16-21.19.52:441][  0]LogEditorSessionSummary: Verbose: Initializing EditorSessionSummaryWriter for editor session tracking
[2020.03.16-21.19.52:463][  0]LogEditorSessionSummary: EditorSessionSummaryWriter initialized
[2020.03.16-21.19.52:717][  0]LogInit: Transaction tracking system initialized
[2020.03.16-21.19.53:206][  0]BlueprintLog: New page: Cargar el editor
[2020.03.16-21.19.54:061][  0]LocalizationService: Localization service is disabled
[2020.03.16-21.19.55:215][  0]LogVSAccessor: Display: Unable to create Visual Studio setup instance: 80040154
[2020.03.16-21.19.55:217][  0]LogVSAccessor: Display: Unable to create Visual Studio setup instance: 80040154
[2020.03.16-21.19.56:318][  0]LogFileCache: Scanning file cache for directory 'D:/Epic Games/mis proyectos/Lolilandia02/Content/' took 0.02s
[2020.03.16-21.19.56:318][  0]LogCook: Display: Max memory allowance for cook 16384mb min free memory 0mb
[2020.03.16-21.19.56:353][  0]LogCook: Display: Mobile HDR setting 1
[2020.03.16-21.19.59:708][  0]SourceControl: El control de código fuente está desactivado
[2020.03.16-21.19.59:715][  0]Cmd: MAP LOAD FILE="../../../../mis proyectos/Lolilandia02/Content/ThirdPersonBP/Maps/ThirdPersonExampleMap.umap" TEMPLATE=0 SHOWPROGRESS=1 FEATURELEVEL=3
[2020.03.16-21.19.59:716][  0]LightingResults: New page: Diseñar la iluminación
[2020.03.16-21.19.59:765][  0]LogWorld: UWorld::CleanupWorld for Untitled, bSessionEnded=true, bCleanupResources=true
[2020.03.16-21.19.59:778][  0]LogSlate: InvalidateAllWidgets triggered.  All widgets were invalidated
[2020.03.16-21.19.59:780][  0]MapCheck: New page: Revisión del mapa
[2020.03.16-21.19.59:780][  0]LightingResults: New page: Diseñar la iluminación
[2020.03.16-21.19.59:905][  0]LogUObjectHash: Compacting FUObjectHashTables data took   2.18ms
[2020.03.16-21.20.05:629][  0]LogAIModule: Creating AISystem for world ThirdPersonExampleMap
[2020.03.16-21.20.06:392][  0]LogEditorServer: Finished looking for orphan Actors (0.000 secs)
[2020.03.16-21.20.06:521][  0]LogUObjectHash: Compacting FUObjectHashTables data took   2.63ms
[2020.03.16-21.20.06:522][  0]Cmd: MAP CHECKDEP NOCLEARLOG
[2020.03.16-21.20.06:522][  0]MapCheck: Map check complete: 0 Error(s), 0 Warning(s), took 0.128ms to complete.
[2020.03.16-21.20.06:522][  0]LogFileHelpers: Loading map 'ThirdPersonExampleMap' took 6.808
[2020.03.16-21.20.07:499][  0]LogSlate: Updating window title bar state: overlay mode, drag disabled, window buttons hidden, title bar hidden
[2020.03.16-21.20.07:506][  0]LogSlate: Updating window title bar state: overlay mode, drag disabled, window buttons hidden, title bar hidden
[2020.03.16-21.20.07:519][  0]LogSlate: Updating window title bar state: overlay mode, drag disabled, window buttons hidden, title bar hidden
[2020.03.16-21.20.07:530][  0]LogSlate: Updating window title bar state: overlay mode, drag disabled, window buttons hidden, title bar hidden
[2020.03.16-21.20.07:555][  0]LogCollectionManager: Loaded 0 collections in 0.001700 seconds
[2020.03.16-21.20.07:657][  0]LogFileCache: Scanning file cache for directory 'D:/Epic Games/mis proyectos/Lolilandia02/Saved/Collections/' took 0.00s
[2020.03.16-21.20.07:657][  0]LogFileCache: Scanning file cache for directory 'D:/Epic Games/mis proyectos/Lolilandia02/Content/Developers/SKDI/Collections/' took 0.00s
[2020.03.16-21.20.07:657][  0]LogFileCache: Scanning file cache for directory 'D:/Epic Games/mis proyectos/Lolilandia02/Content/Collections/' took 0.00s
[2020.03.16-21.20.07:657][  0]LogContentBrowser: Native class hierarchy populated in 0.0085 seconds. Added 3015 classes and 717 folders.
[2020.03.16-21.20.07:775][  0]LogContentBrowser: Native class hierarchy updated for 'WidgetCarousel' in 0.0004 seconds. Added 0 classes and 0 folders.
[2020.03.16-21.20.08:741][  0]LogContentBrowser: Native class hierarchy updated for 'AddContentDialog' in 0.0003 seconds. Added 0 classes and 0 folders.
[2020.03.16-21.20.08:789][  0]LogContentBrowser: Native class hierarchy updated for 'SceneOutliner' in 0.0004 seconds. Added 2 classes and 3 folders.
[2020.03.16-21.20.09:118][  0]LogSlate: Took 0.033427 seconds to synchronously load lazily loaded font '../../../Engine/Content/Slate/Fonts/Roboto-Regular.ttf' (155K)
[2020.03.16-21.20.09:124][  0]LogSlate: Took 0.001506 seconds to synchronously load lazily loaded font '../../../Engine/Content/Slate/Fonts/Roboto-Bold.ttf' (160K)
[2020.03.16-21.20.09:141][  0]LogSlate: Took 0.015311 seconds to synchronously load lazily loaded font '../../../Engine/Content/Editor/Slate/Fonts/FontAwesome.ttf' (139K)
[2020.03.16-21.20.09:407][  0]LogRenderer: Reallocating scene render targets to support 1240x404 Format 9 NumSamples 1 (Frame:1).
[2020.03.16-21.20.09:894][  0]LogContentBrowser: Native class hierarchy updated for 'HierarchicalLODOutliner' in 0.0003 seconds. Added 0 classes and 0 folders.
[2020.03.16-21.20.09:894][  0]LogLoad: (Engine Initialization) Total time: 64.56 seconds
[2020.03.16-21.20.09:894][  0]LogLoad: (Engine Initialization) Total Blueprint compile time: 0.00 seconds
[2020.03.16-21.20.10:409][  0]LogContentStreaming: Texture pool size now 600 MB
[2020.03.16-21.20.10:464][  0]LogSlate: Took 0.025616 seconds to synchronously load lazily loaded font '../../../Engine/Content/Slate/Fonts/Roboto-Light.ttf' (167K)
[2020.03.16-21.20.11:136][  8]LogSlate: Took 0.000295 seconds to synchronously load lazily loaded font '../../../Engine/Content/Slate/Fonts/Roboto-Light.ttf' (167K)
[2020.03.16-21.20.12:494][ 23]LogAssetRegistry: Asset discovery search completed in 41.5733 seconds
[2020.03.16-21.20.12:499][ 23]LogCollectionManager: Fixed up redirectors for 0 collections in 0.000012 seconds (updated 0 objects)
[2020.03.16-21.22.42:421][416]MapCheck: New page: Revisión del mapa
[2020.03.16-21.22.42:445][416]Cmd: MAP REBUILD ALLVISIBLE
[2020.03.16-21.22.42:445][416]LogEditorServer: Rebuildmap Clear paths rebuilt
[2020.03.16-21.22.42:455][416]LogWorld: UWorld::CleanupWorld for ThirdPersonExampleMap, bSessionEnded=true, bCleanupResources=false
[2020.03.16-21.22.42:606][416]LogUObjectHash: Compacting FUObjectHashTables data took   1.72ms
[2020.03.16-21.22.42:624][416]LogMaterial: Display: Missing cached shader map for material DebugViewMode MaterialTexCoordScale, compiling. 
[2020.03.16-21.22.42:639][416]LogShaderCompilers: Display: Worker (1/9): shaders left to compile 2
[2020.03.16-21.22.42:640][416]LogShaderCompilers: Display: Worker (2/9): shaders left to compile 1
[2020.03.16-21.22.42:640][416]LogMaterial: Display: Missing cached shader map for material DebugViewMode MaterialTexCoordScale, compiling. 
[2020.03.16-21.22.42:652][416]LogMaterial: Display: Missing cached shader map for material DebugViewMode MaterialTexCoordScale, compiling. 
[2020.03.16-21.22.42:666][416]LogMaterial: Display: Missing cached shader map for material DebugViewMode MaterialTexCoordScale, compiling. 
[2020.03.16-21.22.42:679][416]LogMaterial: Display: Missing cached shader map for material DebugViewMode MaterialTexCoordScale, compiling. 
[2020.03.16-21.22.42:693][416]LogMaterial: Display: Missing cached shader map for material DebugViewMode MaterialTexCoordScale, compiling. 
[2020.03.16-21.22.42:707][416]LogMaterial: Display: Missing cached shader map for material DebugViewMode MaterialTexCoordScale, compiling. 
[2020.03.16-21.22.42:732][416]LogShaderCompilers: Display: Worker (3/9): shaders left to compile 12
[2020.03.16-21.22.42:732][416]LogShaderCompilers: Display: Worker (4/9): shaders left to compile 11
[2020.03.16-21.22.42:732][416]LogShaderCompilers: Display: Worker (5/9): shaders left to compile 10
[2020.03.16-21.22.42:732][416]LogShaderCompilers: Display: Worker (6/9): shaders left to compile 9
[2020.03.16-21.22.42:732][416]LogShaderCompilers: Display: Worker (7/9): shaders left to compile 8
[2020.03.16-21.22.42:732][416]LogShaderCompilers: Display: Worker (8/9): shaders left to compile 7
[2020.03.16-21.22.42:732][416]LogMaterial: Display: Missing cached shader map for material DebugViewMode MaterialTexCoordScale, compiling. Is special engine material.
[2020.03.16-21.22.42:794][416]LogMaterial: Display: Missing cached shader map for material DebugViewMode MaterialTexCoordScale, compiling. 
[2020.03.16-21.22.42:870][416]LogMaterial: Display: Missing cached shader map for material DebugViewMode MaterialTexCoordScale, compiling. 
[2020.03.16-21.22.42:915][416]LogMaterial: Display: Missing cached shader map for material DebugViewMode MaterialTexCoordScale, compiling. 
[2020.03.16-21.22.42:941][416]LogMaterial: Display: Missing cached shader map for material DebugViewMode MaterialTexCoordScale, compiling. 
[2020.03.16-21.22.42:968][416]LogMaterial: Display: Missing cached shader map for material DebugViewMode MaterialTexCoordScale, compiling. 
[2020.03.16-21.22.42:995][416]LogMaterial: Display: Missing cached shader map for material DebugViewMode MaterialTexCoordScale, compiling. 
[2020.03.16-21.22.43:024][416]LogMaterial: Display: Missing cached shader map for material DebugViewMode MaterialTexCoordScale, compiling. 
[2020.03.16-21.22.43:050][416]LogMaterial: Display: Missing cached shader map for material DebugViewMode MaterialTexCoordScale, compiling. 
[2020.03.16-21.22.43:078][416]LogMaterial: Display: Missing cached shader map for material DebugViewMode MaterialTexCoordScale, compiling. 
[2020.03.16-21.22.43:101][416]LogMaterial: Display: Missing cached shader map for material DebugViewMode MaterialTexCoordScale, compiling. 
[2020.03.16-21.22.43:122][416]LogMaterial: Display: Missing cached shader map for material DebugViewMode MaterialTexCoordScale, compiling. 
[2020.03.16-21.22.43:146][416]LogMaterial: Display: Missing cached shader map for material DebugViewMode MaterialTexCoordScale, compiling. 
[2020.03.16-21.22.43:173][416]LogShaderCompilers: Display: Worker (3/9): shaders left to compile 66
[2020.03.16-21.22.43:173][416]LogShaderCompilers: Display: Worker (2/9): shaders left to compile 67
[2020.03.16-21.22.43:173][416]LogMaterial: Display: Missing cached shader map for material DebugViewMode MaterialTexCoordScale, compiling. 
[2020.03.16-21.22.43:202][416]LogMaterial: Display: Missing cached shader map for material DebugViewMode MaterialTexCoordScale, compiling. 
[2020.03.16-21.22.43:230][416]LogShaderCompilers: Display: Worker (4/9): shaders left to compile 70
[2020.03.16-21.22.43:230][416]LogMaterial: Display: Missing cached shader map for material DebugViewMode MaterialTexCoordScale, compiling. 
[2020.03.16-21.22.43:258][416]LogMaterial: Display: Missing cached shader map for material DebugViewMode MaterialTexCoordScale, compiling. 
[2020.03.16-21.22.43:289][416]LogShaderCompilers: Display: Worker (1/9): shaders left to compile 71
[2020.03.16-21.22.43:289][416]LogMaterial: Display: Missing cached shader map for material DebugViewMode MaterialTexCoordScale, compiling. 
[2020.03.16-21.22.43:319][416]LogShaderCompilers: Display: Worker (7/9): shaders left to compile 74
[2020.03.16-21.22.43:319][416]LogMaterial: Display: Missing cached shader map for material DebugViewMode MaterialTexCoordScale, compiling. 
[2020.03.16-21.22.46:783][416]LogShaderCompilers: Display: Worker (6/9): shaders left to compile 73
[2020.03.16-21.22.46:783][416]LogShaderCompilers: Display: Worker (5/9): shaders left to compile 72
[2020.03.16-21.22.46:783][416]LogShaderCompilers: Display: Worker (8/9): shaders left to compile 73
[2020.03.16-21.22.46:783][416]LogShaderCompilers: Display: Worker (8/9): shaders left to compile 72
[2020.03.16-21.22.46:783][416]LogShaderCompilers: Display: Worker (3/9): shaders left to compile 71
[2020.03.16-21.22.46:783][416]LogShaderCompilers: Display: Worker (2/9): shaders left to compile 70
[2020.03.16-21.22.46:783][416]LogShaderCompilers: Display: Worker (4/9): shaders left to compile 69
[2020.03.16-21.22.46:783][416]LogShaderCompilers: Display: Worker (6/9): shaders left to compile 68
[2020.03.16-21.22.46:783][416]LogShaderCompilers: Display: Worker (1/9): shaders left to compile 67
[2020.03.16-21.22.46:783][416]LogShaderCompilers: Display: Worker (5/9): shaders left to compile 66
[2020.03.16-21.22.46:783][416]LogShaderCompilers: Display: Worker (3/9): shaders left to compile 65
[2020.03.16-21.22.46:783][416]LogShaderCompilers: Display: Worker (8/9): shaders left to compile 64
[2020.03.16-21.22.46:783][416]LogShaderCompilers: Display: Worker (1/9): shaders left to compile 63
[2020.03.16-21.22.46:783][416]LogShaderCompilers: Display: Worker (2/9): shaders left to compile 62
[2020.03.16-21.22.46:783][416]LogShaderCompilers: Display: Worker (4/9): shaders left to compile 61
[2020.03.16-21.22.46:783][416]LogShaderCompilers: Display: Worker (6/9): shaders left to compile 60
[2020.03.16-21.22.46:783][416]LogShaderCompilers: Display: Worker (5/9): shaders left to compile 59
[2020.03.16-21.22.46:783][416]LogShaderCompilers: Display: Worker (3/9): shaders left to compile 58
[2020.03.16-21.22.46:783][416]LogShaderCompilers: Display: Worker (7/9): shaders left to compile 57
[2020.03.16-21.22.46:783][416]LogShaderCompilers: Display: Worker (1/9): shaders left to compile 56
[2020.03.16-21.22.46:783][416]LogShaderCompilers: Display: Worker (4/9): shaders left to compile 55
[2020.03.16-21.22.46:783][416]LogShaderCompilers: Display: Worker (8/9): shaders left to compile 54
[2020.03.16-21.22.46:783][416]LogShaderCompilers: Display: Worker (2/9): shaders left to compile 53
[2020.03.16-21.22.46:783][416]LogShaderCompilers: Display: Worker (6/9): shaders left to compile 52
[2020.03.16-21.22.46:783][416]LogShaderCompilers: Display: Worker (3/9): shaders left to compile 51
[2020.03.16-21.22.46:783][416]LogShaderCompilers: Display: Worker (5/9): shaders left to compile 50
[2020.03.16-21.22.46:783][416]LogShaderCompilers: Display: Worker (4/9): shaders left to compile 49
[2020.03.16-21.22.46:783][416]LogShaderCompilers: Display: Worker (7/9): shaders left to compile 48
[2020.03.16-21.22.46:783][416]LogShaderCompilers: Display: Worker (2/9): shaders left to compile 47
[2020.03.16-21.22.46:783][416]LogShaderCompilers: Display: Worker (1/9): shaders left to compile 46
[2020.03.16-21.22.46:783][416]LogShaderCompilers: Display: Worker (8/9): shaders left to compile 45
[2020.03.16-21.22.46:783][416]LogShaderCompilers: Display: Worker (3/9): shaders left to compile 44
[2020.03.16-21.22.46:783][416]LogShaderCompilers: Display: Worker (6/9): shaders left to compile 43
[2020.03.16-21.22.46:783][416]LogShaderCompilers: Display: Worker (4/9): shaders left to compile 42
[2020.03.16-21.22.46:783][416]LogShaderCompilers: Display: Worker (2/9): shaders left to compile 41
[2020.03.16-21.22.46:783][416]LogShaderCompilers: Display: Worker (5/9): shaders left to compile 40
[2020.03.16-21.22.46:783][416]LogShaderCompilers: Display: Worker (8/9): shaders left to compile 39
[2020.03.16-21.22.46:783][416]LogShaderCompilers: Display: Worker (7/9): shaders left to compile 38
[2020.03.16-21.22.46:783][416]LogShaderCompilers: Display: Worker (1/9): shaders left to compile 37
[2020.03.16-21.22.46:783][416]LogShaderCompilers: Display: Worker (6/9): shaders left to compile 36
[2020.03.16-21.22.46:783][416]LogShaderCompilers: Display: Worker (3/9): shaders left to compile 35
[2020.03.16-21.22.46:784][416]LogShaderCompilers: Display: Worker (2/9): shaders left to compile 34
[2020.03.16-21.22.46:784][416]LogShaderCompilers: Display: Worker (4/9): shaders left to compile 33
[2020.03.16-21.22.46:784][416]LogShaderCompilers: Display: Worker (5/9): shaders left to compile 32
[2020.03.16-21.22.46:784][416]LogShaderCompilers: Display: Worker (8/9): shaders left to compile 31
[2020.03.16-21.22.46:784][416]LogShaderCompilers: Display: Worker (7/9): shaders left to compile 30
[2020.03.16-21.22.46:784][416]LogShaderCompilers: Display: Worker (1/9): shaders left to compile 29
[2020.03.16-21.22.46:784][416]LogShaderCompilers: Display: Worker (3/9): shaders left to compile 28
[2020.03.16-21.22.46:784][416]LogShaderCompilers: Display: Worker (2/9): shaders left to compile 27
[2020.03.16-21.22.46:784][416]LogShaderCompilers: Display: Worker (5/9): shaders left to compile 26
[2020.03.16-21.22.46:784][416]LogShaderCompilers: Display: Worker (4/9): shaders left to compile 25
[2020.03.16-21.22.46:784][416]LogShaderCompilers: Display: Worker (8/9): shaders left to compile 24
[2020.03.16-21.22.46:784][416]LogShaderCompilers: Display: Worker (7/9): shaders left to compile 23
[2020.03.16-21.22.46:784][416]LogShaderCompilers: Display: Worker (1/9): shaders left to compile 22
[2020.03.16-21.22.46:784][416]LogShaderCompilers: Display: Worker (3/9): shaders left to compile 21
[2020.03.16-21.22.46:784][416]LogShaderCompilers: Display: Worker (2/9): shaders left to compile 20
[2020.03.16-21.22.46:784][416]LogShaderCompilers: Display: Worker (5/9): shaders left to compile 19
[2020.03.16-21.22.46:784][416]LogShaderCompilers: Display: Worker (1/9): shaders left to compile 18
[2020.03.16-21.22.46:784][416]LogShaderCompilers: Display: Worker (8/9): shaders left to compile 17
[2020.03.16-21.22.46:784][416]LogShaderCompilers: Display: Worker (6/9): shaders left to compile 16
[2020.03.16-21.22.46:784][416]LogShaderCompilers: Display: Worker (4/9): shaders left to compile 15
[2020.03.16-21.22.46:784][416]LogShaderCompilers: Display: Worker (3/9): shaders left to compile 14
[2020.03.16-21.22.46:784][416]LogShaderCompilers: Display: Worker (7/9): shaders left to compile 13
[2020.03.16-21.22.46:784][416]LogShaderCompilers: Display: Worker (2/9): shaders left to compile 12
[2020.03.16-21.22.46:784][416]LogShaderCompilers: Display: Worker (5/9): shaders left to compile 11
[2020.03.16-21.22.46:784][416]LogShaderCompilers: Display: Worker (1/9): shaders left to compile 10
[2020.03.16-21.22.46:784][416]LogShaderCompilers: Display: Worker (8/9): shaders left to compile 9
[2020.03.16-21.22.46:784][416]LogShaderCompilers: Display: Worker (4/9): shaders left to compile 8
[2020.03.16-21.22.46:784][416]LogShaderCompilers: Display: Worker (6/9): shaders left to compile 7
[2020.03.16-21.22.46:784][416]LogShaderCompilers: Display: Worker (3/9): shaders left to compile 6
[2020.03.16-21.22.46:784][416]LogShaderCompilers: Display: Worker (7/9): shaders left to compile 5
[2020.03.16-21.22.46:784][416]LogShaderCompilers: Display: Worker (2/9): shaders left to compile 4
[2020.03.16-21.22.46:784][416]LogShaderCompilers: Display: Worker (5/9): shaders left to compile 3
[2020.03.16-21.22.46:784][416]LogShaderCompilers: Display: Worker (1/9): shaders left to compile 2
[2020.03.16-21.22.46:784][416]LogShaderCompilers: Display: Worker (8/9): shaders left to compile 1
[2020.03.16-21.22.46:784][416]TextureStreamingBuild: Display: Compiling optional shaders took 4.169 seconds.
[2020.03.16-21.22.46:784][416]LogLevel: Display: Export Material TexCoord Scales took 0.000 seconds.
[2020.03.16-21.22.46:789][416]TextureStreamingBuild: Display: Build Texture Streaming took 0.005 seconds.
[2020.03.16-21.22.46:817][416]LogUObjectHash: Compacting FUObjectHashTables data took   0.57ms
[2020.03.16-21.22.46:850][416]LightingResults: New page: Diseño de la iluminación - 16 mar. 2020 11:22:46
[2020.03.16-21.22.46:853][416]LightingResults: Warning: InstancedFoliageActor_0 Instanced meshes don't yet support unique static lighting for each LOD. Lighting on LOD 1+ may be incorrect unless lightmap UVs are the same for all LODs.
[2020.03.16-21.22.46:853][416]LightingResults: Warning: InstancedFoliageActor_0 Instanced meshes don't yet support unique static lighting for each LOD. Lighting on LOD 1+ may be incorrect unless lightmap UVs are the same for all LODs.
[2020.03.16-21.22.46:853][416]LightingResults: Warning: InstancedFoliageActor_0 Instanced meshes don't yet support unique static lighting for each LOD. Lighting on LOD 1+ may be incorrect unless lightmap UVs are the same for all LODs.
[2020.03.16-21.22.46:853][416]LightingResults: Warning: InstancedFoliageActor_0 Instanced meshes don't yet support unique static lighting for each LOD. Lighting on LOD 1+ may be incorrect unless lightmap UVs are the same for all LODs.
[2020.03.16-21.22.46:853][416]LightingResults: Warning: InstancedFoliageActor_0 Instanced meshes don't yet support unique static lighting for each LOD. Lighting on LOD 1+ may be incorrect unless lightmap UVs are the same for all LODs.
[2020.03.16-21.22.46:853][416]LightingResults: Warning: InstancedFoliageActor_0 Instanced meshes don't yet support unique static lighting for each LOD. Lighting on LOD 1+ may be incorrect unless lightmap UVs are the same for all LODs.
[2020.03.16-21.22.46:853][416]LightingResults: Warning: InstancedFoliageActor_0 Instanced meshes don't yet support unique static lighting for each LOD. Lighting on LOD 1+ may be incorrect unless lightmap UVs are the same for all LODs.
[2020.03.16-21.22.46:853][416]LightingResults: Warning: InstancedFoliageActor_0 Instanced meshes don't yet support unique static lighting for each LOD. Lighting on LOD 1+ may be incorrect unless lightmap UVs are the same for all LODs.
[2020.03.16-21.22.46:853][416]LightingResults: Warning: InstancedFoliageActor_0 Instanced meshes don't yet support unique static lighting for each LOD. Lighting on LOD 1+ may be incorrect unless lightmap UVs are the same for all LODs.
[2020.03.16-21.22.46:853][416]LightingResults: Warning: InstancedFoliageActor_0 Instanced meshes don't yet support unique static lighting for each LOD. Lighting on LOD 1+ may be incorrect unless lightmap UVs are the same for all LODs.
[2020.03.16-21.22.46:854][416]LightingResults: Warning: InstancedFoliageActor_0 Instanced meshes don't yet support unique static lighting for each LOD. Lighting on LOD 1+ may be incorrect unless lightmap UVs are the same for all LODs.
[2020.03.16-21.22.46:854][416]LightingResults: Warning: InstancedFoliageActor_0 Instanced meshes don't yet support unique static lighting for each LOD. Lighting on LOD 1+ may be incorrect unless lightmap UVs are the same for all LODs.
[2020.03.16-21.22.46:854][416]LightingResults: Warning: InstancedFoliageActor_0 Instanced meshes don't yet support unique static lighting for each LOD. Lighting on LOD 1+ may be incorrect unless lightmap UVs are the same for all LODs.
[2020.03.16-21.22.46:854][416]LightingResults: Warning: InstancedFoliageActor_0 Instanced meshes don't yet support unique static lighting for each LOD. Lighting on LOD 1+ may be incorrect unless lightmap UVs are the same for all LODs.
[2020.03.16-21.22.46:854][416]LightingResults: Warning: InstancedFoliageActor_0 Instanced meshes don't yet support unique static lighting for each LOD. Lighting on LOD 1+ may be incorrect unless lightmap UVs are the same for all LODs.
[2020.03.16-21.22.46:854][416]LightingResults: Warning: InstancedFoliageActor_0 The total lightmap size for this InstancedStaticMeshComponent was too big and it was automatically reduced. Consider reducing the component's lightmap resolution or number of mesh instances in this component
[2020.03.16-21.22.46:854][416]LightingResults: Warning: InstancedFoliageActor_0 The total lightmap size for this InstancedStaticMeshComponent is large, consider reducing the component's lightmap resolution or number of mesh instances in this component
[2020.03.16-21.22.46:859][416]LightingResults: Warning: InstancedFoliageActor_0 The total lightmap size for this InstancedStaticMeshComponent is large, consider reducing the component's lightmap resolution or number of mesh instances in this component
[2020.03.16-21.22.46:859][416]LightingResults: Warning: InstancedFoliageActor_0 The total lightmap size for this InstancedStaticMeshComponent is large, consider reducing the component's lightmap resolution or number of mesh instances in this component
[2020.03.16-21.22.46:860][416]LightingResults: Warning: InstancedFoliageActor_0 The total lightmap size for this InstancedStaticMeshComponent is large, consider reducing the component's lightmap resolution or number of mesh instances in this component
[2020.03.16-21.22.46:861][416]LightingResults: Warning: InstancedFoliageActor_0 The total lightmap size for this InstancedStaticMeshComponent is large, consider reducing the component's lightmap resolution or number of mesh instances in this component
[2020.03.16-21.22.46:861][416]LightingResults: Warning: InstancedFoliageActor_0 The total lightmap size for this InstancedStaticMeshComponent is large, consider reducing the component's lightmap resolution or number of mesh instances in this component
[2020.03.16-21.22.46:862][416]LightingResults: Warning: InstancedFoliageActor_0 The total lightmap size for this InstancedStaticMeshComponent is large, consider reducing the component's lightmap resolution or number of mesh instances in this component
[2020.03.16-21.22.46:863][416]LightingResults: Warning: InstancedFoliageActor_0 The total lightmap size for this InstancedStaticMeshComponent is large, consider reducing the component's lightmap resolution or number of mesh instances in this component
[2020.03.16-21.22.46:863][416]LightingResults: Warning: InstancedFoliageActor_0 The total lightmap size for this InstancedStaticMeshComponent is large, consider reducing the component's lightmap resolution or number of mesh instances in this component
[2020.03.16-21.22.46:864][416]LightingResults: Warning: InstancedFoliageActor_0 The total lightmap size for this InstancedStaticMeshComponent is large, consider reducing the component's lightmap resolution or number of mesh instances in this component
[2020.03.16-21.22.46:865][416]LightingResults: Warning: InstancedFoliageActor_0 Instanced meshes don't yet support unique static lighting for each LOD. Lighting on LOD 1+ may be incorrect unless lightmap UVs are the same for all LODs.
[2020.03.16-21.22.46:865][416]LightingResults: Warning: InstancedFoliageActor_0 Instanced meshes don't yet support unique static lighting for each LOD. Lighting on LOD 1+ may be incorrect unless lightmap UVs are the same for all LODs.
[2020.03.16-21.22.46:865][416]LightingResults: Warning: InstancedFoliageActor_0 Instanced meshes don't yet support unique static lighting for each LOD. Lighting on LOD 1+ may be incorrect unless lightmap UVs are the same for all LODs.
[2020.03.16-21.22.46:865][416]LightingResults: Warning: InstancedFoliageActor_0 Instanced meshes don't yet support unique static lighting for each LOD. Lighting on LOD 1+ may be incorrect unless lightmap UVs are the same for all LODs.
[2020.03.16-21.22.47:137][416]LogSwarmInterface: [OpenConnection] Registering TCP channel ...
[2020.03.16-21.22.47:209][416]LogSwarmInterface: [OpenConnection] Connecting to agent ...
[2020.03.16-21.22.47:222][416]LogSwarmInterface: [TryOpenConnection] Testing the Agent
